[ 2017-01-11T12:46:14+08:00 ] 127.0.0.1 /hj/
INFO: [ app_init ] --START--
INFO: Run Behavior\BuildLiteBehavior [ RunTime:0.000000s ]
INFO: [ app_init ] --END-- [ RunTime:0.016001s ]
INFO: [ app_begin ] --START--
INFO: Run Behavior\ReadHtmlCacheBehavior [ RunTime:0.018001s ]
INFO: [ app_begin ] --END-- [ RunTime:0.019001s ]
SQL: SHOW COLUMNS FROM `article` [ RunTime:0.1230s ]
SQL: SELECT `aid`,`title`,`click`,`sendtime`,`update_time`,`thumb`,`digest`,`author`,`user_id`,`category_cid`,`is_recycle` FROM `article` INNER JOIN article_data ON article.aid = article_data.article_aid  WHERE `is_recycle` = 1 ORDER BY sendtime desc LIMIT 0,5   [ RunTime:0.0450s ]
SQL: SELECT COUNT(*) AS tp_count FROM `article` WHERE ( is_recycle=1 ) LIMIT 1   [ RunTime:0.0040s ]
SQL: SHOW COLUMNS FROM `article_tag` [ RunTime:0.0280s ]
SQL: SELECT `tag_tid` FROM `article_tag` WHERE `article_aid` = 23 LIMIT 1   [ RunTime:0.0010s ]
SQL: SHOW COLUMNS FROM `tag` [ RunTime:0.0300s ]
SQL: SELECT `tname` FROM `tag` WHERE `tid` = 3 LIMIT 1   [ RunTime:0.0010s ]
SQL: SELECT `tag_tid` FROM `article_tag` WHERE `article_aid` = 22 LIMIT 1   [ RunTime:0.0000s ]
SQL: SELECT `tname` FROM `tag` WHERE `tid` = 2 LIMIT 1   [ RunTime:0.0000s ]
SQL: SELECT `tag_tid` FROM `article_tag` WHERE `article_aid` = 21 LIMIT 1   [ RunTime:0.0000s ]
SQL: SELECT `tname` FROM `tag` WHERE `tid` = 6 LIMIT 1   [ RunTime:0.0000s ]
SQL: SELECT `tag_tid` FROM `article_tag` WHERE `article_aid` = 20 LIMIT 1   [ RunTime:0.0010s ]
SQL: SELECT `tname` FROM `tag` WHERE `tid` = 5 LIMIT 1   [ RunTime:0.0010s ]
SQL: SELECT `tag_tid` FROM `article_tag` WHERE `article_aid` = 19 LIMIT 1   [ RunTime:0.0010s ]
SQL: SELECT `tname` FROM `tag` WHERE `tid` = 1 LIMIT 1   [ RunTime:0.0000s ]
SQL: SHOW COLUMNS FROM `category` [ RunTime:0.0530s ]
SQL: SELECT `cid`,`cname` FROM `category` ORDER BY csort desc  [ RunTime:0.0010s ]
SQL: SELECT * FROM `tag`  [ RunTime:0.0010s ]
SQL: SELECT * FROM `article` WHERE `is_recycle` = 1 ORDER BY click desc LIMIT 5   [ RunTime:0.0010s ]
INFO: [ view_parse ] --START--
INFO: [ template_filter ] --START--
INFO: Run Behavior\ContentReplaceBehavior [ RunTime:0.029001s ]
INFO: [ template_filter ] --END-- [ RunTime:0.030001s ]
INFO: Run Behavior\ParseTemplateBehavior [ RunTime:0.306018s ]
INFO: [ view_parse ] --END-- [ RunTime:0.306018s ]
INFO: [ view_filter ] --START--
INFO: Run Behavior\WriteHtmlCacheBehavior [ RunTime:0.003000s ]
INFO: [ view_filter ] --END-- [ RunTime:0.003000s ]
INFO: [ app_end ] --START--
INFO: Run Behavior\ShowPageTraceBehavior [ RunTime:0.032002s ]
INFO: [ app_end ] --END-- [ RunTime:0.033002s ]

[ 2017-01-11T12:46:26+08:00 ] 127.0.0.1 /hj/index.php/Home/Index/index/p/2.html
INFO: [ app_init ] --START--
INFO: Run Behavior\BuildLiteBehavior [ RunTime:0.000000s ]
INFO: [ app_init ] --END-- [ RunTime:0.002000s ]
INFO: [ app_begin ] --START--
INFO: Run Behavior\ReadHtmlCacheBehavior [ RunTime:0.005000s ]
INFO: [ app_begin ] --END-- [ RunTime:0.005000s ]
SQL: SHOW COLUMNS FROM `article` [ RunTime:0.0070s ]
SQL: SELECT `aid`,`title`,`click`,`sendtime`,`update_time`,`thumb`,`digest`,`author`,`user_id`,`category_cid`,`is_recycle` FROM `article` INNER JOIN article_data ON article.aid = article_data.article_aid  WHERE `is_recycle` = 1 ORDER BY sendtime desc LIMIT 5,5   [ RunTime:0.0020s ]
SQL: SELECT COUNT(*) AS tp_count FROM `article` WHERE ( is_recycle=1 ) LIMIT 1   [ RunTime:0.0000s ]
SQL: SHOW COLUMNS FROM `article_tag` [ RunTime:0.0080s ]
SQL: SELECT `tag_tid` FROM `article_tag` WHERE `article_aid` = 18 LIMIT 1   [ RunTime:0.0010s ]
SQL: SHOW COLUMNS FROM `tag` [ RunTime:0.0060s ]
SQL: SELECT `tname` FROM `tag` WHERE `tid` = 13 LIMIT 1   [ RunTime:0.0010s ]
SQL: SELECT `tag_tid` FROM `article_tag` WHERE `article_aid` = 17 LIMIT 1   [ RunTime:0.0010s ]
SQL: SELECT `tname` FROM `tag` WHERE `tid` = 4 LIMIT 1   [ RunTime:0.0010s ]
SQL: SELECT `tag_tid` FROM `article_tag` WHERE `article_aid` = 16 LIMIT 1   [ RunTime:0.0010s ]
SQL: SELECT `tname` FROM `tag` WHERE `tid` = 3 LIMIT 1   [ RunTime:0.0010s ]
SQL: SELECT `tag_tid` FROM `article_tag` WHERE `article_aid` = 15 LIMIT 1   [ RunTime:0.0000s ]
SQL: SELECT `tname` FROM `tag` WHERE `tid` = 9 LIMIT 1   [ RunTime:0.0000s ]
SQL: SELECT `tag_tid` FROM `article_tag` WHERE `article_aid` = 14 LIMIT 1   [ RunTime:0.0010s ]
SQL: SELECT `tname` FROM `tag` WHERE `tid` = 3 LIMIT 1   [ RunTime:0.0010s ]
SQL: SHOW COLUMNS FROM `category` [ RunTime:0.0070s ]
SQL: SELECT `cid`,`cname` FROM `category` ORDER BY csort desc  [ RunTime:0.0010s ]
SQL: SELECT * FROM `tag`  [ RunTime:0.0010s ]
SQL: SELECT * FROM `article` WHERE `is_recycle` = 1 ORDER BY click desc LIMIT 5   [ RunTime:0.0010s ]
INFO: [ view_parse ] --START--
INFO: [ template_filter ] --START--
INFO: Run Behavior\ContentReplaceBehavior [ RunTime:0.064003s ]
INFO: [ template_filter ] --END-- [ RunTime:0.064003s ]
INFO: Run Behavior\ParseTemplateBehavior [ RunTime:0.155009s ]
INFO: [ view_parse ] --END-- [ RunTime:0.156009s ]
INFO: [ view_filter ] --START--
INFO: Run Behavior\WriteHtmlCacheBehavior [ RunTime:0.001000s ]
INFO: [ view_filter ] --END-- [ RunTime:0.002000s ]
INFO: [ app_end ] --START--
INFO: Run Behavior\ShowPageTraceBehavior [ RunTime:0.003000s ]
INFO: [ app_end ] --END-- [ RunTime:0.012001s ]

[ 2017-01-11T12:46:36+08:00 ] 127.0.0.1 /hj/index.php/Home/Index/index/p/3.html
INFO: [ app_init ] --START--
INFO: Run Behavior\BuildLiteBehavior [ RunTime:0.000000s ]
INFO: [ app_init ] --END-- [ RunTime:0.002000s ]
INFO: [ app_begin ] --START--
INFO: Run Behavior\ReadHtmlCacheBehavior [ RunTime:0.002000s ]
INFO: [ app_begin ] --END-- [ RunTime:0.002000s ]
SQL: SHOW COLUMNS FROM `article` [ RunTime:0.0080s ]
SQL: SELECT `aid`,`title`,`click`,`sendtime`,`update_time`,`thumb`,`digest`,`author`,`user_id`,`category_cid`,`is_recycle` FROM `article` INNER JOIN article_data ON article.aid = article_data.article_aid  WHERE `is_recycle` = 1 ORDER BY sendtime desc LIMIT 10,5   [ RunTime:0.0030s ]
SQL: SELECT COUNT(*) AS tp_count FROM `article` WHERE ( is_recycle=1 ) LIMIT 1   [ RunTime:0.0010s ]
SQL: SHOW COLUMNS FROM `article_tag` [ RunTime:0.0070s ]
SQL: SELECT `tag_tid` FROM `article_tag` WHERE `article_aid` = 13 LIMIT 1   [ RunTime:0.0010s ]
SQL: SHOW COLUMNS FROM `tag` [ RunTime:0.0070s ]
SQL: SELECT `tname` FROM `tag` WHERE `tid` = 10 LIMIT 1   [ RunTime:0.0010s ]
SQL: SELECT `tag_tid` FROM `article_tag` WHERE `article_aid` = 12 LIMIT 1   [ RunTime:0.0010s ]
SQL: SELECT `tname` FROM `tag` WHERE `tid` = 3 LIMIT 1   [ RunTime:0.0010s ]
SQL: SELECT `tag_tid` FROM `article_tag` WHERE `article_aid` = 9 LIMIT 1   [ RunTime:0.0000s ]
SQL: SELECT `tname` FROM `tag` WHERE `tid` = 12 LIMIT 1   [ RunTime:0.0010s ]
SQL: SELECT `tag_tid` FROM `article_tag` WHERE `article_aid` = 8 LIMIT 1   [ RunTime:0.0010s ]
SQL: SELECT `tname` FROM `tag` WHERE `tid` = 5 LIMIT 1   [ RunTime:0.0020s ]
SQL: SHOW COLUMNS FROM `category` [ RunTime:0.0080s ]
SQL: SELECT `cid`,`cname` FROM `category` ORDER BY csort desc  [ RunTime:0.0010s ]
SQL: SELECT * FROM `tag`  [ RunTime:0.0010s ]
SQL: SELECT * FROM `article` WHERE `is_recycle` = 1 ORDER BY click desc LIMIT 5   [ RunTime:0.0010s ]
INFO: [ view_parse ] --START--
INFO: [ template_filter ] --START--
INFO: Run Behavior\ContentReplaceBehavior [ RunTime:0.001000s ]
INFO: [ template_filter ] --END-- [ RunTime:0.001000s ]
INFO: Run Behavior\ParseTemplateBehavior [ RunTime:0.093005s ]
INFO: [ view_parse ] --END-- [ RunTime:0.093005s ]
INFO: [ view_filter ] --START--
INFO: Run Behavior\WriteHtmlCacheBehavior [ RunTime:0.001000s ]
INFO: [ view_filter ] --END-- [ RunTime:0.002001s ]
INFO: [ app_end ] --START--
INFO: Run Behavior\ShowPageTraceBehavior [ RunTime:0.002000s ]
INFO: [ app_end ] --END-- [ RunTime:0.003000s ]

[ 2017-01-11T12:46:41+08:00 ] 127.0.0.1 /hj/index.php/Home/Index/index/p/1.html
INFO: [ app_init ] --START--
INFO: Run Behavior\BuildLiteBehavior [ RunTime:0.000000s ]
INFO: [ app_init ] --END-- [ RunTime:0.003000s ]
INFO: [ app_begin ] --START--
INFO: Run Behavior\ReadHtmlCacheBehavior [ RunTime:0.003000s ]
INFO: [ app_begin ] --END-- [ RunTime:0.004000s ]
SQL: SHOW COLUMNS FROM `article` [ RunTime:0.0090s ]
SQL: SELECT `aid`,`title`,`click`,`sendtime`,`update_time`,`thumb`,`digest`,`author`,`user_id`,`category_cid`,`is_recycle` FROM `article` INNER JOIN article_data ON article.aid = article_data.article_aid  WHERE `is_recycle` = 1 ORDER BY sendtime desc LIMIT 0,5   [ RunTime:0.0020s ]
SQL: SELECT COUNT(*) AS tp_count FROM `article` WHERE ( is_recycle=1 ) LIMIT 1   [ RunTime:0.0000s ]
SQL: SHOW COLUMNS FROM `article_tag` [ RunTime:0.0090s ]
SQL: SELECT `tag_tid` FROM `article_tag` WHERE `article_aid` = 23 LIMIT 1   [ RunTime:0.0010s ]
SQL: SHOW COLUMNS FROM `tag` [ RunTime:0.0080s ]
SQL: SELECT `tname` FROM `tag` WHERE `tid` = 3 LIMIT 1   [ RunTime:0.0010s ]
SQL: SELECT `tag_tid` FROM `article_tag` WHERE `article_aid` = 22 LIMIT 1   [ RunTime:0.0010s ]
SQL: SELECT `tname` FROM `tag` WHERE `tid` = 2 LIMIT 1   [ RunTime:0.0010s ]
SQL: SELECT `tag_tid` FROM `article_tag` WHERE `article_aid` = 21 LIMIT 1   [ RunTime:0.0010s ]
SQL: SELECT `tname` FROM `tag` WHERE `tid` = 6 LIMIT 1   [ RunTime:0.0000s ]
SQL: SELECT `tag_tid` FROM `article_tag` WHERE `article_aid` = 20 LIMIT 1   [ RunTime:0.0000s ]
SQL: SELECT `tname` FROM `tag` WHERE `tid` = 5 LIMIT 1   [ RunTime:0.0010s ]
SQL: SELECT `tag_tid` FROM `article_tag` WHERE `article_aid` = 19 LIMIT 1   [ RunTime:0.0010s ]
SQL: SELECT `tname` FROM `tag` WHERE `tid` = 1 LIMIT 1   [ RunTime:0.0000s ]
SQL: SHOW COLUMNS FROM `category` [ RunTime:0.0090s ]
SQL: SELECT `cid`,`cname` FROM `category` ORDER BY csort desc  [ RunTime:0.0010s ]
SQL: SELECT * FROM `tag`  [ RunTime:0.0010s ]
SQL: SELECT * FROM `article` WHERE `is_recycle` = 1 ORDER BY click desc LIMIT 5   [ RunTime:0.0010s ]
INFO: [ view_parse ] --START--
INFO: [ template_filter ] --START--
INFO: Run Behavior\ContentReplaceBehavior [ RunTime:0.000000s ]
INFO: [ template_filter ] --END-- [ RunTime:0.001000s ]
INFO: Run Behavior\ParseTemplateBehavior [ RunTime:0.106006s ]
INFO: [ view_parse ] --END-- [ RunTime:0.107006s ]
INFO: [ view_filter ] --START--
INFO: Run Behavior\WriteHtmlCacheBehavior [ RunTime:0.001000s ]
INFO: [ view_filter ] --END-- [ RunTime:0.003001s ]
INFO: [ app_end ] --START--
INFO: Run Behavior\ShowPageTraceBehavior [ RunTime:0.002000s ]
INFO: [ app_end ] --END-- [ RunTime:0.003000s ]

[ 2017-01-11T12:46:48+08:00 ] 127.0.0.1 /hj/index.php/Home/Index/index.html
INFO: [ app_init ] --START--
INFO: Run Behavior\BuildLiteBehavior [ RunTime:0.000000s ]
INFO: [ app_init ] --END-- [ RunTime:0.002000s ]
INFO: [ app_begin ] --START--
INFO: Run Behavior\ReadHtmlCacheBehavior [ RunTime:0.003001s ]
INFO: [ app_begin ] --END-- [ RunTime:0.003001s ]
SQL: SHOW COLUMNS FROM `article` [ RunTime:0.0090s ]
SQL: SELECT `aid`,`title`,`click`,`sendtime`,`update_time`,`thumb`,`digest`,`author`,`user_id`,`category_cid`,`is_recycle` FROM `article` INNER JOIN article_data ON article.aid = article_data.article_aid  WHERE `is_recycle` = 1 ORDER BY sendtime desc LIMIT 0,5   [ RunTime:0.0020s ]
SQL: SELECT COUNT(*) AS tp_count FROM `article` WHERE ( is_recycle=1 ) LIMIT 1   [ RunTime:0.0010s ]
SQL: SHOW COLUMNS FROM `article_tag` [ RunTime:0.0080s ]
SQL: SELECT `tag_tid` FROM `article_tag` WHERE `article_aid` = 23 LIMIT 1   [ RunTime:0.0010s ]
SQL: SHOW COLUMNS FROM `tag` [ RunTime:0.0080s ]
SQL: SELECT `tname` FROM `tag` WHERE `tid` = 3 LIMIT 1   [ RunTime:0.0000s ]
SQL: SELECT `tag_tid` FROM `article_tag` WHERE `article_aid` = 22 LIMIT 1   [ RunTime:0.0010s ]
SQL: SELECT `tname` FROM `tag` WHERE `tid` = 2 LIMIT 1   [ RunTime:0.0010s ]
SQL: SELECT `tag_tid` FROM `article_tag` WHERE `article_aid` = 21 LIMIT 1   [ RunTime:0.0000s ]
SQL: SELECT `tname` FROM `tag` WHERE `tid` = 6 LIMIT 1   [ RunTime:0.0010s ]
SQL: SELECT `tag_tid` FROM `article_tag` WHERE `article_aid` = 20 LIMIT 1   [ RunTime:0.0030s ]
SQL: SELECT `tname` FROM `tag` WHERE `tid` = 5 LIMIT 1   [ RunTime:0.0010s ]
SQL: SELECT `tag_tid` FROM `article_tag` WHERE `article_aid` = 19 LIMIT 1   [ RunTime:0.0000s ]
SQL: SELECT `tname` FROM `tag` WHERE `tid` = 1 LIMIT 1   [ RunTime:0.0000s ]
SQL: SHOW COLUMNS FROM `category` [ RunTime:0.0090s ]
SQL: SELECT `cid`,`cname` FROM `category` ORDER BY csort desc  [ RunTime:0.0010s ]
SQL: SELECT * FROM `tag`  [ RunTime:0.0020s ]
SQL: SELECT * FROM `article` WHERE `is_recycle` = 1 ORDER BY click desc LIMIT 5   [ RunTime:0.0020s ]
INFO: [ view_parse ] --START--
INFO: [ template_filter ] --START--
INFO: Run Behavior\ContentReplaceBehavior [ RunTime:0.001000s ]
INFO: [ template_filter ] --END-- [ RunTime:0.001000s ]
INFO: Run Behavior\ParseTemplateBehavior [ RunTime:0.164009s ]
INFO: [ view_parse ] --END-- [ RunTime:0.164009s ]
INFO: [ view_filter ] --START--
INFO: Run Behavior\WriteHtmlCacheBehavior [ RunTime:0.002000s ]
INFO: [ view_filter ] --END-- [ RunTime:0.002000s ]
INFO: [ app_end ] --START--
INFO: Run Behavior\ShowPageTraceBehavior [ RunTime:0.006001s ]
INFO: [ app_end ] --END-- [ RunTime:0.006001s ]

[ 2017-01-11T12:46:56+08:00 ] 127.0.0.1 /hj/index.php/Home/Content/show/aid/22.html
INFO: [ app_init ] --START--
INFO: Run Behavior\BuildLiteBehavior [ RunTime:0.000000s ]
INFO: [ app_init ] --END-- [ RunTime:0.001000s ]
INFO: [ app_begin ] --START--
INFO: Run Behavior\ReadHtmlCacheBehavior [ RunTime:0.002000s ]
INFO: [ app_begin ] --END-- [ RunTime:0.003001s ]
NOTIC: [2048] Declaration of Home\Controller\ContentController::show() should be compatible with Think\Controller::show($content, $charset = '', $contentType = '', $prefix = '') D:\wamp\www\hj\Application\Home\Controller\ContentController.class.php 第 135 行.
SQL: SHOW COLUMNS FROM `article` [ RunTime:0.0080s ]
SQL: UPDATE `article` SET `click`=click+1 WHERE `aid` = 22 [ RunTime:0.0420s ]
SQL: SELECT * FROM `article` INNER JOIN article_data ON article.aid = article_data.article_aid  WHERE `aid` = 22 LIMIT 1   [ RunTime:0.0590s ]
SQL: SHOW COLUMNS FROM `article_tag` [ RunTime:0.0080s ]
SQL: SELECT `tag_tid` FROM `article_tag` WHERE `article_aid` = 22 LIMIT 1   [ RunTime:0.0010s ]
SQL: SHOW COLUMNS FROM `tag` [ RunTime:0.0090s ]
SQL: SELECT `tname` FROM `tag` WHERE `tid` = 2 LIMIT 1   [ RunTime:0.0010s ]
SQL: SHOW COLUMNS FROM `category` [ RunTime:0.0080s ]
SQL: SELECT `cid`,`cname` FROM `category` WHERE `cid` = 3 LIMIT 1   [ RunTime:0.0010s ]
SQL: SELECT `aid`,`title` FROM `article` WHERE `aid` = 23  [ RunTime:0.0010s ]
SQL: SELECT `aid`,`title` FROM `article` WHERE `aid` = 21  [ RunTime:0.0000s ]
SQL: SHOW COLUMNS FROM `like_num` [ RunTime:0.0250s ]
SQL: SELECT SUM(num) AS tp_sum FROM `like_num` WHERE `article_aid` = 22 LIMIT 1   [ RunTime:0.0100s ]
SQL: SHOW COLUMNS FROM `comment` [ RunTime:0.0400s ]
SQL: SELECT * FROM `comment` WHERE `article_aid` = 22 ORDER BY addtime desc LIMIT 0,5   [ RunTime:0.0010s ]
SQL: SELECT COUNT(*) AS tp_count FROM `comment` WHERE `article_aid` = 22 ORDER BY addtime desc LIMIT 1   [ RunTime:0.0000s ]
SQL: SELECT `cid`,`cname` FROM `category` ORDER BY csort desc  [ RunTime:0.0000s ]
SQL: SELECT * FROM `tag`  [ RunTime:0.0010s ]
SQL: SELECT * FROM `article` WHERE `is_recycle` = 1 ORDER BY click desc LIMIT 5   [ RunTime:0.0010s ]
SQL: SELECT COUNT(*) AS tp_count FROM `comment` WHERE `article_aid` = 22 LIMIT 1   [ RunTime:0.0010s ]
INFO: [ view_parse ] --START--
INFO: [ template_filter ] --START--
INFO: Run Behavior\ContentReplaceBehavior [ RunTime:0.001000s ]
INFO: [ template_filter ] --END-- [ RunTime:0.001000s ]
INFO: Run Behavior\ParseTemplateBehavior [ RunTime:0.130008s ]
INFO: [ view_parse ] --END-- [ RunTime:0.130008s ]
INFO: [ view_filter ] --START--
INFO: Run Behavior\WriteHtmlCacheBehavior [ RunTime:0.001000s ]
INFO: [ view_filter ] --END-- [ RunTime:0.002000s ]
INFO: [ app_end ] --START--
INFO: Run Behavior\ShowPageTraceBehavior [ RunTime:0.002000s ]
INFO: [ app_end ] --END-- [ RunTime:0.003000s ]

[ 2017-01-11T12:46:59+08:00 ] 127.0.0.1 /hj/index.php/Home/Content/zan_click.html?aid=22
INFO: [ app_init ] --START--
INFO: Run Behavior\BuildLiteBehavior [ RunTime:0.000000s ]
INFO: [ app_init ] --END-- [ RunTime:0.002000s ]
INFO: [ app_begin ] --START--
INFO: Run Behavior\ReadHtmlCacheBehavior [ RunTime:0.002000s ]
INFO: [ app_begin ] --END-- [ RunTime:0.002000s ]
NOTIC: [2048] Declaration of Home\Controller\ContentController::show() should be compatible with Think\Controller::show($content, $charset = '', $contentType = '', $prefix = '') D:\wamp\www\hj\Application\Home\Controller\ContentController.class.php 第 135 行.
SQL: SHOW COLUMNS FROM `like_num` [ RunTime:0.0090s ]
SQL: SELECT `time`,`ip_address`,`num` FROM `like_num` WHERE `article_aid` = 22 AND `ip_address` = '127.0.0.1' LIMIT 1   [ RunTime:0.0120s ]

[ 2017-01-11T12:47:01+08:00 ] 127.0.0.1 /hj/index.php/Home/Content/comment_click.html
INFO: [ app_init ] --START--
INFO: Run Behavior\BuildLiteBehavior [ RunTime:0.000000s ]
INFO: [ app_init ] --END-- [ RunTime:0.002000s ]
INFO: [ app_begin ] --START--
INFO: Run Behavior\ReadHtmlCacheBehavior [ RunTime:0.002000s ]
INFO: [ app_begin ] --END-- [ RunTime:0.002000s ]
NOTIC: [2048] Declaration of Home\Controller\ContentController::show() should be compatible with Think\Controller::show($content, $charset = '', $contentType = '', $prefix = '') D:\wamp\www\hj\Application\Home\Controller\ContentController.class.php 第 135 行.
NOTIC: [8] Undefined index: uid D:\wamp\www\hj\Application\Home\Controller\ContentController.class.php 第 97 行.

[ 2017-01-11T12:47:03+08:00 ] 127.0.0.1 /hj/index.php/Home/User/login.html
INFO: [ app_init ] --START--
INFO: Run Behavior\BuildLiteBehavior [ RunTime:0.000000s ]
INFO: [ app_init ] --END-- [ RunTime:0.001000s ]
INFO: [ app_begin ] --START--
INFO: Run Behavior\ReadHtmlCacheBehavior [ RunTime:0.004000s ]
INFO: [ app_begin ] --END-- [ RunTime:0.004000s ]
INFO: [ view_parse ] --START--
INFO: [ template_filter ] --START--
INFO: Run Behavior\ContentReplaceBehavior [ RunTime:0.001000s ]
INFO: [ template_filter ] --END-- [ RunTime:0.001000s ]
INFO: Run Behavior\ParseTemplateBehavior [ RunTime:0.032002s ]
INFO: [ view_parse ] --END-- [ RunTime:0.032002s ]
INFO: [ view_filter ] --START--
INFO: Run Behavior\WriteHtmlCacheBehavior [ RunTime:0.002000s ]
INFO: [ view_filter ] --END-- [ RunTime:0.003000s ]
INFO: [ app_end ] --START--
INFO: Run Behavior\ShowPageTraceBehavior [ RunTime:0.002000s ]
INFO: [ app_end ] --END-- [ RunTime:0.002000s ]

[ 2017-01-11T12:47:11+08:00 ] 127.0.0.1 /hj/index.php/Home/User/login.html
INFO: [ app_init ] --START--
INFO: Run Behavior\BuildLiteBehavior [ RunTime:0.000000s ]
INFO: [ app_init ] --END-- [ RunTime:0.001000s ]
INFO: [ app_begin ] --START--
INFO: Run Behavior\ReadHtmlCacheBehavior [ RunTime:0.001000s ]
INFO: [ app_begin ] --END-- [ RunTime:0.002000s ]
SQL: SHOW COLUMNS FROM `guest` [ RunTime:0.0340s ]
SQL: SELECT COUNT(*) AS tp_count FROM `guest` WHERE `name` = 'hj' LIMIT 1   [ RunTime:0.0010s ]
SQL: SELECT COUNT(*) AS tp_count FROM `guest` WHERE `name` = 'hj' AND `password` = '5e15efc6bb4299bc9840a6a43f5346ce' LIMIT 1   [ RunTime:0.0000s ]
SQL: SELECT `id` FROM `guest` WHERE `name` = 'hj' AND `password` = '5e15efc6bb4299bc9840a6a43f5346ce' LIMIT 1   [ RunTime:0.0010s ]
INFO: [ view_parse ] --START--
INFO: [ template_filter ] --START--
INFO: Run Behavior\ContentReplaceBehavior [ RunTime:0.000000s ]
INFO: [ template_filter ] --END-- [ RunTime:0.001000s ]
INFO: Run Behavior\ParseTemplateBehavior [ RunTime:0.032002s ]
INFO: [ view_parse ] --END-- [ RunTime:0.032002s ]
INFO: [ view_filter ] --START--
INFO: Run Behavior\WriteHtmlCacheBehavior [ RunTime:0.001000s ]
INFO: [ view_filter ] --END-- [ RunTime:0.002000s ]
INFO: [ app_end ] --START--
INFO: Run Behavior\ShowPageTraceBehavior [ RunTime:0.001000s ]
INFO: [ app_end ] --END-- [ RunTime:0.003000s ]

[ 2017-01-11T12:47:12+08:00 ] 127.0.0.1 /hj/index.php/Home/Index/index.html
INFO: [ app_init ] --START--
INFO: Run Behavior\BuildLiteBehavior [ RunTime:0.000000s ]
INFO: [ app_init ] --END-- [ RunTime:0.001000s ]
INFO: [ app_begin ] --START--
INFO: Run Behavior\ReadHtmlCacheBehavior [ RunTime:0.002000s ]
INFO: [ app_begin ] --END-- [ RunTime:0.002000s ]
SQL: SHOW COLUMNS FROM `article` [ RunTime:0.0080s ]
SQL: SELECT `aid`,`title`,`click`,`sendtime`,`update_time`,`thumb`,`digest`,`author`,`user_id`,`category_cid`,`is_recycle` FROM `article` INNER JOIN article_data ON article.aid = article_data.article_aid  WHERE `is_recycle` = 1 ORDER BY sendtime desc LIMIT 0,5   [ RunTime:0.0020s ]
SQL: SELECT COUNT(*) AS tp_count FROM `article` WHERE ( is_recycle=1 ) LIMIT 1   [ RunTime:0.0020s ]
SQL: SHOW COLUMNS FROM `article_tag` [ RunTime:0.0080s ]
SQL: SELECT `tag_tid` FROM `article_tag` WHERE `article_aid` = 23 LIMIT 1   [ RunTime:0.0000s ]
SQL: SHOW COLUMNS FROM `tag` [ RunTime:0.0090s ]
SQL: SELECT `tname` FROM `tag` WHERE `tid` = 3 LIMIT 1   [ RunTime:0.0010s ]
SQL: SELECT `tag_tid` FROM `article_tag` WHERE `article_aid` = 22 LIMIT 1   [ RunTime:0.0010s ]
SQL: SELECT `tname` FROM `tag` WHERE `tid` = 2 LIMIT 1   [ RunTime:0.0010s ]
SQL: SELECT `tag_tid` FROM `article_tag` WHERE `article_aid` = 21 LIMIT 1   [ RunTime:0.0000s ]
SQL: SELECT `tname` FROM `tag` WHERE `tid` = 6 LIMIT 1   [ RunTime:0.0010s ]
SQL: SELECT `tag_tid` FROM `article_tag` WHERE `article_aid` = 20 LIMIT 1   [ RunTime:0.0010s ]
SQL: SELECT `tname` FROM `tag` WHERE `tid` = 5 LIMIT 1   [ RunTime:0.0010s ]
SQL: SELECT `tag_tid` FROM `article_tag` WHERE `article_aid` = 19 LIMIT 1   [ RunTime:0.0010s ]
SQL: SELECT `tname` FROM `tag` WHERE `tid` = 1 LIMIT 1   [ RunTime:0.0010s ]
SQL: SHOW COLUMNS FROM `category` [ RunTime:0.0080s ]
SQL: SELECT `cid`,`cname` FROM `category` ORDER BY csort desc  [ RunTime:0.0010s ]
SQL: SELECT * FROM `tag`  [ RunTime:0.0010s ]
SQL: SELECT * FROM `article` WHERE `is_recycle` = 1 ORDER BY click desc LIMIT 5   [ RunTime:0.0010s ]
INFO: [ view_parse ] --START--
INFO: [ template_filter ] --START--
INFO: Run Behavior\ContentReplaceBehavior [ RunTime:0.001000s ]
INFO: [ template_filter ] --END-- [ RunTime:0.001000s ]
INFO: Run Behavior\ParseTemplateBehavior [ RunTime:0.105006s ]
INFO: [ view_parse ] --END-- [ RunTime:0.106006s ]
INFO: [ view_filter ] --START--
INFO: Run Behavior\WriteHtmlCacheBehavior [ RunTime:0.002000s ]
INFO: [ view_filter ] --END-- [ RunTime:0.002000s ]
INFO: [ app_end ] --START--
INFO: Run Behavior\ShowPageTraceBehavior [ RunTime:0.003001s ]
INFO: [ app_end ] --END-- [ RunTime:0.004001s ]

[ 2017-01-11T12:47:18+08:00 ] 127.0.0.1 /hj/index.php/Home/Index/index/cid/1.html
INFO: [ app_init ] --START--
INFO: Run Behavior\BuildLiteBehavior [ RunTime:0.000000s ]
INFO: [ app_init ] --END-- [ RunTime:0.001000s ]
INFO: [ app_begin ] --START--
INFO: Run Behavior\ReadHtmlCacheBehavior [ RunTime:0.002000s ]
INFO: [ app_begin ] --END-- [ RunTime:0.002000s ]
SQL: SHOW COLUMNS FROM `article` [ RunTime:0.0090s ]
SQL: SELECT `aid`,`title`,`click`,`sendtime`,`update_time`,`thumb`,`digest`,`author`,`user_id`,`category_cid`,`is_recycle` FROM `article` INNER JOIN article_data ON article.aid = article_data.article_aid  WHERE `is_recycle` = 1 ORDER BY sendtime desc LIMIT 0,5   [ RunTime:0.0010s ]
SQL: SELECT COUNT(*) AS tp_count FROM `article` WHERE ( is_recycle=1 ) LIMIT 1   [ RunTime:0.0010s ]
SQL: SHOW COLUMNS FROM `article_tag` [ RunTime:0.0080s ]
SQL: SELECT `tag_tid` FROM `article_tag` WHERE `article_aid` = 23 LIMIT 1   [ RunTime:0.0020s ]
SQL: SHOW COLUMNS FROM `tag` [ RunTime:0.0080s ]
SQL: SELECT `tname` FROM `tag` WHERE `tid` = 3 LIMIT 1   [ RunTime:0.0010s ]
SQL: SELECT `tag_tid` FROM `article_tag` WHERE `article_aid` = 22 LIMIT 1   [ RunTime:0.0010s ]
SQL: SELECT `tname` FROM `tag` WHERE `tid` = 2 LIMIT 1   [ RunTime:0.0010s ]
SQL: SELECT `tag_tid` FROM `article_tag` WHERE `article_aid` = 21 LIMIT 1   [ RunTime:0.0000s ]
SQL: SELECT `tname` FROM `tag` WHERE `tid` = 6 LIMIT 1   [ RunTime:0.0000s ]
SQL: SELECT `tag_tid` FROM `article_tag` WHERE `article_aid` = 20 LIMIT 1   [ RunTime:0.0000s ]
SQL: SELECT `tname` FROM `tag` WHERE `tid` = 5 LIMIT 1   [ RunTime:0.0000s ]
SQL: SELECT `tag_tid` FROM `article_tag` WHERE `article_aid` = 19 LIMIT 1   [ RunTime:0.0010s ]
SQL: SELECT `tname` FROM `tag` WHERE `tid` = 1 LIMIT 1   [ RunTime:0.0030s ]
SQL: SELECT `aid`,`title`,`click`,`sendtime`,`update_time`,`thumb`,`digest`,`author`,`user_id`,`category_cid`,`is_recycle` FROM `article` INNER JOIN article_data ON article.aid = article_data.article_aid  WHERE `category_cid` = 1 AND `is_recycle` = 1 ORDER BY sendtime desc LIMIT 0,5   [ RunTime:0.0010s ]
SQL: SELECT COUNT(*) AS tp_count FROM `article` WHERE `is_recycle` = 1 AND `category_cid` = 1 LIMIT 1   [ RunTime:0.0010s ]
SQL: SELECT `tag_tid` FROM `article_tag` WHERE `article_aid` = 23 LIMIT 1   [ RunTime:0.0010s ]
SQL: SELECT `tname` FROM `tag` WHERE `tid` = 3 LIMIT 1   [ RunTime:0.0000s ]
SQL: SELECT `tag_tid` FROM `article_tag` WHERE `article_aid` = 16 LIMIT 1   [ RunTime:0.0000s ]
SQL: SELECT `tname` FROM `tag` WHERE `tid` = 3 LIMIT 1   [ RunTime:0.0010s ]
SQL: SELECT `tag_tid` FROM `article_tag` WHERE `article_aid` = 14 LIMIT 1   [ RunTime:0.0010s ]
SQL: SELECT `tname` FROM `tag` WHERE `tid` = 3 LIMIT 1   [ RunTime:0.0010s ]
SQL: SELECT `tag_tid` FROM `article_tag` WHERE `article_aid` = 12 LIMIT 1   [ RunTime:0.0010s ]
SQL: SELECT `tname` FROM `tag` WHERE `tid` = 3 LIMIT 1   [ RunTime:0.0010s ]
SQL: SHOW COLUMNS FROM `category` [ RunTime:0.0090s ]
SQL: SELECT `cname` FROM `category` WHERE `cid` = 1 LIMIT 1   [ RunTime:0.0010s ]
SQL: SELECT `cid`,`cname` FROM `category` ORDER BY csort desc  [ RunTime:0.0020s ]
SQL: SELECT * FROM `tag`  [ RunTime:0.0010s ]
SQL: SELECT * FROM `article` WHERE `is_recycle` = 1 ORDER BY click desc LIMIT 5   [ RunTime:0.0010s ]
INFO: [ view_parse ] --START--
INFO: [ template_filter ] --START--
INFO: Run Behavior\ContentReplaceBehavior [ RunTime:0.000000s ]
INFO: [ template_filter ] --END-- [ RunTime:0.001000s ]
INFO: Run Behavior\ParseTemplateBehavior [ RunTime:0.165010s ]
INFO: [ view_parse ] --END-- [ RunTime:0.165010s ]
INFO: [ view_filter ] --START--
INFO: Run Behavior\WriteHtmlCacheBehavior [ RunTime:0.002000s ]
INFO: [ view_filter ] --END-- [ RunTime:0.002000s ]
INFO: [ app_end ] --START--
INFO: Run Behavior\ShowPageTraceBehavior [ RunTime:0.002000s ]
INFO: [ app_end ] --END-- [ RunTime:0.003000s ]

[ 2017-01-11T12:47:19+08:00 ] 127.0.0.1 /hj/index.php/Home/Index/index.html
INFO: [ app_init ] --START--
INFO: Run Behavior\BuildLiteBehavior [ RunTime:0.000000s ]
INFO: [ app_init ] --END-- [ RunTime:0.002000s ]
INFO: [ app_begin ] --START--
INFO: Run Behavior\ReadHtmlCacheBehavior [ RunTime:0.001000s ]
INFO: [ app_begin ] --END-- [ RunTime:0.002000s ]
SQL: SHOW COLUMNS FROM `article` [ RunTime:0.0090s ]
SQL: SELECT `aid`,`title`,`click`,`sendtime`,`update_time`,`thumb`,`digest`,`author`,`user_id`,`category_cid`,`is_recycle` FROM `article` INNER JOIN article_data ON article.aid = article_data.article_aid  WHERE `is_recycle` = 1 ORDER BY sendtime desc LIMIT 0,5   [ RunTime:0.0020s ]
SQL: SELECT COUNT(*) AS tp_count FROM `article` WHERE ( is_recycle=1 ) LIMIT 1   [ RunTime:0.0010s ]
SQL: SHOW COLUMNS FROM `article_tag` [ RunTime:0.0070s ]
SQL: SELECT `tag_tid` FROM `article_tag` WHERE `article_aid` = 23 LIMIT 1   [ RunTime:0.0010s ]
SQL: SHOW COLUMNS FROM `tag` [ RunTime:0.0070s ]
SQL: SELECT `tname` FROM `tag` WHERE `tid` = 3 LIMIT 1   [ RunTime:0.0010s ]
SQL: SELECT `tag_tid` FROM `article_tag` WHERE `article_aid` = 22 LIMIT 1   [ RunTime:0.0000s ]
SQL: SELECT `tname` FROM `tag` WHERE `tid` = 2 LIMIT 1   [ RunTime:0.0000s ]
SQL: SELECT `tag_tid` FROM `article_tag` WHERE `article_aid` = 21 LIMIT 1   [ RunTime:0.0010s ]
SQL: SELECT `tname` FROM `tag` WHERE `tid` = 6 LIMIT 1   [ RunTime:0.0010s ]
SQL: SELECT `tag_tid` FROM `article_tag` WHERE `article_aid` = 20 LIMIT 1   [ RunTime:0.0010s ]
SQL: SELECT `tname` FROM `tag` WHERE `tid` = 5 LIMIT 1   [ RunTime:0.0010s ]
SQL: SELECT `tag_tid` FROM `article_tag` WHERE `article_aid` = 19 LIMIT 1   [ RunTime:0.0010s ]
SQL: SELECT `tname` FROM `tag` WHERE `tid` = 1 LIMIT 1   [ RunTime:0.0000s ]
SQL: SHOW COLUMNS FROM `category` [ RunTime:0.0080s ]
SQL: SELECT `cid`,`cname` FROM `category` ORDER BY csort desc  [ RunTime:0.0010s ]
SQL: SELECT * FROM `tag`  [ RunTime:0.0010s ]
SQL: SELECT * FROM `article` WHERE `is_recycle` = 1 ORDER BY click desc LIMIT 5   [ RunTime:0.0010s ]
INFO: [ view_parse ] --START--
INFO: [ template_filter ] --START--
INFO: Run Behavior\ContentReplaceBehavior [ RunTime:0.001000s ]
INFO: [ template_filter ] --END-- [ RunTime:0.001000s ]
INFO: Run Behavior\ParseTemplateBehavior [ RunTime:0.099006s ]
INFO: [ view_parse ] --END-- [ RunTime:0.099006s ]
INFO: [ view_filter ] --START--
INFO: Run Behavior\WriteHtmlCacheBehavior [ RunTime:0.001000s ]
INFO: [ view_filter ] --END-- [ RunTime:0.002000s ]
INFO: [ app_end ] --START--
INFO: Run Behavior\ShowPageTraceBehavior [ RunTime:0.001000s ]
INFO: [ app_end ] --END-- [ RunTime:0.002000s ]

[ 2017-01-11T12:47:22+08:00 ] 127.0.0.1 /hj/index.php/Home/Content/show/aid/22.html
INFO: [ app_init ] --START--
INFO: Run Behavior\BuildLiteBehavior [ RunTime:0.001000s ]
INFO: [ app_init ] --END-- [ RunTime:0.002000s ]
INFO: [ app_begin ] --START--
INFO: Run Behavior\ReadHtmlCacheBehavior [ RunTime:0.001000s ]
INFO: [ app_begin ] --END-- [ RunTime:0.002000s ]
NOTIC: [2048] Declaration of Home\Controller\ContentController::show() should be compatible with Think\Controller::show($content, $charset = '', $contentType = '', $prefix = '') D:\wamp\www\hj\Application\Home\Controller\ContentController.class.php 第 135 行.
SQL: SHOW COLUMNS FROM `article` [ RunTime:0.0080s ]
SQL: UPDATE `article` SET `click`=click+1 WHERE `aid` = 22 [ RunTime:0.0330s ]
SQL: SELECT * FROM `article` INNER JOIN article_data ON article.aid = article_data.article_aid  WHERE `aid` = 22 LIMIT 1   [ RunTime:0.0010s ]
SQL: SHOW COLUMNS FROM `article_tag` [ RunTime:0.0070s ]
SQL: SELECT `tag_tid` FROM `article_tag` WHERE `article_aid` = 22 LIMIT 1   [ RunTime:0.0010s ]
SQL: SHOW COLUMNS FROM `tag` [ RunTime:0.0080s ]
SQL: SELECT `tname` FROM `tag` WHERE `tid` = 2 LIMIT 1   [ RunTime:0.0000s ]
SQL: SHOW COLUMNS FROM `category` [ RunTime:0.0080s ]
SQL: SELECT `cid`,`cname` FROM `category` WHERE `cid` = 3 LIMIT 1   [ RunTime:0.0000s ]
SQL: SELECT `aid`,`title` FROM `article` WHERE `aid` = 23  [ RunTime:0.0010s ]
SQL: SELECT `aid`,`title` FROM `article` WHERE `aid` = 21  [ RunTime:0.0000s ]
SQL: SHOW COLUMNS FROM `like_num` [ RunTime:0.0080s ]
SQL: SELECT SUM(num) AS tp_sum FROM `like_num` WHERE `article_aid` = 22 LIMIT 1   [ RunTime:0.0000s ]
SQL: SHOW COLUMNS FROM `comment` [ RunTime:0.0080s ]
SQL: SELECT * FROM `comment` WHERE `article_aid` = 22 ORDER BY addtime desc LIMIT 0,5   [ RunTime:0.0000s ]
SQL: SELECT COUNT(*) AS tp_count FROM `comment` WHERE `article_aid` = 22 ORDER BY addtime desc LIMIT 1   [ RunTime:0.0000s ]
SQL: SELECT `cid`,`cname` FROM `category` ORDER BY csort desc  [ RunTime:0.0010s ]
SQL: SELECT * FROM `tag`  [ RunTime:0.0010s ]
SQL: SELECT * FROM `article` WHERE `is_recycle` = 1 ORDER BY click desc LIMIT 5   [ RunTime:0.0010s ]
SQL: SELECT COUNT(*) AS tp_count FROM `comment` WHERE `article_aid` = 22 LIMIT 1   [ RunTime:0.0010s ]
INFO: [ view_parse ] --START--
INFO: [ template_filter ] --START--
INFO: Run Behavior\ContentReplaceBehavior [ RunTime:0.001000s ]
INFO: [ template_filter ] --END-- [ RunTime:0.001000s ]
INFO: Run Behavior\ParseTemplateBehavior [ RunTime:0.101005s ]
INFO: [ view_parse ] --END-- [ RunTime:0.101005s ]
INFO: [ view_filter ] --START--
INFO: Run Behavior\WriteHtmlCacheBehavior [ RunTime:0.002000s ]
INFO: [ view_filter ] --END-- [ RunTime:0.002000s ]
INFO: [ app_end ] --START--
INFO: Run Behavior\ShowPageTraceBehavior [ RunTime:0.002001s ]
INFO: [ app_end ] --END-- [ RunTime:0.003001s ]

[ 2017-01-11T12:47:26+08:00 ] 127.0.0.1 /hj/index.php/Home/Content/zan_click.html?aid=22
INFO: [ app_init ] --START--
INFO: Run Behavior\BuildLiteBehavior [ RunTime:0.000000s ]
INFO: [ app_init ] --END-- [ RunTime:0.001000s ]
INFO: [ app_begin ] --START--
INFO: Run Behavior\ReadHtmlCacheBehavior [ RunTime:0.001000s ]
INFO: [ app_begin ] --END-- [ RunTime:0.001000s ]
NOTIC: [2048] Declaration of Home\Controller\ContentController::show() should be compatible with Think\Controller::show($content, $charset = '', $contentType = '', $prefix = '') D:\wamp\www\hj\Application\Home\Controller\ContentController.class.php 第 135 行.
SQL: SHOW COLUMNS FROM `like_num` [ RunTime:0.0080s ]
SQL: SELECT `time`,`ip_address`,`num` FROM `like_num` WHERE `article_aid` = 22 AND `ip_address` = '127.0.0.1' LIMIT 1   [ RunTime:0.0010s ]

[ 2017-01-11T12:47:28+08:00 ] 127.0.0.1 /hj/index.php/Home/Content/comment_click.html
INFO: [ app_init ] --START--
INFO: Run Behavior\BuildLiteBehavior [ RunTime:0.000000s ]
INFO: [ app_init ] --END-- [ RunTime:0.002000s ]
INFO: [ app_begin ] --START--
INFO: Run Behavior\ReadHtmlCacheBehavior [ RunTime:0.002000s ]
INFO: [ app_begin ] --END-- [ RunTime:0.002000s ]
NOTIC: [2048] Declaration of Home\Controller\ContentController::show() should be compatible with Think\Controller::show($content, $charset = '', $contentType = '', $prefix = '') D:\wamp\www\hj\Application\Home\Controller\ContentController.class.php 第 135 行.

[ 2017-01-11T12:47:59+08:00 ] 127.0.0.1 /hj/index.php/Home/Content/comment_click.html
INFO: [ app_init ] --START--
INFO: Run Behavior\BuildLiteBehavior [ RunTime:0.000000s ]
INFO: [ app_init ] --END-- [ RunTime:0.001000s ]
INFO: [ app_begin ] --START--
INFO: Run Behavior\ReadHtmlCacheBehavior [ RunTime:0.002001s ]
INFO: [ app_begin ] --END-- [ RunTime:0.002001s ]
NOTIC: [2048] Declaration of Home\Controller\ContentController::show() should be compatible with Think\Controller::show($content, $charset = '', $contentType = '', $prefix = '') D:\wamp\www\hj\Application\Home\Controller\ContentController.class.php 第 135 行.

[ 2017-01-11T12:48:00+08:00 ] 127.0.0.1 /hj/index.php/Home/Content/comment_click.html
INFO: [ app_init ] --START--
INFO: Run Behavior\BuildLiteBehavior [ RunTime:0.000000s ]
INFO: [ app_init ] --END-- [ RunTime:0.002000s ]
INFO: [ app_begin ] --START--
INFO: Run Behavior\ReadHtmlCacheBehavior [ RunTime:0.002000s ]
INFO: [ app_begin ] --END-- [ RunTime:0.002000s ]
NOTIC: [2048] Declaration of Home\Controller\ContentController::show() should be compatible with Think\Controller::show($content, $charset = '', $contentType = '', $prefix = '') D:\wamp\www\hj\Application\Home\Controller\ContentController.class.php 第 135 行.

[ 2017-01-11T12:50:49+08:00 ] 127.0.0.1 /hj/index.php/Home/Content/show/aid/22.html
INFO: [ app_init ] --START--
INFO: Run Behavior\BuildLiteBehavior [ RunTime:0.000000s ]
INFO: [ app_init ] --END-- [ RunTime:0.002001s ]
INFO: [ app_begin ] --START--
INFO: Run Behavior\ReadHtmlCacheBehavior [ RunTime:0.002000s ]
INFO: [ app_begin ] --END-- [ RunTime:0.003000s ]
NOTIC: [2048] Declaration of Home\Controller\ContentController::show() should be compatible with Think\Controller::show($content, $charset = '', $contentType = '', $prefix = '') D:\wamp\www\hj\Application\Home\Controller\ContentController.class.php 第 135 行.
SQL: SHOW COLUMNS FROM `article` [ RunTime:0.0080s ]
SQL: UPDATE `article` SET `click`=click+1 WHERE `aid` = 22 [ RunTime:0.0350s ]
SQL: SELECT * FROM `article` INNER JOIN article_data ON article.aid = article_data.article_aid  WHERE `aid` = 22 LIMIT 1   [ RunTime:0.0010s ]
SQL: SHOW COLUMNS FROM `article_tag` [ RunTime:0.0090s ]
SQL: SELECT `tag_tid` FROM `article_tag` WHERE `article_aid` = 22 LIMIT 1   [ RunTime:0.0010s ]
SQL: SHOW COLUMNS FROM `tag` [ RunTime:0.0110s ]
SQL: SELECT `tname` FROM `tag` WHERE `tid` = 2 LIMIT 1   [ RunTime:0.0000s ]
SQL: SHOW COLUMNS FROM `category` [ RunTime:0.0090s ]
SQL: SELECT `cid`,`cname` FROM `category` WHERE `cid` = 3 LIMIT 1   [ RunTime:0.0010s ]
SQL: SELECT `aid`,`title` FROM `article` WHERE `aid` = 23  [ RunTime:0.0020s ]
SQL: SELECT `aid`,`title` FROM `article` WHERE `aid` = 21  [ RunTime:0.0010s ]
SQL: SHOW COLUMNS FROM `like_num` [ RunTime:0.0080s ]
SQL: SELECT SUM(num) AS tp_sum FROM `like_num` WHERE `article_aid` = 22 LIMIT 1   [ RunTime:0.0010s ]
SQL: SHOW COLUMNS FROM `comment` [ RunTime:0.0100s ]
SQL: SELECT * FROM `comment` WHERE `article_aid` = 22 ORDER BY addtime desc LIMIT 0,5   [ RunTime:0.0010s ]
SQL: SELECT COUNT(*) AS tp_count FROM `comment` WHERE `article_aid` = 22 ORDER BY addtime desc LIMIT 1   [ RunTime:0.0010s ]
SQL: SELECT `cid`,`cname` FROM `category` ORDER BY csort desc  [ RunTime:0.0000s ]
SQL: SELECT * FROM `tag`  [ RunTime:0.0000s ]
SQL: SELECT * FROM `article` WHERE `is_recycle` = 1 ORDER BY click desc LIMIT 5   [ RunTime:0.0010s ]
SQL: SELECT COUNT(*) AS tp_count FROM `comment` WHERE `article_aid` = 22 LIMIT 1   [ RunTime:0.0010s ]
INFO: [ view_parse ] --START--
INFO: [ template_filter ] --START--
INFO: Run Behavior\ContentReplaceBehavior [ RunTime:0.001000s ]
INFO: [ template_filter ] --END-- [ RunTime:0.001000s ]
INFO: Run Behavior\ParseTemplateBehavior [ RunTime:0.112006s ]
INFO: [ view_parse ] --END-- [ RunTime:0.112006s ]
INFO: [ view_filter ] --START--
INFO: Run Behavior\WriteHtmlCacheBehavior [ RunTime:0.001000s ]
INFO: [ view_filter ] --END-- [ RunTime:0.001000s ]
INFO: [ app_end ] --START--
INFO: Run Behavior\ShowPageTraceBehavior [ RunTime:0.003000s ]
INFO: [ app_end ] --END-- [ RunTime:0.003000s ]

[ 2017-01-11T12:50:52+08:00 ] 127.0.0.1 /hj/index.php/Home/Content/comment_click.html
INFO: [ app_init ] --START--
INFO: Run Behavior\BuildLiteBehavior [ RunTime:0.000000s ]
INFO: [ app_init ] --END-- [ RunTime:0.002000s ]
INFO: [ app_begin ] --START--
INFO: Run Behavior\ReadHtmlCacheBehavior [ RunTime:0.001000s ]
INFO: [ app_begin ] --END-- [ RunTime:0.001000s ]
NOTIC: [2048] Declaration of Home\Controller\ContentController::show() should be compatible with Think\Controller::show($content, $charset = '', $contentType = '', $prefix = '') D:\wamp\www\hj\Application\Home\Controller\ContentController.class.php 第 135 行.

[ 2017-01-11T12:50:55+08:00 ] 127.0.0.1 /hj/index.php/Home/Index/index/cid/4.html
INFO: [ app_init ] --START--
INFO: Run Behavior\BuildLiteBehavior [ RunTime:0.001000s ]
INFO: [ app_init ] --END-- [ RunTime:0.004000s ]
INFO: [ app_begin ] --START--
INFO: Run Behavior\ReadHtmlCacheBehavior [ RunTime:0.001000s ]
INFO: [ app_begin ] --END-- [ RunTime:0.002000s ]
SQL: SHOW COLUMNS FROM `article` [ RunTime:0.0100s ]
SQL: SELECT `aid`,`title`,`click`,`sendtime`,`update_time`,`thumb`,`digest`,`author`,`user_id`,`category_cid`,`is_recycle` FROM `article` INNER JOIN article_data ON article.aid = article_data.article_aid  WHERE `is_recycle` = 1 ORDER BY sendtime desc LIMIT 0,5   [ RunTime:0.0020s ]
SQL: SELECT COUNT(*) AS tp_count FROM `article` WHERE ( is_recycle=1 ) LIMIT 1   [ RunTime:0.0010s ]
SQL: SHOW COLUMNS FROM `article_tag` [ RunTime:0.0080s ]
SQL: SELECT `tag_tid` FROM `article_tag` WHERE `article_aid` = 23 LIMIT 1   [ RunTime:0.0010s ]
SQL: SHOW COLUMNS FROM `tag` [ RunTime:0.0090s ]
SQL: SELECT `tname` FROM `tag` WHERE `tid` = 3 LIMIT 1   [ RunTime:0.0000s ]
SQL: SELECT `tag_tid` FROM `article_tag` WHERE `article_aid` = 22 LIMIT 1   [ RunTime:0.0010s ]
SQL: SELECT `tname` FROM `tag` WHERE `tid` = 2 LIMIT 1   [ RunTime:0.0000s ]
SQL: SELECT `tag_tid` FROM `article_tag` WHERE `article_aid` = 21 LIMIT 1   [ RunTime:0.0000s ]
SQL: SELECT `tname` FROM `tag` WHERE `tid` = 6 LIMIT 1   [ RunTime:0.0000s ]
SQL: SELECT `tag_tid` FROM `article_tag` WHERE `article_aid` = 20 LIMIT 1   [ RunTime:0.0010s ]
SQL: SELECT `tname` FROM `tag` WHERE `tid` = 5 LIMIT 1   [ RunTime:0.0010s ]
SQL: SELECT `tag_tid` FROM `article_tag` WHERE `article_aid` = 19 LIMIT 1   [ RunTime:0.0010s ]
SQL: SELECT `tname` FROM `tag` WHERE `tid` = 1 LIMIT 1   [ RunTime:0.0010s ]
SQL: SELECT `aid`,`title`,`click`,`sendtime`,`update_time`,`thumb`,`digest`,`author`,`user_id`,`category_cid`,`is_recycle` FROM `article` INNER JOIN article_data ON article.aid = article_data.article_aid  WHERE `category_cid` = 4 AND `is_recycle` = 1 ORDER BY sendtime desc LIMIT 0,5   [ RunTime:0.0020s ]
SQL: SELECT COUNT(*) AS tp_count FROM `article` WHERE `is_recycle` = 1 AND `category_cid` = 4 LIMIT 1   [ RunTime:0.0010s ]
SQL: SELECT `tag_tid` FROM `article_tag` WHERE `article_aid` = 20 LIMIT 1   [ RunTime:0.0010s ]
SQL: SELECT `tname` FROM `tag` WHERE `tid` = 5 LIMIT 1   [ RunTime:0.0010s ]
SQL: SELECT `tag_tid` FROM `article_tag` WHERE `article_aid` = 8 LIMIT 1   [ RunTime:0.0010s ]
SQL: SELECT `tname` FROM `tag` WHERE `tid` = 5 LIMIT 1   [ RunTime:0.0010s ]
SQL: SHOW COLUMNS FROM `category` [ RunTime:0.0090s ]
SQL: SELECT `cname` FROM `category` WHERE `cid` = 4 LIMIT 1   [ RunTime:0.0010s ]
SQL: SELECT `cid`,`cname` FROM `category` ORDER BY csort desc  [ RunTime:0.0010s ]
SQL: SELECT * FROM `tag`  [ RunTime:0.0000s ]
SQL: SELECT * FROM `article` WHERE `is_recycle` = 1 ORDER BY click desc LIMIT 5   [ RunTime:0.0010s ]
INFO: [ view_parse ] --START--
INFO: [ template_filter ] --START--
INFO: Run Behavior\ContentReplaceBehavior [ RunTime:0.001000s ]
INFO: [ template_filter ] --END-- [ RunTime:0.001000s ]
INFO: Run Behavior\ParseTemplateBehavior [ RunTime:0.090005s ]
INFO: [ view_parse ] --END-- [ RunTime:0.090005s ]
INFO: [ view_filter ] --START--
INFO: Run Behavior\WriteHtmlCacheBehavior [ RunTime:0.001000s ]
INFO: [ view_filter ] --END-- [ RunTime:0.001000s ]
INFO: [ app_end ] --START--
INFO: Run Behavior\ShowPageTraceBehavior [ RunTime:0.002000s ]
INFO: [ app_end ] --END-- [ RunTime:0.003000s ]

[ 2017-01-11T12:50:57+08:00 ] 127.0.0.1 /hj/index.php/Home/Content/show/aid/8.html
INFO: [ app_init ] --START--
INFO: Run Behavior\BuildLiteBehavior [ RunTime:0.000000s ]
INFO: [ app_init ] --END-- [ RunTime:0.001000s ]
INFO: [ app_begin ] --START--
INFO: Run Behavior\ReadHtmlCacheBehavior [ RunTime:0.003000s ]
INFO: [ app_begin ] --END-- [ RunTime:0.003000s ]
NOTIC: [2048] Declaration of Home\Controller\ContentController::show() should be compatible with Think\Controller::show($content, $charset = '', $contentType = '', $prefix = '') D:\wamp\www\hj\Application\Home\Controller\ContentController.class.php 第 135 行.
SQL: SHOW COLUMNS FROM `article` [ RunTime:0.0090s ]
SQL: UPDATE `article` SET `click`=click+1 WHERE `aid` = 8 [ RunTime:0.0280s ]
SQL: SELECT * FROM `article` INNER JOIN article_data ON article.aid = article_data.article_aid  WHERE `aid` = 8 LIMIT 1   [ RunTime:0.0020s ]
SQL: SHOW COLUMNS FROM `article_tag` [ RunTime:0.0070s ]
SQL: SELECT `tag_tid` FROM `article_tag` WHERE `article_aid` = 8 LIMIT 1   [ RunTime:0.0000s ]
SQL: SHOW COLUMNS FROM `tag` [ RunTime:0.0080s ]
SQL: SELECT `tname` FROM `tag` WHERE `tid` = 5 LIMIT 1   [ RunTime:0.0010s ]
SQL: SHOW COLUMNS FROM `category` [ RunTime:0.0090s ]
SQL: SELECT `cid`,`cname` FROM `category` WHERE `cid` = 4 LIMIT 1   [ RunTime:0.0010s ]
SQL: SELECT `aid`,`title` FROM `article` WHERE `aid` = 9  [ RunTime:0.0010s ]
SQL: SELECT `aid`,`title` FROM `article` WHERE `aid` = 7  [ RunTime:0.0010s ]
SQL: SHOW COLUMNS FROM `like_num` [ RunTime:0.0080s ]
SQL: SELECT SUM(num) AS tp_sum FROM `like_num` WHERE `article_aid` = 8 LIMIT 1   [ RunTime:0.0010s ]
SQL: SHOW COLUMNS FROM `comment` [ RunTime:0.0110s ]
SQL: SELECT * FROM `comment` WHERE `article_aid` = 8 ORDER BY addtime desc LIMIT 0,5   [ RunTime:0.0000s ]
SQL: SELECT COUNT(*) AS tp_count FROM `comment` WHERE `article_aid` = 8 ORDER BY addtime desc LIMIT 1   [ RunTime:0.0010s ]
SQL: SHOW COLUMNS FROM `guest` [ RunTime:0.0090s ]
SQL: SELECT `image` FROM `guest` WHERE `id` = 4 LIMIT 1   [ RunTime:0.0010s ]
SQL: SELECT `name` FROM `guest` WHERE `id` = 4 LIMIT 1   [ RunTime:0.0010s ]
SQL: SELECT `image` FROM `guest` WHERE `id` = 4 LIMIT 1   [ RunTime:0.0010s ]
SQL: SELECT `name` FROM `guest` WHERE `id` = 4 LIMIT 1   [ RunTime:0.0010s ]
SQL: SELECT `image` FROM `guest` WHERE `id` = 5 LIMIT 1   [ RunTime:0.0010s ]
SQL: SELECT `name` FROM `guest` WHERE `id` = 5 LIMIT 1   [ RunTime:0.0010s ]
SQL: SELECT `image` FROM `guest` WHERE `id` = 4 LIMIT 1   [ RunTime:0.0000s ]
SQL: SELECT `name` FROM `guest` WHERE `id` = 4 LIMIT 1   [ RunTime:0.0000s ]
SQL: SELECT `image` FROM `guest` WHERE `id` = 4 LIMIT 1   [ RunTime:0.0010s ]
SQL: SELECT `name` FROM `guest` WHERE `id` = 4 LIMIT 1   [ RunTime:0.0010s ]
SQL: SELECT `cid`,`cname` FROM `category` ORDER BY csort desc  [ RunTime:0.0010s ]
SQL: SELECT * FROM `tag`  [ RunTime:0.0010s ]
SQL: SELECT * FROM `article` WHERE `is_recycle` = 1 ORDER BY click desc LIMIT 5   [ RunTime:0.0010s ]
SQL: SELECT COUNT(*) AS tp_count FROM `comment` WHERE `article_aid` = 8 LIMIT 1   [ RunTime:0.0010s ]
INFO: [ view_parse ] --START--
INFO: [ template_filter ] --START--
INFO: Run Behavior\ContentReplaceBehavior [ RunTime:0.001000s ]
INFO: [ template_filter ] --END-- [ RunTime:0.001000s ]
INFO: Run Behavior\ParseTemplateBehavior [ RunTime:0.101006s ]
INFO: [ view_parse ] --END-- [ RunTime:0.103006s ]
INFO: [ view_filter ] --START--
INFO: Run Behavior\WriteHtmlCacheBehavior [ RunTime:0.001000s ]
INFO: [ view_filter ] --END-- [ RunTime:0.002000s ]
INFO: [ app_end ] --START--
INFO: Run Behavior\ShowPageTraceBehavior [ RunTime:0.001000s ]
INFO: [ app_end ] --END-- [ RunTime:0.002000s ]

[ 2017-01-11T12:50:57+08:00 ] 127.0.0.1 /hj/index.php/Home/Content/show/aid/__PUBLIC__/Home/arclist/3.gif
INFO: [ app_init ] --START--
INFO: Run Behavior\BuildLiteBehavior [ RunTime:0.000000s ]
INFO: [ app_init ] --END-- [ RunTime:0.001000s ]

[ 2017-01-11T12:50:57+08:00 ] 127.0.0.1 /hj/index.php/Home/Content/show/aid/__PUBLIC__/Home/arclist/2.gif
INFO: [ app_init ] --START--
INFO: Run Behavior\BuildLiteBehavior [ RunTime:0.000000s ]
INFO: [ app_init ] --END-- [ RunTime:0.002000s ]

[ 2017-01-11T12:51:33+08:00 ] 127.0.0.1 /hj/index.php/Home/Content/show/aid/8.html
INFO: [ app_init ] --START--
INFO: Run Behavior\BuildLiteBehavior [ RunTime:0.000000s ]
INFO: [ app_init ] --END-- [ RunTime:0.003000s ]
INFO: [ app_begin ] --START--
INFO: Run Behavior\ReadHtmlCacheBehavior [ RunTime:0.002000s ]
INFO: [ app_begin ] --END-- [ RunTime:0.003001s ]
NOTIC: [2048] Declaration of Home\Controller\ContentController::show() should be compatible with Think\Controller::show($content, $charset = '', $contentType = '', $prefix = '') D:\wamp\www\hj\Application\Home\Controller\ContentController.class.php 第 135 行.
SQL: SHOW COLUMNS FROM `article` [ RunTime:0.0080s ]
SQL: UPDATE `article` SET `click`=click+1 WHERE `aid` = 8 [ RunTime:0.0030s ]
SQL: SELECT * FROM `article` INNER JOIN article_data ON article.aid = article_data.article_aid  WHERE `aid` = 8 LIMIT 1   [ RunTime:0.0010s ]
SQL: SHOW COLUMNS FROM `article_tag` [ RunTime:0.0080s ]
SQL: SELECT `tag_tid` FROM `article_tag` WHERE `article_aid` = 8 LIMIT 1   [ RunTime:0.0010s ]
SQL: SHOW COLUMNS FROM `tag` [ RunTime:0.0080s ]
SQL: SELECT `tname` FROM `tag` WHERE `tid` = 5 LIMIT 1   [ RunTime:0.0010s ]
SQL: SHOW COLUMNS FROM `category` [ RunTime:0.0070s ]
SQL: SELECT `cid`,`cname` FROM `category` WHERE `cid` = 4 LIMIT 1   [ RunTime:0.0000s ]
SQL: SELECT `aid`,`title` FROM `article` WHERE `aid` = 9  [ RunTime:0.0010s ]
SQL: SELECT `aid`,`title` FROM `article` WHERE `aid` = 7  [ RunTime:0.0010s ]
SQL: SHOW COLUMNS FROM `like_num` [ RunTime:0.0090s ]
SQL: SELECT SUM(num) AS tp_sum FROM `like_num` WHERE `article_aid` = 8 LIMIT 1   [ RunTime:0.0010s ]
SQL: SHOW COLUMNS FROM `comment` [ RunTime:0.0080s ]
SQL: SELECT * FROM `comment` WHERE `article_aid` = 8 ORDER BY addtime desc LIMIT 0,5   [ RunTime:0.0010s ]
SQL: SELECT COUNT(*) AS tp_count FROM `comment` WHERE `article_aid` = 8 ORDER BY addtime desc LIMIT 1   [ RunTime:0.0010s ]
SQL: SHOW COLUMNS FROM `guest` [ RunTime:0.0090s ]
SQL: SELECT `image` FROM `guest` WHERE `id` = 4 LIMIT 1   [ RunTime:0.0010s ]
SQL: SELECT `name` FROM `guest` WHERE `id` = 4 LIMIT 1   [ RunTime:0.0010s ]
SQL: SELECT `image` FROM `guest` WHERE `id` = 4 LIMIT 1   [ RunTime:0.0010s ]
SQL: SELECT `name` FROM `guest` WHERE `id` = 4 LIMIT 1   [ RunTime:0.0010s ]
SQL: SELECT `image` FROM `guest` WHERE `id` = 5 LIMIT 1   [ RunTime:0.0010s ]
SQL: SELECT `name` FROM `guest` WHERE `id` = 5 LIMIT 1   [ RunTime:0.0010s ]
SQL: SELECT `image` FROM `guest` WHERE `id` = 4 LIMIT 1   [ RunTime:0.0010s ]
SQL: SELECT `name` FROM `guest` WHERE `id` = 4 LIMIT 1   [ RunTime:0.0010s ]
SQL: SELECT `image` FROM `guest` WHERE `id` = 4 LIMIT 1   [ RunTime:0.0010s ]
SQL: SELECT `name` FROM `guest` WHERE `id` = 4 LIMIT 1   [ RunTime:0.0000s ]
SQL: SELECT `cid`,`cname` FROM `category` ORDER BY csort desc  [ RunTime:0.0000s ]
SQL: SELECT * FROM `tag`  [ RunTime:0.0010s ]
SQL: SELECT * FROM `article` WHERE `is_recycle` = 1 ORDER BY click desc LIMIT 5   [ RunTime:0.0020s ]
SQL: SELECT COUNT(*) AS tp_count FROM `comment` WHERE `article_aid` = 8 LIMIT 1   [ RunTime:0.0010s ]
INFO: [ view_parse ] --START--
INFO: [ template_filter ] --START--
INFO: Run Behavior\ContentReplaceBehavior [ RunTime:0.000000s ]
INFO: [ template_filter ] --END-- [ RunTime:0.001000s ]
INFO: Run Behavior\ParseTemplateBehavior [ RunTime:0.111007s ]
INFO: [ view_parse ] --END-- [ RunTime:0.111007s ]
INFO: [ view_filter ] --START--
INFO: Run Behavior\WriteHtmlCacheBehavior [ RunTime:0.002000s ]
INFO: [ view_filter ] --END-- [ RunTime:0.002000s ]
INFO: [ app_end ] --START--
INFO: Run Behavior\ShowPageTraceBehavior [ RunTime:0.002000s ]
INFO: [ app_end ] --END-- [ RunTime:0.002000s ]

[ 2017-01-11T12:51:42+08:00 ] 127.0.0.1 /hj/index.php/Home/Content/comment_click.html
INFO: [ app_init ] --START--
INFO: Run Behavior\BuildLiteBehavior [ RunTime:0.000000s ]
INFO: [ app_init ] --END-- [ RunTime:0.001000s ]
INFO: [ app_begin ] --START--
INFO: Run Behavior\ReadHtmlCacheBehavior [ RunTime:0.002000s ]
INFO: [ app_begin ] --END-- [ RunTime:0.002000s ]
NOTIC: [2048] Declaration of Home\Controller\ContentController::show() should be compatible with Think\Controller::show($content, $charset = '', $contentType = '', $prefix = '') D:\wamp\www\hj\Application\Home\Controller\ContentController.class.php 第 135 行.

[ 2017-01-11T17:42:08+08:00 ] 127.0.0.1 /hj/index.php/Home/User/logout.html
INFO: [ app_init ] --START--
INFO: Run Behavior\BuildLiteBehavior [ RunTime:0.000000s ]
INFO: [ app_init ] --END-- [ RunTime:0.001000s ]
INFO: [ app_begin ] --START--
INFO: Run Behavior\ReadHtmlCacheBehavior [ RunTime:0.001000s ]
INFO: [ app_begin ] --END-- [ RunTime:0.001000s ]

[ 2017-01-11T17:42:09+08:00 ] 127.0.0.1 /hj/index.php/Home/Index/index.html
INFO: [ app_init ] --START--
INFO: Run Behavior\BuildLiteBehavior [ RunTime:0.000000s ]
INFO: [ app_init ] --END-- [ RunTime:0.000000s ]
INFO: [ app_begin ] --START--
INFO: Run Behavior\ReadHtmlCacheBehavior [ RunTime:0.001000s ]
INFO: [ app_begin ] --END-- [ RunTime:0.001000s ]
SQL: SHOW COLUMNS FROM `article` [ RunTime:0.0040s ]
SQL: SELECT `aid`,`title`,`click`,`sendtime`,`update_time`,`thumb`,`digest`,`author`,`user_id`,`category_cid`,`is_recycle` FROM `article` INNER JOIN article_data ON article.aid = article_data.article_aid  WHERE `is_recycle` = 1 ORDER BY sendtime desc LIMIT 0,5   [ RunTime:0.0020s ]
SQL: SELECT COUNT(*) AS tp_count FROM `article` WHERE ( is_recycle=1 ) LIMIT 1   [ RunTime:0.0010s ]
SQL: SHOW COLUMNS FROM `article_tag` [ RunTime:0.0040s ]
SQL: SELECT `tag_tid` FROM `article_tag` WHERE `article_aid` = 23 LIMIT 1   [ RunTime:0.0010s ]
SQL: SHOW COLUMNS FROM `tag` [ RunTime:0.0030s ]
SQL: SELECT `tname` FROM `tag` WHERE `tid` = 3 LIMIT 1   [ RunTime:0.0010s ]
SQL: SELECT `tag_tid` FROM `article_tag` WHERE `article_aid` = 22 LIMIT 1   [ RunTime:0.0010s ]
SQL: SELECT `tname` FROM `tag` WHERE `tid` = 2 LIMIT 1   [ RunTime:0.0010s ]
SQL: SELECT `tag_tid` FROM `article_tag` WHERE `article_aid` = 21 LIMIT 1   [ RunTime:0.0010s ]
SQL: SELECT `tname` FROM `tag` WHERE `tid` = 6 LIMIT 1   [ RunTime:0.0010s ]
SQL: SELECT `tag_tid` FROM `article_tag` WHERE `article_aid` = 20 LIMIT 1   [ RunTime:0.0010s ]
SQL: SELECT `tname` FROM `tag` WHERE `tid` = 5 LIMIT 1   [ RunTime:0.0010s ]
SQL: SELECT `tag_tid` FROM `article_tag` WHERE `article_aid` = 19 LIMIT 1   [ RunTime:0.0000s ]
SQL: SELECT `tname` FROM `tag` WHERE `tid` = 1 LIMIT 1   [ RunTime:0.0000s ]
SQL: SHOW COLUMNS FROM `category` [ RunTime:0.0040s ]
SQL: SELECT `cid`,`cname` FROM `category` ORDER BY csort desc  [ RunTime:0.0000s ]
SQL: SELECT * FROM `tag`  [ RunTime:0.0000s ]
SQL: SELECT * FROM `article` WHERE `is_recycle` = 1 ORDER BY click desc LIMIT 5   [ RunTime:0.0000s ]
INFO: [ view_parse ] --START--
INFO: [ template_filter ] --START--
INFO: Run Behavior\ContentReplaceBehavior [ RunTime:0.000000s ]
INFO: [ template_filter ] --END-- [ RunTime:0.000000s ]
INFO: Run Behavior\ParseTemplateBehavior [ RunTime:0.040002s ]
INFO: [ view_parse ] --END-- [ RunTime:0.040002s ]
INFO: [ view_filter ] --START--
INFO: Run Behavior\WriteHtmlCacheBehavior [ RunTime:0.001000s ]
INFO: [ view_filter ] --END-- [ RunTime:0.001000s ]
INFO: [ app_end ] --START--
INFO: Run Behavior\ShowPageTraceBehavior [ RunTime:0.000000s ]
INFO: [ app_end ] --END-- [ RunTime:0.001000s ]

[ 2017-01-11T17:42:11+08:00 ] 127.0.0.1 /hj/index.php/Home/Index/index/cid/4.html
INFO: [ app_init ] --START--
INFO: Run Behavior\BuildLiteBehavior [ RunTime:0.000000s ]
INFO: [ app_init ] --END-- [ RunTime:0.000000s ]
INFO: [ app_begin ] --START--
INFO: Run Behavior\ReadHtmlCacheBehavior [ RunTime:0.000000s ]
INFO: [ app_begin ] --END-- [ RunTime:0.001000s ]
SQL: SHOW COLUMNS FROM `article` [ RunTime:0.0040s ]
SQL: SELECT `aid`,`title`,`click`,`sendtime`,`update_time`,`thumb`,`digest`,`author`,`user_id`,`category_cid`,`is_recycle` FROM `article` INNER JOIN article_data ON article.aid = article_data.article_aid  WHERE `is_recycle` = 1 ORDER BY sendtime desc LIMIT 0,5   [ RunTime:0.0020s ]
SQL: SELECT COUNT(*) AS tp_count FROM `article` WHERE ( is_recycle=1 ) LIMIT 1   [ RunTime:0.0010s ]
SQL: SHOW COLUMNS FROM `article_tag` [ RunTime:0.0040s ]
SQL: SELECT `tag_tid` FROM `article_tag` WHERE `article_aid` = 23 LIMIT 1   [ RunTime:0.0010s ]
SQL: SHOW COLUMNS FROM `tag` [ RunTime:0.0030s ]
SQL: SELECT `tname` FROM `tag` WHERE `tid` = 3 LIMIT 1   [ RunTime:0.0000s ]
SQL: SELECT `tag_tid` FROM `article_tag` WHERE `article_aid` = 22 LIMIT 1   [ RunTime:0.0000s ]
SQL: SELECT `tname` FROM `tag` WHERE `tid` = 2 LIMIT 1   [ RunTime:0.0000s ]
SQL: SELECT `tag_tid` FROM `article_tag` WHERE `article_aid` = 21 LIMIT 1   [ RunTime:0.0000s ]
SQL: SELECT `tname` FROM `tag` WHERE `tid` = 6 LIMIT 1   [ RunTime:0.0000s ]
SQL: SELECT `tag_tid` FROM `article_tag` WHERE `article_aid` = 20 LIMIT 1   [ RunTime:0.0000s ]
SQL: SELECT `tname` FROM `tag` WHERE `tid` = 5 LIMIT 1   [ RunTime:0.0010s ]
SQL: SELECT `tag_tid` FROM `article_tag` WHERE `article_aid` = 19 LIMIT 1   [ RunTime:0.0010s ]
SQL: SELECT `tname` FROM `tag` WHERE `tid` = 1 LIMIT 1   [ RunTime:0.0000s ]
SQL: SELECT `aid`,`title`,`click`,`sendtime`,`update_time`,`thumb`,`digest`,`author`,`user_id`,`category_cid`,`is_recycle` FROM `article` INNER JOIN article_data ON article.aid = article_data.article_aid  WHERE `category_cid` = 4 AND `is_recycle` = 1 ORDER BY sendtime desc LIMIT 0,5   [ RunTime:0.0010s ]
SQL: SELECT COUNT(*) AS tp_count FROM `article` WHERE `is_recycle` = 1 AND `category_cid` = 4 LIMIT 1   [ RunTime:0.0010s ]
SQL: SELECT `tag_tid` FROM `article_tag` WHERE `article_aid` = 20 LIMIT 1   [ RunTime:0.0010s ]
SQL: SELECT `tname` FROM `tag` WHERE `tid` = 5 LIMIT 1   [ RunTime:0.0000s ]
SQL: SELECT `tag_tid` FROM `article_tag` WHERE `article_aid` = 8 LIMIT 1   [ RunTime:0.0000s ]
SQL: SELECT `tname` FROM `tag` WHERE `tid` = 5 LIMIT 1   [ RunTime:0.0000s ]
SQL: SHOW COLUMNS FROM `category` [ RunTime:0.0040s ]
SQL: SELECT `cname` FROM `category` WHERE `cid` = 4 LIMIT 1   [ RunTime:0.0010s ]
SQL: SELECT `cid`,`cname` FROM `category` ORDER BY csort desc  [ RunTime:0.0010s ]
SQL: SELECT * FROM `tag`  [ RunTime:0.0000s ]
SQL: SELECT * FROM `article` WHERE `is_recycle` = 1 ORDER BY click desc LIMIT 5   [ RunTime:0.0000s ]
INFO: [ view_parse ] --START--
INFO: [ template_filter ] --START--
INFO: Run Behavior\ContentReplaceBehavior [ RunTime:0.000000s ]
INFO: [ template_filter ] --END-- [ RunTime:0.000000s ]
INFO: Run Behavior\ParseTemplateBehavior [ RunTime:0.038003s ]
INFO: [ view_parse ] --END-- [ RunTime:0.038003s ]
INFO: [ view_filter ] --START--
INFO: Run Behavior\WriteHtmlCacheBehavior [ RunTime:0.001000s ]
INFO: [ view_filter ] --END-- [ RunTime:0.001000s ]
INFO: [ app_end ] --START--
INFO: Run Behavior\ShowPageTraceBehavior [ RunTime:0.000000s ]
INFO: [ app_end ] --END-- [ RunTime:0.002000s ]

[ 2017-01-11T17:42:13+08:00 ] 127.0.0.1 /hj/index.php/Home/Content/show/aid/8.html
INFO: [ app_init ] --START--
INFO: Run Behavior\BuildLiteBehavior [ RunTime:0.000000s ]
INFO: [ app_init ] --END-- [ RunTime:0.000000s ]
INFO: [ app_begin ] --START--
INFO: Run Behavior\ReadHtmlCacheBehavior [ RunTime:0.001000s ]
INFO: [ app_begin ] --END-- [ RunTime:0.001000s ]
NOTIC: [2048] Declaration of Home\Controller\ContentController::show() should be compatible with Think\Controller::show($content, $charset = '', $contentType = '', $prefix = '') D:\wamp\www\hj\Application\Home\Controller\ContentController.class.php 第 135 行.
SQL: SHOW COLUMNS FROM `article` [ RunTime:0.0040s ]
SQL: UPDATE `article` SET `click`=click+1 WHERE `aid` = 8 [ RunTime:0.0310s ]
SQL: SELECT * FROM `article` INNER JOIN article_data ON article.aid = article_data.article_aid  WHERE `aid` = 8 LIMIT 1   [ RunTime:0.0010s ]
SQL: SHOW COLUMNS FROM `article_tag` [ RunTime:0.0040s ]
SQL: SELECT `tag_tid` FROM `article_tag` WHERE `article_aid` = 8 LIMIT 1   [ RunTime:0.0010s ]
SQL: SHOW COLUMNS FROM `tag` [ RunTime:0.0030s ]
SQL: SELECT `tname` FROM `tag` WHERE `tid` = 5 LIMIT 1   [ RunTime:0.0000s ]
SQL: SHOW COLUMNS FROM `category` [ RunTime:0.0030s ]
SQL: SELECT `cid`,`cname` FROM `category` WHERE `cid` = 4 LIMIT 1   [ RunTime:0.0010s ]
SQL: SELECT `aid`,`title` FROM `article` WHERE `aid` = 9  [ RunTime:0.0010s ]
SQL: SELECT `aid`,`title` FROM `article` WHERE `aid` = 7  [ RunTime:0.0010s ]
SQL: SHOW COLUMNS FROM `like_num` [ RunTime:0.0030s ]
SQL: SELECT SUM(num) AS tp_sum FROM `like_num` WHERE `article_aid` = 8 LIMIT 1   [ RunTime:0.0000s ]
SQL: SHOW COLUMNS FROM `comment` [ RunTime:0.0030s ]
SQL: SELECT * FROM `comment` WHERE `article_aid` = 8 ORDER BY addtime desc LIMIT 0,5   [ RunTime:0.0010s ]
SQL: SELECT COUNT(*) AS tp_count FROM `comment` WHERE `article_aid` = 8 ORDER BY addtime desc LIMIT 1   [ RunTime:0.0010s ]
SQL: SHOW COLUMNS FROM `guest` [ RunTime:0.0030s ]
SQL: SELECT `image` FROM `guest` WHERE `id` = 4 LIMIT 1   [ RunTime:0.0010s ]
SQL: SELECT `name` FROM `guest` WHERE `id` = 4 LIMIT 1   [ RunTime:0.0010s ]
SQL: SELECT `image` FROM `guest` WHERE `id` = 4 LIMIT 1   [ RunTime:0.0010s ]
SQL: SELECT `name` FROM `guest` WHERE `id` = 4 LIMIT 1   [ RunTime:0.0010s ]
SQL: SELECT `image` FROM `guest` WHERE `id` = 5 LIMIT 1   [ RunTime:0.0000s ]
SQL: SELECT `name` FROM `guest` WHERE `id` = 5 LIMIT 1   [ RunTime:0.0000s ]
SQL: SELECT `image` FROM `guest` WHERE `id` = 4 LIMIT 1   [ RunTime:0.0000s ]
SQL: SELECT `name` FROM `guest` WHERE `id` = 4 LIMIT 1   [ RunTime:0.0000s ]
SQL: SELECT `image` FROM `guest` WHERE `id` = 4 LIMIT 1   [ RunTime:0.0000s ]
SQL: SELECT `name` FROM `guest` WHERE `id` = 4 LIMIT 1   [ RunTime:0.0000s ]
SQL: SELECT `cid`,`cname` FROM `category` ORDER BY csort desc  [ RunTime:0.0000s ]
SQL: SELECT * FROM `tag`  [ RunTime:0.0000s ]
SQL: SELECT * FROM `article` WHERE `is_recycle` = 1 ORDER BY click desc LIMIT 5   [ RunTime:0.0000s ]
SQL: SELECT COUNT(*) AS tp_count FROM `comment` WHERE `article_aid` = 8 LIMIT 1   [ RunTime:0.0010s ]
INFO: [ view_parse ] --START--
INFO: [ template_filter ] --START--
INFO: Run Behavior\ContentReplaceBehavior [ RunTime:0.000000s ]
INFO: [ template_filter ] --END-- [ RunTime:0.000000s ]
INFO: Run Behavior\ParseTemplateBehavior [ RunTime:0.045003s ]
INFO: [ view_parse ] --END-- [ RunTime:0.045003s ]
INFO: [ view_filter ] --START--
INFO: Run Behavior\WriteHtmlCacheBehavior [ RunTime:0.001000s ]
INFO: [ view_filter ] --END-- [ RunTime:0.001000s ]
INFO: [ app_end ] --START--
INFO: Run Behavior\ShowPageTraceBehavior [ RunTime:0.000000s ]
INFO: [ app_end ] --END-- [ RunTime:0.001000s ]

[ 2017-01-11T17:42:17+08:00 ] 127.0.0.1 /hj/index.php/Home/Content/zan_click.html?aid=8
INFO: [ app_init ] --START--
INFO: Run Behavior\BuildLiteBehavior [ RunTime:0.001000s ]
INFO: [ app_init ] --END-- [ RunTime:0.001000s ]
INFO: [ app_begin ] --START--
INFO: Run Behavior\ReadHtmlCacheBehavior [ RunTime:0.000000s ]
INFO: [ app_begin ] --END-- [ RunTime:0.001000s ]
NOTIC: [2048] Declaration of Home\Controller\ContentController::show() should be compatible with Think\Controller::show($content, $charset = '', $contentType = '', $prefix = '') D:\wamp\www\hj\Application\Home\Controller\ContentController.class.php 第 135 行.
SQL: SHOW COLUMNS FROM `like_num` [ RunTime:0.0040s ]
SQL: SELECT `time`,`ip_address`,`num` FROM `like_num` WHERE `article_aid` = 8 AND `ip_address` = '127.0.0.1' LIMIT 1   [ RunTime:0.0000s ]

[ 2017-01-11T17:42:25+08:00 ] 127.0.0.1 /hj/index.php/Home/Content/comment_click.html
INFO: [ app_init ] --START--
INFO: Run Behavior\BuildLiteBehavior [ RunTime:0.000000s ]
INFO: [ app_init ] --END-- [ RunTime:0.001000s ]
INFO: [ app_begin ] --START--
INFO: Run Behavior\ReadHtmlCacheBehavior [ RunTime:0.001000s ]
INFO: [ app_begin ] --END-- [ RunTime:0.001000s ]
NOTIC: [2048] Declaration of Home\Controller\ContentController::show() should be compatible with Think\Controller::show($content, $charset = '', $contentType = '', $prefix = '') D:\wamp\www\hj\Application\Home\Controller\ContentController.class.php 第 135 行.
NOTIC: [8] Undefined index: uid D:\wamp\www\hj\Application\Home\Controller\ContentController.class.php 第 97 行.

[ 2017-01-11T17:42:28+08:00 ] 127.0.0.1 /hj/index.php/Home/Index/index/cid/2.html
INFO: [ app_init ] --START--
INFO: Run Behavior\BuildLiteBehavior [ RunTime:0.000000s ]
INFO: [ app_init ] --END-- [ RunTime:0.001000s ]
INFO: [ app_begin ] --START--
INFO: Run Behavior\ReadHtmlCacheBehavior [ RunTime:0.000000s ]
INFO: [ app_begin ] --END-- [ RunTime:0.000000s ]
SQL: SHOW COLUMNS FROM `article` [ RunTime:0.0040s ]
SQL: SELECT `aid`,`title`,`click`,`sendtime`,`update_time`,`thumb`,`digest`,`author`,`user_id`,`category_cid`,`is_recycle` FROM `article` INNER JOIN article_data ON article.aid = article_data.article_aid  WHERE `is_recycle` = 1 ORDER BY sendtime desc LIMIT 0,5   [ RunTime:0.0010s ]
SQL: SELECT COUNT(*) AS tp_count FROM `article` WHERE ( is_recycle=1 ) LIMIT 1   [ RunTime:0.0010s ]
SQL: SHOW COLUMNS FROM `article_tag` [ RunTime:0.0040s ]
SQL: SELECT `tag_tid` FROM `article_tag` WHERE `article_aid` = 23 LIMIT 1   [ RunTime:0.0010s ]
SQL: SHOW COLUMNS FROM `tag` [ RunTime:0.0040s ]
SQL: SELECT `tname` FROM `tag` WHERE `tid` = 3 LIMIT 1   [ RunTime:0.0010s ]
SQL: SELECT `tag_tid` FROM `article_tag` WHERE `article_aid` = 22 LIMIT 1   [ RunTime:0.0010s ]
SQL: SELECT `tname` FROM `tag` WHERE `tid` = 2 LIMIT 1   [ RunTime:0.0000s ]
SQL: SELECT `tag_tid` FROM `article_tag` WHERE `article_aid` = 21 LIMIT 1   [ RunTime:0.0000s ]
SQL: SELECT `tname` FROM `tag` WHERE `tid` = 6 LIMIT 1   [ RunTime:0.0000s ]
SQL: SELECT `tag_tid` FROM `article_tag` WHERE `article_aid` = 20 LIMIT 1   [ RunTime:0.0000s ]
SQL: SELECT `tname` FROM `tag` WHERE `tid` = 5 LIMIT 1   [ RunTime:0.0000s ]
SQL: SELECT `tag_tid` FROM `article_tag` WHERE `article_aid` = 19 LIMIT 1   [ RunTime:0.0010s ]
SQL: SELECT `tname` FROM `tag` WHERE `tid` = 1 LIMIT 1   [ RunTime:0.0010s ]
SQL: SELECT `aid`,`title`,`click`,`sendtime`,`update_time`,`thumb`,`digest`,`author`,`user_id`,`category_cid`,`is_recycle` FROM `article` INNER JOIN article_data ON article.aid = article_data.article_aid  WHERE `category_cid` = 2 AND `is_recycle` = 1 ORDER BY sendtime desc LIMIT 0,5   [ RunTime:0.0010s ]
SQL: SELECT COUNT(*) AS tp_count FROM `article` WHERE `is_recycle` = 1 AND `category_cid` = 2 LIMIT 1   [ RunTime:0.0010s ]
SQL: SELECT `tag_tid` FROM `article_tag` WHERE `article_aid` = 18 LIMIT 1   [ RunTime:0.0000s ]
SQL: SELECT `tname` FROM `tag` WHERE `tid` = 13 LIMIT 1   [ RunTime:0.0000s ]
SQL: SELECT `tag_tid` FROM `article_tag` WHERE `article_aid` = 17 LIMIT 1   [ RunTime:0.0000s ]
SQL: SELECT `tname` FROM `tag` WHERE `tid` = 4 LIMIT 1   [ RunTime:0.0000s ]
SQL: SHOW COLUMNS FROM `category` [ RunTime:0.0030s ]
SQL: SELECT `cname` FROM `category` WHERE `cid` = 2 LIMIT 1   [ RunTime:0.0000s ]
SQL: SELECT `cid`,`cname` FROM `category` ORDER BY csort desc  [ RunTime:0.0010s ]
SQL: SELECT * FROM `tag`  [ RunTime:0.0000s ]
SQL: SELECT * FROM `article` WHERE `is_recycle` = 1 ORDER BY click desc LIMIT 5   [ RunTime:0.0010s ]
INFO: [ view_parse ] --START--
INFO: [ template_filter ] --START--
INFO: Run Behavior\ContentReplaceBehavior [ RunTime:0.000000s ]
INFO: [ template_filter ] --END-- [ RunTime:0.000000s ]
INFO: Run Behavior\ParseTemplateBehavior [ RunTime:0.038003s ]
INFO: [ view_parse ] --END-- [ RunTime:0.038003s ]
INFO: [ view_filter ] --START--
INFO: Run Behavior\WriteHtmlCacheBehavior [ RunTime:0.001000s ]
INFO: [ view_filter ] --END-- [ RunTime:0.001000s ]
INFO: [ app_end ] --START--
INFO: Run Behavior\ShowPageTraceBehavior [ RunTime:0.003000s ]
INFO: [ app_end ] --END-- [ RunTime:0.004000s ]

[ 2017-01-11T17:42:32+08:00 ] 127.0.0.1 /hj/index.php/Home/Index/index.html
INFO: [ app_init ] --START--
INFO: Run Behavior\BuildLiteBehavior [ RunTime:0.000000s ]
INFO: [ app_init ] --END-- [ RunTime:0.001000s ]
INFO: [ app_begin ] --START--
INFO: Run Behavior\ReadHtmlCacheBehavior [ RunTime:0.001000s ]
INFO: [ app_begin ] --END-- [ RunTime:0.001000s ]
SQL: SHOW COLUMNS FROM `article` [ RunTime:0.0040s ]
SQL: SELECT `aid`,`title`,`click`,`sendtime`,`update_time`,`thumb`,`digest`,`author`,`user_id`,`category_cid`,`is_recycle` FROM `article` INNER JOIN article_data ON article.aid = article_data.article_aid  WHERE `is_recycle` = 1 ORDER BY sendtime desc LIMIT 0,5   [ RunTime:0.0010s ]
SQL: SELECT COUNT(*) AS tp_count FROM `article` WHERE ( is_recycle=1 ) LIMIT 1   [ RunTime:0.0000s ]
SQL: SHOW COLUMNS FROM `article_tag` [ RunTime:0.0040s ]
SQL: SELECT `tag_tid` FROM `article_tag` WHERE `article_aid` = 23 LIMIT 1   [ RunTime:0.0010s ]
SQL: SHOW COLUMNS FROM `tag` [ RunTime:0.0030s ]
SQL: SELECT `tname` FROM `tag` WHERE `tid` = 3 LIMIT 1   [ RunTime:0.0000s ]
SQL: SELECT `tag_tid` FROM `article_tag` WHERE `article_aid` = 22 LIMIT 1   [ RunTime:0.0000s ]
SQL: SELECT `tname` FROM `tag` WHERE `tid` = 2 LIMIT 1   [ RunTime:0.0000s ]
SQL: SELECT `tag_tid` FROM `article_tag` WHERE `article_aid` = 21 LIMIT 1   [ RunTime:0.0000s ]
SQL: SELECT `tname` FROM `tag` WHERE `tid` = 6 LIMIT 1   [ RunTime:0.0000s ]
SQL: SELECT `tag_tid` FROM `article_tag` WHERE `article_aid` = 20 LIMIT 1   [ RunTime:0.0000s ]
SQL: SELECT `tname` FROM `tag` WHERE `tid` = 5 LIMIT 1   [ RunTime:0.0000s ]
SQL: SELECT `tag_tid` FROM `article_tag` WHERE `article_aid` = 19 LIMIT 1   [ RunTime:0.0000s ]
SQL: SELECT `tname` FROM `tag` WHERE `tid` = 1 LIMIT 1   [ RunTime:0.0000s ]
SQL: SHOW COLUMNS FROM `category` [ RunTime:0.0040s ]
SQL: SELECT `cid`,`cname` FROM `category` ORDER BY csort desc  [ RunTime:0.0000s ]
SQL: SELECT * FROM `tag`  [ RunTime:0.0000s ]
SQL: SELECT * FROM `article` WHERE `is_recycle` = 1 ORDER BY click desc LIMIT 5   [ RunTime:0.0000s ]
INFO: [ view_parse ] --START--
INFO: [ template_filter ] --START--
INFO: Run Behavior\ContentReplaceBehavior [ RunTime:0.001000s ]
INFO: [ template_filter ] --END-- [ RunTime:0.001000s ]
INFO: Run Behavior\ParseTemplateBehavior [ RunTime:0.040002s ]
INFO: [ view_parse ] --END-- [ RunTime:0.040002s ]
INFO: [ view_filter ] --START--
INFO: Run Behavior\WriteHtmlCacheBehavior [ RunTime:0.001000s ]
INFO: [ view_filter ] --END-- [ RunTime:0.001000s ]
INFO: [ app_end ] --START--
INFO: Run Behavior\ShowPageTraceBehavior [ RunTime:0.001000s ]
INFO: [ app_end ] --END-- [ RunTime:0.001000s ]

