[ 2017-01-09T22:54:47+08:00 ] 127.0.0.1 /hj/index.php/Home/Index/index.html
INFO: [ app_init ] --START--
INFO: Run Behavior\BuildLiteBehavior [ RunTime:0.001000s ]
INFO: [ app_init ] --END-- [ RunTime:0.002000s ]
INFO: [ app_begin ] --START--
INFO: Run Behavior\ReadHtmlCacheBehavior [ RunTime:0.003000s ]
INFO: [ app_begin ] --END-- [ RunTime:0.004000s ]
SQL: SHOW COLUMNS FROM `article` [ RunTime:0.0100s ]
SQL: SELECT `aid`,`title`,`click`,`sendtime`,`update_time`,`thumb`,`digest`,`author`,`user_id`,`category_cid`,`is_recycle` FROM `article` INNER JOIN article_data ON article.aid = article_data.article_aid  WHERE `is_recycle` = 1 ORDER BY sendtime desc LIMIT 0,5   [ RunTime:0.0010s ]
SQL: SELECT COUNT(*) AS tp_count FROM `article` WHERE ( is_recycle=1 ) LIMIT 1   [ RunTime:0.0000s ]
SQL: SHOW COLUMNS FROM `article_tag` [ RunTime:0.0110s ]
SQL: SELECT `tag_tid` FROM `article_tag` WHERE `article_aid` = 23 LIMIT 1   [ RunTime:0.0010s ]
SQL: SHOW COLUMNS FROM `tag` [ RunTime:0.0110s ]
SQL: SELECT `tname` FROM `tag` WHERE `tid` = 3 LIMIT 1   [ RunTime:0.0010s ]
SQL: SELECT `tag_tid` FROM `article_tag` WHERE `article_aid` = 22 LIMIT 1   [ RunTime:0.0010s ]
SQL: SELECT `tname` FROM `tag` WHERE `tid` = 2 LIMIT 1   [ RunTime:0.0010s ]
SQL: SELECT `tag_tid` FROM `article_tag` WHERE `article_aid` = 21 LIMIT 1   [ RunTime:0.0010s ]
SQL: SELECT `tname` FROM `tag` WHERE `tid` = 6 LIMIT 1   [ RunTime:0.0010s ]
SQL: SELECT `tag_tid` FROM `article_tag` WHERE `article_aid` = 20 LIMIT 1   [ RunTime:0.0010s ]
SQL: SELECT `tname` FROM `tag` WHERE `tid` = 5 LIMIT 1   [ RunTime:0.0010s ]
SQL: SELECT `tag_tid` FROM `article_tag` WHERE `article_aid` = 19 LIMIT 1   [ RunTime:0.0010s ]
SQL: SELECT `tname` FROM `tag` WHERE `tid` = 1 LIMIT 1   [ RunTime:0.0010s ]
SQL: SHOW COLUMNS FROM `category` [ RunTime:0.0100s ]
SQL: SELECT `cid`,`cname` FROM `category` ORDER BY csort desc  [ RunTime:0.0010s ]
SQL: SELECT * FROM `tag`  [ RunTime:0.0010s ]
SQL: SELECT * FROM `article` WHERE `is_recycle` = 1 ORDER BY click desc LIMIT 5   [ RunTime:0.0010s ]
INFO: [ view_parse ] --START--
INFO: [ template_filter ] --START--
INFO: Run Behavior\ContentReplaceBehavior [ RunTime:0.000000s ]
INFO: [ template_filter ] --END-- [ RunTime:0.001000s ]
INFO: Run Behavior\ParseTemplateBehavior [ RunTime:0.100006s ]
INFO: [ view_parse ] --END-- [ RunTime:0.100006s ]
INFO: [ view_filter ] --START--
INFO: Run Behavior\WriteHtmlCacheBehavior [ RunTime:0.001000s ]
INFO: [ view_filter ] --END-- [ RunTime:0.001000s ]
INFO: [ app_end ] --START--
INFO: Run Behavior\ShowPageTraceBehavior [ RunTime:0.002000s ]
INFO: [ app_end ] --END-- [ RunTime:0.003000s ]

[ 2017-01-09T22:54:51+08:00 ] 127.0.0.1 /hj/index.php/Home/Index/index/p/3.html
INFO: [ app_init ] --START--
INFO: Run Behavior\BuildLiteBehavior [ RunTime:0.000000s ]
INFO: [ app_init ] --END-- [ RunTime:0.002000s ]
INFO: [ app_begin ] --START--
INFO: Run Behavior\ReadHtmlCacheBehavior [ RunTime:0.002000s ]
INFO: [ app_begin ] --END-- [ RunTime:0.002000s ]
SQL: SHOW COLUMNS FROM `article` [ RunTime:0.0110s ]
SQL: SELECT `aid`,`title`,`click`,`sendtime`,`update_time`,`thumb`,`digest`,`author`,`user_id`,`category_cid`,`is_recycle` FROM `article` INNER JOIN article_data ON article.aid = article_data.article_aid  WHERE `is_recycle` = 1 ORDER BY sendtime desc LIMIT 10,5   [ RunTime:0.0010s ]
SQL: SELECT COUNT(*) AS tp_count FROM `article` WHERE ( is_recycle=1 ) LIMIT 1   [ RunTime:0.0000s ]
SQL: SHOW COLUMNS FROM `article_tag` [ RunTime:0.0120s ]
SQL: SELECT `tag_tid` FROM `article_tag` WHERE `article_aid` = 13 LIMIT 1   [ RunTime:0.0010s ]
SQL: SHOW COLUMNS FROM `tag` [ RunTime:0.0140s ]
SQL: SELECT `tname` FROM `tag` WHERE `tid` = 10 LIMIT 1   [ RunTime:0.0010s ]
SQL: SELECT `tag_tid` FROM `article_tag` WHERE `article_aid` = 12 LIMIT 1   [ RunTime:0.0010s ]
SQL: SELECT `tname` FROM `tag` WHERE `tid` = 3 LIMIT 1   [ RunTime:0.0010s ]
SQL: SELECT `tag_tid` FROM `article_tag` WHERE `article_aid` = 9 LIMIT 1   [ RunTime:0.0010s ]
SQL: SELECT `tname` FROM `tag` WHERE `tid` = 12 LIMIT 1   [ RunTime:0.0010s ]
SQL: SELECT `tag_tid` FROM `article_tag` WHERE `article_aid` = 8 LIMIT 1   [ RunTime:0.0010s ]
SQL: SELECT `tname` FROM `tag` WHERE `tid` = 5 LIMIT 1   [ RunTime:0.0000s ]
SQL: SHOW COLUMNS FROM `category` [ RunTime:0.0100s ]
SQL: SELECT `cid`,`cname` FROM `category` ORDER BY csort desc  [ RunTime:0.0010s ]
SQL: SELECT * FROM `tag`  [ RunTime:0.0020s ]
SQL: SELECT * FROM `article` WHERE `is_recycle` = 1 ORDER BY click desc LIMIT 5   [ RunTime:0.0010s ]
INFO: [ view_parse ] --START--
INFO: [ template_filter ] --START--
INFO: Run Behavior\ContentReplaceBehavior [ RunTime:0.000000s ]
INFO: [ template_filter ] --END-- [ RunTime:0.001000s ]
INFO: Run Behavior\ParseTemplateBehavior [ RunTime:0.105006s ]
INFO: [ view_parse ] --END-- [ RunTime:0.105006s ]
INFO: [ view_filter ] --START--
INFO: Run Behavior\WriteHtmlCacheBehavior [ RunTime:0.002000s ]
INFO: [ view_filter ] --END-- [ RunTime:0.003000s ]
INFO: [ app_end ] --START--
INFO: Run Behavior\ShowPageTraceBehavior [ RunTime:0.002000s ]
INFO: [ app_end ] --END-- [ RunTime:0.002000s ]

[ 2017-01-09T22:54:54+08:00 ] 127.0.0.1 /hj/index.php/Home/Index/index/p/2.html
INFO: [ app_init ] --START--
INFO: Run Behavior\BuildLiteBehavior [ RunTime:0.000000s ]
INFO: [ app_init ] --END-- [ RunTime:0.002000s ]
INFO: [ app_begin ] --START--
INFO: Run Behavior\ReadHtmlCacheBehavior [ RunTime:0.002000s ]
INFO: [ app_begin ] --END-- [ RunTime:0.002000s ]
SQL: SHOW COLUMNS FROM `article` [ RunTime:0.0120s ]
SQL: SELECT `aid`,`title`,`click`,`sendtime`,`update_time`,`thumb`,`digest`,`author`,`user_id`,`category_cid`,`is_recycle` FROM `article` INNER JOIN article_data ON article.aid = article_data.article_aid  WHERE `is_recycle` = 1 ORDER BY sendtime desc LIMIT 5,5   [ RunTime:0.0030s ]
SQL: SELECT COUNT(*) AS tp_count FROM `article` WHERE ( is_recycle=1 ) LIMIT 1   [ RunTime:0.0020s ]
SQL: SHOW COLUMNS FROM `article_tag` [ RunTime:0.0100s ]
SQL: SELECT `tag_tid` FROM `article_tag` WHERE `article_aid` = 18 LIMIT 1   [ RunTime:0.0010s ]
SQL: SHOW COLUMNS FROM `tag` [ RunTime:0.0110s ]
SQL: SELECT `tname` FROM `tag` WHERE `tid` = 13 LIMIT 1   [ RunTime:0.0010s ]
SQL: SELECT `tag_tid` FROM `article_tag` WHERE `article_aid` = 17 LIMIT 1   [ RunTime:0.0010s ]
SQL: SELECT `tname` FROM `tag` WHERE `tid` = 4 LIMIT 1   [ RunTime:0.0010s ]
SQL: SELECT `tag_tid` FROM `article_tag` WHERE `article_aid` = 16 LIMIT 1   [ RunTime:0.0010s ]
SQL: SELECT `tname` FROM `tag` WHERE `tid` = 3 LIMIT 1   [ RunTime:0.0000s ]
SQL: SELECT `tag_tid` FROM `article_tag` WHERE `article_aid` = 15 LIMIT 1   [ RunTime:0.0010s ]
SQL: SELECT `tname` FROM `tag` WHERE `tid` = 9 LIMIT 1   [ RunTime:0.0010s ]
SQL: SELECT `tag_tid` FROM `article_tag` WHERE `article_aid` = 14 LIMIT 1   [ RunTime:0.0010s ]
SQL: SELECT `tname` FROM `tag` WHERE `tid` = 3 LIMIT 1   [ RunTime:0.0020s ]
SQL: SHOW COLUMNS FROM `category` [ RunTime:0.0110s ]
SQL: SELECT `cid`,`cname` FROM `category` ORDER BY csort desc  [ RunTime:0.0010s ]
SQL: SELECT * FROM `tag`  [ RunTime:0.0010s ]
SQL: SELECT * FROM `article` WHERE `is_recycle` = 1 ORDER BY click desc LIMIT 5   [ RunTime:0.0010s ]
INFO: [ view_parse ] --START--
INFO: [ template_filter ] --START--
INFO: Run Behavior\ContentReplaceBehavior [ RunTime:0.001000s ]
INFO: [ template_filter ] --END-- [ RunTime:0.001000s ]
INFO: Run Behavior\ParseTemplateBehavior [ RunTime:0.105006s ]
INFO: [ view_parse ] --END-- [ RunTime:0.105006s ]
INFO: [ view_filter ] --START--
INFO: Run Behavior\WriteHtmlCacheBehavior [ RunTime:0.002000s ]
INFO: [ view_filter ] --END-- [ RunTime:0.002000s ]
INFO: [ app_end ] --START--
INFO: Run Behavior\ShowPageTraceBehavior [ RunTime:0.002000s ]
INFO: [ app_end ] --END-- [ RunTime:0.002000s ]

[ 2017-01-09T22:54:59+08:00 ] 127.0.0.1 /hj/index.php/Home/Index/index.html
INFO: [ app_init ] --START--
INFO: Run Behavior\BuildLiteBehavior [ RunTime:0.000000s ]
INFO: [ app_init ] --END-- [ RunTime:0.002000s ]
INFO: [ app_begin ] --START--
INFO: Run Behavior\ReadHtmlCacheBehavior [ RunTime:0.002000s ]
INFO: [ app_begin ] --END-- [ RunTime:0.002000s ]
SQL: SHOW COLUMNS FROM `article` [ RunTime:0.0100s ]
SQL: SELECT `aid`,`title`,`click`,`sendtime`,`update_time`,`thumb`,`digest`,`author`,`user_id`,`category_cid`,`is_recycle` FROM `article` INNER JOIN article_data ON article.aid = article_data.article_aid  WHERE `is_recycle` = 1 ORDER BY sendtime desc LIMIT 0,5   [ RunTime:0.0020s ]
SQL: SELECT COUNT(*) AS tp_count FROM `article` WHERE ( is_recycle=1 ) LIMIT 1   [ RunTime:0.0010s ]
SQL: SHOW COLUMNS FROM `article_tag` [ RunTime:0.0120s ]
SQL: SELECT `tag_tid` FROM `article_tag` WHERE `article_aid` = 23 LIMIT 1   [ RunTime:0.0000s ]
SQL: SHOW COLUMNS FROM `tag` [ RunTime:0.0100s ]
SQL: SELECT `tname` FROM `tag` WHERE `tid` = 3 LIMIT 1   [ RunTime:0.0020s ]
SQL: SELECT `tag_tid` FROM `article_tag` WHERE `article_aid` = 22 LIMIT 1   [ RunTime:0.0010s ]
SQL: SELECT `tname` FROM `tag` WHERE `tid` = 2 LIMIT 1   [ RunTime:0.0010s ]
SQL: SELECT `tag_tid` FROM `article_tag` WHERE `article_aid` = 21 LIMIT 1   [ RunTime:0.0010s ]
SQL: SELECT `tname` FROM `tag` WHERE `tid` = 6 LIMIT 1   [ RunTime:0.0010s ]
SQL: SELECT `tag_tid` FROM `article_tag` WHERE `article_aid` = 20 LIMIT 1   [ RunTime:0.0010s ]
SQL: SELECT `tname` FROM `tag` WHERE `tid` = 5 LIMIT 1   [ RunTime:0.0010s ]
SQL: SELECT `tag_tid` FROM `article_tag` WHERE `article_aid` = 19 LIMIT 1   [ RunTime:0.0010s ]
SQL: SELECT `tname` FROM `tag` WHERE `tid` = 1 LIMIT 1   [ RunTime:0.0010s ]
SQL: SELECT `aid`,`title`,`click`,`sendtime`,`update_time`,`thumb`,`digest`,`author`,`user_id`,`category_cid`,`is_recycle` FROM `article` INNER JOIN article_data ON article.aid = article_data.article_aid  WHERE `is_recycle` = 1 AND `title` LIKE '%j%' ORDER BY sendtime desc LIMIT 0,5   [ RunTime:0.0010s ]
SQL: SELECT COUNT(*) AS tp_count FROM `article` WHERE `is_recycle` = 1 AND `title` LIKE '%j%' LIMIT 1   [ RunTime:0.0010s ]
SQL: SELECT `tag_tid` FROM `article_tag` WHERE `article_aid` = 18 LIMIT 1   [ RunTime:0.0000s ]
SQL: SELECT `tname` FROM `tag` WHERE `tid` = 13 LIMIT 1   [ RunTime:0.0010s ]
SQL: SELECT `tag_tid` FROM `article_tag` WHERE `article_aid` = 17 LIMIT 1   [ RunTime:0.0010s ]
SQL: SELECT `tname` FROM `tag` WHERE `tid` = 4 LIMIT 1   [ RunTime:0.0010s ]
SQL: SHOW COLUMNS FROM `category` [ RunTime:0.0090s ]
SQL: SELECT `cid`,`cname` FROM `category` ORDER BY csort desc  [ RunTime:0.0010s ]
SQL: SELECT * FROM `tag`  [ RunTime:0.0010s ]
SQL: SELECT * FROM `article` WHERE `is_recycle` = 1 ORDER BY click desc LIMIT 5   [ RunTime:0.0010s ]
INFO: [ view_parse ] --START--
INFO: [ template_filter ] --START--
INFO: Run Behavior\ContentReplaceBehavior [ RunTime:0.000000s ]
INFO: [ template_filter ] --END-- [ RunTime:0.001000s ]
INFO: Run Behavior\ParseTemplateBehavior [ RunTime:0.085005s ]
INFO: [ view_parse ] --END-- [ RunTime:0.085005s ]
INFO: [ view_filter ] --START--
INFO: Run Behavior\WriteHtmlCacheBehavior [ RunTime:0.001000s ]
INFO: [ view_filter ] --END-- [ RunTime:0.001000s ]
INFO: [ app_end ] --START--
INFO: Run Behavior\ShowPageTraceBehavior [ RunTime:0.002000s ]
INFO: [ app_end ] --END-- [ RunTime:0.003000s ]

[ 2017-01-09T22:55:10+08:00 ] 127.0.0.1 /hj/index.php/Home/Index/index.html
INFO: [ app_init ] --START--
INFO: Run Behavior\BuildLiteBehavior [ RunTime:0.001000s ]
INFO: [ app_init ] --END-- [ RunTime:0.003000s ]
INFO: [ app_begin ] --START--
INFO: Run Behavior\ReadHtmlCacheBehavior [ RunTime:0.002000s ]
INFO: [ app_begin ] --END-- [ RunTime:0.002000s ]
SQL: SHOW COLUMNS FROM `article` [ RunTime:0.0110s ]
SQL: SELECT `aid`,`title`,`click`,`sendtime`,`update_time`,`thumb`,`digest`,`author`,`user_id`,`category_cid`,`is_recycle` FROM `article` INNER JOIN article_data ON article.aid = article_data.article_aid  WHERE `is_recycle` = 1 ORDER BY sendtime desc LIMIT 0,5   [ RunTime:0.0010s ]
SQL: SELECT COUNT(*) AS tp_count FROM `article` WHERE ( is_recycle=1 ) LIMIT 1   [ RunTime:0.0020s ]
SQL: SHOW COLUMNS FROM `article_tag` [ RunTime:0.0110s ]
SQL: SELECT `tag_tid` FROM `article_tag` WHERE `article_aid` = 23 LIMIT 1   [ RunTime:0.0000s ]
SQL: SHOW COLUMNS FROM `tag` [ RunTime:0.0100s ]
SQL: SELECT `tname` FROM `tag` WHERE `tid` = 3 LIMIT 1   [ RunTime:0.0010s ]
SQL: SELECT `tag_tid` FROM `article_tag` WHERE `article_aid` = 22 LIMIT 1   [ RunTime:0.0010s ]
SQL: SELECT `tname` FROM `tag` WHERE `tid` = 2 LIMIT 1   [ RunTime:0.0010s ]
SQL: SELECT `tag_tid` FROM `article_tag` WHERE `article_aid` = 21 LIMIT 1   [ RunTime:0.0010s ]
SQL: SELECT `tname` FROM `tag` WHERE `tid` = 6 LIMIT 1   [ RunTime:0.0000s ]
SQL: SELECT `tag_tid` FROM `article_tag` WHERE `article_aid` = 20 LIMIT 1   [ RunTime:0.0000s ]
SQL: SELECT `tname` FROM `tag` WHERE `tid` = 5 LIMIT 1   [ RunTime:0.0010s ]
SQL: SELECT `tag_tid` FROM `article_tag` WHERE `article_aid` = 19 LIMIT 1   [ RunTime:0.0010s ]
SQL: SELECT `tname` FROM `tag` WHERE `tid` = 1 LIMIT 1   [ RunTime:0.0010s ]
SQL: SELECT `aid`,`title`,`click`,`sendtime`,`update_time`,`thumb`,`digest`,`author`,`user_id`,`category_cid`,`is_recycle` FROM `article` INNER JOIN article_data ON article.aid = article_data.article_aid  WHERE `is_recycle` = 1 AND `title` LIKE '%j%' ORDER BY sendtime desc LIMIT 0,5   [ RunTime:0.0020s ]
SQL: SELECT COUNT(*) AS tp_count FROM `article` WHERE `is_recycle` = 1 AND `title` LIKE '%j%' LIMIT 1   [ RunTime:0.0010s ]
SQL: SELECT `tag_tid` FROM `article_tag` WHERE `article_aid` = 18 LIMIT 1   [ RunTime:0.0010s ]
SQL: SELECT `tname` FROM `tag` WHERE `tid` = 13 LIMIT 1   [ RunTime:0.0010s ]
SQL: SELECT `tag_tid` FROM `article_tag` WHERE `article_aid` = 17 LIMIT 1   [ RunTime:0.0000s ]
SQL: SELECT `tname` FROM `tag` WHERE `tid` = 4 LIMIT 1   [ RunTime:0.0000s ]
SQL: SHOW COLUMNS FROM `category` [ RunTime:0.0120s ]
SQL: SELECT `cid`,`cname` FROM `category` ORDER BY csort desc  [ RunTime:0.0010s ]
SQL: SELECT * FROM `tag`  [ RunTime:0.0010s ]
SQL: SELECT * FROM `article` WHERE `is_recycle` = 1 ORDER BY click desc LIMIT 5   [ RunTime:0.0010s ]
INFO: [ view_parse ] --START--
INFO: [ template_filter ] --START--
INFO: Run Behavior\ContentReplaceBehavior [ RunTime:0.000000s ]
INFO: [ template_filter ] --END-- [ RunTime:0.001000s ]
INFO: Run Behavior\ParseTemplateBehavior [ RunTime:0.086005s ]
INFO: [ view_parse ] --END-- [ RunTime:0.086005s ]
INFO: [ view_filter ] --START--
INFO: Run Behavior\WriteHtmlCacheBehavior [ RunTime:0.002000s ]
INFO: [ view_filter ] --END-- [ RunTime:0.003000s ]
INFO: [ app_end ] --START--
INFO: Run Behavior\ShowPageTraceBehavior [ RunTime:0.009000s ]
INFO: [ app_end ] --END-- [ RunTime:0.010000s ]

[ 2017-01-09T22:55:22+08:00 ] 127.0.0.1 /hj/index.php/Home/Index/index.html
INFO: [ app_init ] --START--
INFO: Run Behavior\BuildLiteBehavior [ RunTime:0.000000s ]
INFO: [ app_init ] --END-- [ RunTime:0.002000s ]
INFO: [ app_begin ] --START--
INFO: Run Behavior\ReadHtmlCacheBehavior [ RunTime:0.002000s ]
INFO: [ app_begin ] --END-- [ RunTime:0.002000s ]
SQL: SHOW COLUMNS FROM `article` [ RunTime:0.0090s ]
SQL: SELECT `aid`,`title`,`click`,`sendtime`,`update_time`,`thumb`,`digest`,`author`,`user_id`,`category_cid`,`is_recycle` FROM `article` INNER JOIN article_data ON article.aid = article_data.article_aid  WHERE `is_recycle` = 1 ORDER BY sendtime desc LIMIT 0,5   [ RunTime:0.0010s ]
SQL: SELECT COUNT(*) AS tp_count FROM `article` WHERE ( is_recycle=1 ) LIMIT 1   [ RunTime:0.0010s ]
SQL: SHOW COLUMNS FROM `article_tag` [ RunTime:0.0130s ]
SQL: SELECT `tag_tid` FROM `article_tag` WHERE `article_aid` = 23 LIMIT 1   [ RunTime:0.0020s ]
SQL: SHOW COLUMNS FROM `tag` [ RunTime:0.0100s ]
SQL: SELECT `tname` FROM `tag` WHERE `tid` = 3 LIMIT 1   [ RunTime:0.0020s ]
SQL: SELECT `tag_tid` FROM `article_tag` WHERE `article_aid` = 22 LIMIT 1   [ RunTime:0.0010s ]
SQL: SELECT `tname` FROM `tag` WHERE `tid` = 2 LIMIT 1   [ RunTime:0.0010s ]
SQL: SELECT `tag_tid` FROM `article_tag` WHERE `article_aid` = 21 LIMIT 1   [ RunTime:0.0010s ]
SQL: SELECT `tname` FROM `tag` WHERE `tid` = 6 LIMIT 1   [ RunTime:0.0010s ]
SQL: SELECT `tag_tid` FROM `article_tag` WHERE `article_aid` = 20 LIMIT 1   [ RunTime:0.0000s ]
SQL: SELECT `tname` FROM `tag` WHERE `tid` = 5 LIMIT 1   [ RunTime:0.0000s ]
SQL: SELECT `tag_tid` FROM `article_tag` WHERE `article_aid` = 19 LIMIT 1   [ RunTime:0.0010s ]
SQL: SELECT `tname` FROM `tag` WHERE `tid` = 1 LIMIT 1   [ RunTime:0.0010s ]
SQL: SELECT `aid`,`title`,`click`,`sendtime`,`update_time`,`thumb`,`digest`,`author`,`user_id`,`category_cid`,`is_recycle` FROM `article` INNER JOIN article_data ON article.aid = article_data.article_aid  WHERE `is_recycle` = 1 AND `title` LIKE '%hhhh%' ORDER BY sendtime desc LIMIT 0,5   [ RunTime:0.0010s ]
SQL: SELECT COUNT(*) AS tp_count FROM `article` WHERE `is_recycle` = 1 AND `title` LIKE '%hhhh%' LIMIT 1   [ RunTime:0.0010s ]
SQL: SHOW COLUMNS FROM `category` [ RunTime:0.0100s ]
SQL: SELECT `cid`,`cname` FROM `category` ORDER BY csort desc  [ RunTime:0.0010s ]
SQL: SELECT * FROM `tag`  [ RunTime:0.0010s ]
SQL: SELECT * FROM `article` WHERE `is_recycle` = 1 ORDER BY click desc LIMIT 5   [ RunTime:0.0010s ]
INFO: [ view_parse ] --START--
INFO: [ template_filter ] --START--
INFO: Run Behavior\ContentReplaceBehavior [ RunTime:0.000000s ]
INFO: [ template_filter ] --END-- [ RunTime:0.001000s ]
INFO: Run Behavior\ParseTemplateBehavior [ RunTime:0.085005s ]
INFO: [ view_parse ] --END-- [ RunTime:0.085005s ]
INFO: [ view_filter ] --START--
INFO: Run Behavior\WriteHtmlCacheBehavior [ RunTime:0.003000s ]
INFO: [ view_filter ] --END-- [ RunTime:0.003000s ]
INFO: [ app_end ] --START--
INFO: Run Behavior\ShowPageTraceBehavior [ RunTime:0.007000s ]
INFO: [ app_end ] --END-- [ RunTime:0.008000s ]

[ 2017-01-09T22:55:31+08:00 ] 127.0.0.1 /hj/index.php/Home/Index/index.html
INFO: [ app_init ] --START--
INFO: Run Behavior\BuildLiteBehavior [ RunTime:0.000000s ]
INFO: [ app_init ] --END-- [ RunTime:0.001000s ]
INFO: [ app_begin ] --START--
INFO: Run Behavior\ReadHtmlCacheBehavior [ RunTime:0.001000s ]
INFO: [ app_begin ] --END-- [ RunTime:0.002000s ]
SQL: SHOW COLUMNS FROM `article` [ RunTime:0.0090s ]
SQL: SELECT `aid`,`title`,`click`,`sendtime`,`update_time`,`thumb`,`digest`,`author`,`user_id`,`category_cid`,`is_recycle` FROM `article` INNER JOIN article_data ON article.aid = article_data.article_aid  WHERE `is_recycle` = 1 ORDER BY sendtime desc LIMIT 0,5   [ RunTime:0.0030s ]
SQL: SELECT COUNT(*) AS tp_count FROM `article` WHERE ( is_recycle=1 ) LIMIT 1   [ RunTime:0.0010s ]
SQL: SHOW COLUMNS FROM `article_tag` [ RunTime:0.0100s ]
SQL: SELECT `tag_tid` FROM `article_tag` WHERE `article_aid` = 23 LIMIT 1   [ RunTime:0.0010s ]
SQL: SHOW COLUMNS FROM `tag` [ RunTime:0.0100s ]
SQL: SELECT `tname` FROM `tag` WHERE `tid` = 3 LIMIT 1   [ RunTime:0.0010s ]
SQL: SELECT `tag_tid` FROM `article_tag` WHERE `article_aid` = 22 LIMIT 1   [ RunTime:0.0010s ]
SQL: SELECT `tname` FROM `tag` WHERE `tid` = 2 LIMIT 1   [ RunTime:0.0000s ]
SQL: SELECT `tag_tid` FROM `article_tag` WHERE `article_aid` = 21 LIMIT 1   [ RunTime:0.0010s ]
SQL: SELECT `tname` FROM `tag` WHERE `tid` = 6 LIMIT 1   [ RunTime:0.0010s ]
SQL: SELECT `tag_tid` FROM `article_tag` WHERE `article_aid` = 20 LIMIT 1   [ RunTime:0.0010s ]
SQL: SELECT `tname` FROM `tag` WHERE `tid` = 5 LIMIT 1   [ RunTime:0.0010s ]
SQL: SELECT `tag_tid` FROM `article_tag` WHERE `article_aid` = 19 LIMIT 1   [ RunTime:0.0010s ]
SQL: SELECT `tname` FROM `tag` WHERE `tid` = 1 LIMIT 1   [ RunTime:0.0010s ]
SQL: SELECT `aid`,`title`,`click`,`sendtime`,`update_time`,`thumb`,`digest`,`author`,`user_id`,`category_cid`,`is_recycle` FROM `article` INNER JOIN article_data ON article.aid = article_data.article_aid  WHERE `is_recycle` = 1 AND `title` LIKE '%linux%' ORDER BY sendtime desc LIMIT 0,5   [ RunTime:0.0010s ]
SQL: SELECT COUNT(*) AS tp_count FROM `article` WHERE `is_recycle` = 1 AND `title` LIKE '%linux%' LIMIT 1   [ RunTime:0.0010s ]
SQL: SHOW COLUMNS FROM `category` [ RunTime:0.0100s ]
SQL: SELECT `cid`,`cname` FROM `category` ORDER BY csort desc  [ RunTime:0.0010s ]
SQL: SELECT * FROM `tag`  [ RunTime:0.0010s ]
SQL: SELECT * FROM `article` WHERE `is_recycle` = 1 ORDER BY click desc LIMIT 5   [ RunTime:0.0010s ]
INFO: [ view_parse ] --START--
INFO: [ template_filter ] --START--
INFO: Run Behavior\ContentReplaceBehavior [ RunTime:0.000000s ]
INFO: [ template_filter ] --END-- [ RunTime:0.001000s ]
INFO: Run Behavior\ParseTemplateBehavior [ RunTime:0.088005s ]
INFO: [ view_parse ] --END-- [ RunTime:0.090005s ]
INFO: [ view_filter ] --START--
INFO: Run Behavior\WriteHtmlCacheBehavior [ RunTime:0.001000s ]
INFO: [ view_filter ] --END-- [ RunTime:0.002000s ]
INFO: [ app_end ] --START--
INFO: Run Behavior\ShowPageTraceBehavior [ RunTime:0.027002s ]
INFO: [ app_end ] --END-- [ RunTime:0.028002s ]

[ 2017-01-09T22:55:35+08:00 ] 127.0.0.1 /hj/index.php/Home/Index/index.html
INFO: [ app_init ] --START--
INFO: Run Behavior\BuildLiteBehavior [ RunTime:0.000000s ]
INFO: [ app_init ] --END-- [ RunTime:0.002000s ]
INFO: [ app_begin ] --START--
INFO: Run Behavior\ReadHtmlCacheBehavior [ RunTime:0.002000s ]
INFO: [ app_begin ] --END-- [ RunTime:0.002000s ]
SQL: SHOW COLUMNS FROM `article` [ RunTime:0.0110s ]
SQL: SELECT `aid`,`title`,`click`,`sendtime`,`update_time`,`thumb`,`digest`,`author`,`user_id`,`category_cid`,`is_recycle` FROM `article` INNER JOIN article_data ON article.aid = article_data.article_aid  WHERE `is_recycle` = 1 ORDER BY sendtime desc LIMIT 0,5   [ RunTime:0.0010s ]
SQL: SELECT COUNT(*) AS tp_count FROM `article` WHERE ( is_recycle=1 ) LIMIT 1   [ RunTime:0.0010s ]
SQL: SHOW COLUMNS FROM `article_tag` [ RunTime:0.0100s ]
SQL: SELECT `tag_tid` FROM `article_tag` WHERE `article_aid` = 23 LIMIT 1   [ RunTime:0.0010s ]
SQL: SHOW COLUMNS FROM `tag` [ RunTime:0.0100s ]
SQL: SELECT `tname` FROM `tag` WHERE `tid` = 3 LIMIT 1   [ RunTime:0.0020s ]
SQL: SELECT `tag_tid` FROM `article_tag` WHERE `article_aid` = 22 LIMIT 1   [ RunTime:0.0010s ]
SQL: SELECT `tname` FROM `tag` WHERE `tid` = 2 LIMIT 1   [ RunTime:0.0020s ]
SQL: SELECT `tag_tid` FROM `article_tag` WHERE `article_aid` = 21 LIMIT 1   [ RunTime:0.0010s ]
SQL: SELECT `tname` FROM `tag` WHERE `tid` = 6 LIMIT 1   [ RunTime:0.0020s ]
SQL: SELECT `tag_tid` FROM `article_tag` WHERE `article_aid` = 20 LIMIT 1   [ RunTime:0.0010s ]
SQL: SELECT `tname` FROM `tag` WHERE `tid` = 5 LIMIT 1   [ RunTime:0.0010s ]
SQL: SELECT `tag_tid` FROM `article_tag` WHERE `article_aid` = 19 LIMIT 1   [ RunTime:0.0010s ]
SQL: SELECT `tname` FROM `tag` WHERE `tid` = 1 LIMIT 1   [ RunTime:0.0020s ]
SQL: SELECT `aid`,`title`,`click`,`sendtime`,`update_time`,`thumb`,`digest`,`author`,`user_id`,`category_cid`,`is_recycle` FROM `article` INNER JOIN article_data ON article.aid = article_data.article_aid  WHERE `is_recycle` = 1 AND `title` LIKE '%linux%' ORDER BY sendtime desc LIMIT 0,5   [ RunTime:0.0020s ]
SQL: SELECT COUNT(*) AS tp_count FROM `article` WHERE `is_recycle` = 1 AND `title` LIKE '%linux%' LIMIT 1   [ RunTime:0.0000s ]
SQL: SHOW COLUMNS FROM `category` [ RunTime:0.0110s ]
SQL: SELECT `cid`,`cname` FROM `category` ORDER BY csort desc  [ RunTime:0.0030s ]
SQL: SELECT * FROM `tag`  [ RunTime:0.0010s ]
SQL: SELECT * FROM `article` WHERE `is_recycle` = 1 ORDER BY click desc LIMIT 5   [ RunTime:0.0010s ]
INFO: [ view_parse ] --START--
INFO: [ template_filter ] --START--
INFO: Run Behavior\ContentReplaceBehavior [ RunTime:0.001000s ]
INFO: [ template_filter ] --END-- [ RunTime:0.001000s ]
INFO: Run Behavior\ParseTemplateBehavior [ RunTime:0.087005s ]
INFO: [ view_parse ] --END-- [ RunTime:0.088006s ]
INFO: [ view_filter ] --START--
INFO: Run Behavior\WriteHtmlCacheBehavior [ RunTime:0.002000s ]
INFO: [ view_filter ] --END-- [ RunTime:0.003000s ]
INFO: [ app_end ] --START--
INFO: Run Behavior\ShowPageTraceBehavior [ RunTime:0.013000s ]
INFO: [ app_end ] --END-- [ RunTime:0.013000s ]

[ 2017-01-09T22:55:53+08:00 ] 127.0.0.1 /hj/index.php/Home/Index/index.html
INFO: [ app_init ] --START--
INFO: Run Behavior\BuildLiteBehavior [ RunTime:0.000000s ]
INFO: [ app_init ] --END-- [ RunTime:0.002000s ]
INFO: [ app_begin ] --START--
INFO: Run Behavior\ReadHtmlCacheBehavior [ RunTime:0.002000s ]
INFO: [ app_begin ] --END-- [ RunTime:0.002000s ]
SQL: SHOW COLUMNS FROM `article` [ RunTime:0.0120s ]
SQL: SELECT `aid`,`title`,`click`,`sendtime`,`update_time`,`thumb`,`digest`,`author`,`user_id`,`category_cid`,`is_recycle` FROM `article` INNER JOIN article_data ON article.aid = article_data.article_aid  WHERE `is_recycle` = 1 ORDER BY sendtime desc LIMIT 0,5   [ RunTime:0.0020s ]
SQL: SELECT COUNT(*) AS tp_count FROM `article` WHERE ( is_recycle=1 ) LIMIT 1   [ RunTime:0.0010s ]
SQL: SHOW COLUMNS FROM `article_tag` [ RunTime:0.0090s ]
SQL: SELECT `tag_tid` FROM `article_tag` WHERE `article_aid` = 23 LIMIT 1   [ RunTime:0.0010s ]
SQL: SHOW COLUMNS FROM `tag` [ RunTime:0.0110s ]
SQL: SELECT `tname` FROM `tag` WHERE `tid` = 3 LIMIT 1   [ RunTime:0.0010s ]
SQL: SELECT `tag_tid` FROM `article_tag` WHERE `article_aid` = 22 LIMIT 1   [ RunTime:0.0000s ]
SQL: SELECT `tname` FROM `tag` WHERE `tid` = 2 LIMIT 1   [ RunTime:0.0000s ]
SQL: SELECT `tag_tid` FROM `article_tag` WHERE `article_aid` = 21 LIMIT 1   [ RunTime:0.0000s ]
SQL: SELECT `tname` FROM `tag` WHERE `tid` = 6 LIMIT 1   [ RunTime:0.0010s ]
SQL: SELECT `tag_tid` FROM `article_tag` WHERE `article_aid` = 20 LIMIT 1   [ RunTime:0.0010s ]
SQL: SELECT `tname` FROM `tag` WHERE `tid` = 5 LIMIT 1   [ RunTime:0.0010s ]
SQL: SELECT `tag_tid` FROM `article_tag` WHERE `article_aid` = 19 LIMIT 1   [ RunTime:0.0010s ]
SQL: SELECT `tname` FROM `tag` WHERE `tid` = 1 LIMIT 1   [ RunTime:0.0010s ]
SQL: SELECT `aid`,`title`,`click`,`sendtime`,`update_time`,`thumb`,`digest`,`author`,`user_id`,`category_cid`,`is_recycle` FROM `article` INNER JOIN article_data ON article.aid = article_data.article_aid  WHERE `is_recycle` = 1 AND `title` LIKE '%生活%' ORDER BY sendtime desc LIMIT 0,5   [ RunTime:0.0020s ]
SQL: SELECT COUNT(*) AS tp_count FROM `article` WHERE `is_recycle` = 1 AND `title` LIKE '%生活%' LIMIT 1   [ RunTime:0.0010s ]
SQL: SHOW COLUMNS FROM `category` [ RunTime:0.0110s ]
SQL: SELECT `cid`,`cname` FROM `category` ORDER BY csort desc  [ RunTime:0.0010s ]
SQL: SELECT * FROM `tag`  [ RunTime:0.0010s ]
SQL: SELECT * FROM `article` WHERE `is_recycle` = 1 ORDER BY click desc LIMIT 5   [ RunTime:0.0010s ]
INFO: [ view_parse ] --START--
INFO: [ template_filter ] --START--
INFO: Run Behavior\ContentReplaceBehavior [ RunTime:0.000000s ]
INFO: [ template_filter ] --END-- [ RunTime:0.001000s ]
INFO: Run Behavior\ParseTemplateBehavior [ RunTime:0.097006s ]
INFO: [ view_parse ] --END-- [ RunTime:0.099006s ]
INFO: [ view_filter ] --START--
INFO: Run Behavior\WriteHtmlCacheBehavior [ RunTime:0.001000s ]
INFO: [ view_filter ] --END-- [ RunTime:0.003000s ]
INFO: [ app_end ] --START--
INFO: Run Behavior\ShowPageTraceBehavior [ RunTime:0.007000s ]
INFO: [ app_end ] --END-- [ RunTime:0.008000s ]

[ 2017-01-09T22:56:05+08:00 ] 127.0.0.1 /hj/index.php/Home/Index/index.html
INFO: [ app_init ] --START--
INFO: Run Behavior\BuildLiteBehavior [ RunTime:0.000000s ]
INFO: [ app_init ] --END-- [ RunTime:0.002000s ]
INFO: [ app_begin ] --START--
INFO: Run Behavior\ReadHtmlCacheBehavior [ RunTime:0.001000s ]
INFO: [ app_begin ] --END-- [ RunTime:0.003000s ]
SQL: SHOW COLUMNS FROM `article` [ RunTime:0.0110s ]
SQL: SELECT `aid`,`title`,`click`,`sendtime`,`update_time`,`thumb`,`digest`,`author`,`user_id`,`category_cid`,`is_recycle` FROM `article` INNER JOIN article_data ON article.aid = article_data.article_aid  WHERE `is_recycle` = 1 ORDER BY sendtime desc LIMIT 0,5   [ RunTime:0.0030s ]
SQL: SELECT COUNT(*) AS tp_count FROM `article` WHERE ( is_recycle=1 ) LIMIT 1   [ RunTime:0.0020s ]
SQL: SHOW COLUMNS FROM `article_tag` [ RunTime:0.0110s ]
SQL: SELECT `tag_tid` FROM `article_tag` WHERE `article_aid` = 23 LIMIT 1   [ RunTime:0.0010s ]
SQL: SHOW COLUMNS FROM `tag` [ RunTime:0.0100s ]
SQL: SELECT `tname` FROM `tag` WHERE `tid` = 3 LIMIT 1   [ RunTime:0.0010s ]
SQL: SELECT `tag_tid` FROM `article_tag` WHERE `article_aid` = 22 LIMIT 1   [ RunTime:0.0010s ]
SQL: SELECT `tname` FROM `tag` WHERE `tid` = 2 LIMIT 1   [ RunTime:0.0020s ]
SQL: SELECT `tag_tid` FROM `article_tag` WHERE `article_aid` = 21 LIMIT 1   [ RunTime:0.0010s ]
SQL: SELECT `tname` FROM `tag` WHERE `tid` = 6 LIMIT 1   [ RunTime:0.0010s ]
SQL: SELECT `tag_tid` FROM `article_tag` WHERE `article_aid` = 20 LIMIT 1   [ RunTime:0.0000s ]
SQL: SELECT `tname` FROM `tag` WHERE `tid` = 5 LIMIT 1   [ RunTime:0.0000s ]
SQL: SELECT `tag_tid` FROM `article_tag` WHERE `article_aid` = 19 LIMIT 1   [ RunTime:0.0000s ]
SQL: SELECT `tname` FROM `tag` WHERE `tid` = 1 LIMIT 1   [ RunTime:0.0000s ]
SQL: SELECT `aid`,`title`,`click`,`sendtime`,`update_time`,`thumb`,`digest`,`author`,`user_id`,`category_cid`,`is_recycle` FROM `article` INNER JOIN article_data ON article.aid = article_data.article_aid  WHERE `is_recycle` = 1 AND `title` LIKE '%移%' ORDER BY sendtime desc LIMIT 0,5   [ RunTime:0.0010s ]
SQL: SELECT COUNT(*) AS tp_count FROM `article` WHERE `is_recycle` = 1 AND `title` LIKE '%移%' LIMIT 1   [ RunTime:0.0010s ]
SQL: SELECT `tag_tid` FROM `article_tag` WHERE `article_aid` = 14 LIMIT 1   [ RunTime:0.0000s ]
SQL: SELECT `tname` FROM `tag` WHERE `tid` = 3 LIMIT 1   [ RunTime:0.0010s ]
SQL: SHOW COLUMNS FROM `category` [ RunTime:0.0130s ]
SQL: SELECT `cid`,`cname` FROM `category` ORDER BY csort desc  [ RunTime:0.0000s ]
SQL: SELECT * FROM `tag`  [ RunTime:0.0000s ]
SQL: SELECT * FROM `article` WHERE `is_recycle` = 1 ORDER BY click desc LIMIT 5   [ RunTime:0.0010s ]
INFO: [ view_parse ] --START--
INFO: [ template_filter ] --START--
INFO: Run Behavior\ContentReplaceBehavior [ RunTime:0.000000s ]
INFO: [ template_filter ] --END-- [ RunTime:0.001000s ]
INFO: Run Behavior\ParseTemplateBehavior [ RunTime:0.095005s ]
INFO: [ view_parse ] --END-- [ RunTime:0.096005s ]
INFO: [ view_filter ] --START--
INFO: Run Behavior\WriteHtmlCacheBehavior [ RunTime:0.001000s ]
INFO: [ view_filter ] --END-- [ RunTime:0.002000s ]
INFO: [ app_end ] --START--
INFO: Run Behavior\ShowPageTraceBehavior [ RunTime:0.001000s ]
INFO: [ app_end ] --END-- [ RunTime:0.002000s ]

[ 2017-01-09T22:57:18+08:00 ] 127.0.0.1 /hj/index.php/Home/Index/index.html
INFO: [ app_init ] --START--
INFO: Run Behavior\BuildLiteBehavior [ RunTime:0.001000s ]
INFO: [ app_init ] --END-- [ RunTime:0.003000s ]
INFO: [ app_begin ] --START--
INFO: Run Behavior\ReadHtmlCacheBehavior [ RunTime:0.002000s ]
INFO: [ app_begin ] --END-- [ RunTime:0.003000s ]
SQL: SHOW COLUMNS FROM `article` [ RunTime:0.0160s ]
SQL: SELECT `aid`,`title`,`click`,`sendtime`,`update_time`,`thumb`,`digest`,`author`,`user_id`,`category_cid`,`is_recycle` FROM `article` INNER JOIN article_data ON article.aid = article_data.article_aid  WHERE `is_recycle` = 1 ORDER BY sendtime desc LIMIT 0,5   [ RunTime:0.0020s ]
SQL: SELECT COUNT(*) AS tp_count FROM `article` WHERE ( is_recycle=1 ) LIMIT 1   [ RunTime:0.0010s ]
SQL: SHOW COLUMNS FROM `article_tag` [ RunTime:0.0110s ]
SQL: SELECT `tag_tid` FROM `article_tag` WHERE `article_aid` = 23 LIMIT 1   [ RunTime:0.0000s ]
SQL: SHOW COLUMNS FROM `tag` [ RunTime:0.0090s ]
SQL: SELECT `tname` FROM `tag` WHERE `tid` = 3 LIMIT 1   [ RunTime:0.0010s ]
SQL: SELECT `tag_tid` FROM `article_tag` WHERE `article_aid` = 22 LIMIT 1   [ RunTime:0.0010s ]
SQL: SELECT `tname` FROM `tag` WHERE `tid` = 2 LIMIT 1   [ RunTime:0.0010s ]
SQL: SELECT `tag_tid` FROM `article_tag` WHERE `article_aid` = 21 LIMIT 1   [ RunTime:0.0000s ]
SQL: SELECT `tname` FROM `tag` WHERE `tid` = 6 LIMIT 1   [ RunTime:0.0010s ]
SQL: SELECT `tag_tid` FROM `article_tag` WHERE `article_aid` = 20 LIMIT 1   [ RunTime:0.0010s ]
SQL: SELECT `tname` FROM `tag` WHERE `tid` = 5 LIMIT 1   [ RunTime:0.0010s ]
SQL: SELECT `tag_tid` FROM `article_tag` WHERE `article_aid` = 19 LIMIT 1   [ RunTime:0.0010s ]
SQL: SELECT `tname` FROM `tag` WHERE `tid` = 1 LIMIT 1   [ RunTime:0.0000s ]
SQL: SHOW COLUMNS FROM `category` [ RunTime:0.0110s ]
SQL: SELECT `cid`,`cname` FROM `category` ORDER BY csort desc  [ RunTime:0.0010s ]
SQL: SELECT * FROM `tag`  [ RunTime:0.0010s ]
SQL: SELECT * FROM `article` WHERE `is_recycle` = 1 ORDER BY click desc LIMIT 5   [ RunTime:0.0010s ]
INFO: [ view_parse ] --START--
INFO: [ template_filter ] --START--
INFO: Run Behavior\ContentReplaceBehavior [ RunTime:0.001000s ]
INFO: [ template_filter ] --END-- [ RunTime:0.001000s ]
INFO: Run Behavior\ParseTemplateBehavior [ RunTime:0.096005s ]
INFO: [ view_parse ] --END-- [ RunTime:0.097005s ]
INFO: [ view_filter ] --START--
INFO: Run Behavior\WriteHtmlCacheBehavior [ RunTime:0.001000s ]
INFO: [ view_filter ] --END-- [ RunTime:0.002000s ]
INFO: [ app_end ] --START--
INFO: Run Behavior\ShowPageTraceBehavior [ RunTime:0.002000s ]
INFO: [ app_end ] --END-- [ RunTime:0.002000s ]

[ 2017-01-09T22:57:20+08:00 ] 127.0.0.1 /hj/index.php/Home/Index/index.html
INFO: [ app_init ] --START--
INFO: Run Behavior\BuildLiteBehavior [ RunTime:0.000000s ]
INFO: [ app_init ] --END-- [ RunTime:0.001000s ]
INFO: [ app_begin ] --START--
INFO: Run Behavior\ReadHtmlCacheBehavior [ RunTime:0.001000s ]
INFO: [ app_begin ] --END-- [ RunTime:0.002000s ]
SQL: SHOW COLUMNS FROM `article` [ RunTime:0.0090s ]
SQL: SELECT `aid`,`title`,`click`,`sendtime`,`update_time`,`thumb`,`digest`,`author`,`user_id`,`category_cid`,`is_recycle` FROM `article` INNER JOIN article_data ON article.aid = article_data.article_aid  WHERE `is_recycle` = 1 ORDER BY sendtime desc LIMIT 0,5   [ RunTime:0.0010s ]
SQL: SELECT COUNT(*) AS tp_count FROM `article` WHERE ( is_recycle=1 ) LIMIT 1   [ RunTime:0.0010s ]
SQL: SHOW COLUMNS FROM `article_tag` [ RunTime:0.0110s ]
SQL: SELECT `tag_tid` FROM `article_tag` WHERE `article_aid` = 23 LIMIT 1   [ RunTime:0.0010s ]
SQL: SHOW COLUMNS FROM `tag` [ RunTime:0.0100s ]
SQL: SELECT `tname` FROM `tag` WHERE `tid` = 3 LIMIT 1   [ RunTime:0.0010s ]
SQL: SELECT `tag_tid` FROM `article_tag` WHERE `article_aid` = 22 LIMIT 1   [ RunTime:0.0010s ]
SQL: SELECT `tname` FROM `tag` WHERE `tid` = 2 LIMIT 1   [ RunTime:0.0010s ]
SQL: SELECT `tag_tid` FROM `article_tag` WHERE `article_aid` = 21 LIMIT 1   [ RunTime:0.0010s ]
SQL: SELECT `tname` FROM `tag` WHERE `tid` = 6 LIMIT 1   [ RunTime:0.0000s ]
SQL: SELECT `tag_tid` FROM `article_tag` WHERE `article_aid` = 20 LIMIT 1   [ RunTime:0.0010s ]
SQL: SELECT `tname` FROM `tag` WHERE `tid` = 5 LIMIT 1   [ RunTime:0.0010s ]
SQL: SELECT `tag_tid` FROM `article_tag` WHERE `article_aid` = 19 LIMIT 1   [ RunTime:0.0010s ]
SQL: SELECT `tname` FROM `tag` WHERE `tid` = 1 LIMIT 1   [ RunTime:0.0000s ]
SQL: SHOW COLUMNS FROM `category` [ RunTime:0.0120s ]
SQL: SELECT `cid`,`cname` FROM `category` ORDER BY csort desc  [ RunTime:0.0010s ]
SQL: SELECT * FROM `tag`  [ RunTime:0.0010s ]
SQL: SELECT * FROM `article` WHERE `is_recycle` = 1 ORDER BY click desc LIMIT 5   [ RunTime:0.0010s ]
INFO: [ view_parse ] --START--
INFO: [ template_filter ] --START--
INFO: Run Behavior\ContentReplaceBehavior [ RunTime:0.000000s ]
INFO: [ template_filter ] --END-- [ RunTime:0.001000s ]
INFO: Run Behavior\ParseTemplateBehavior [ RunTime:0.124007s ]
INFO: [ view_parse ] --END-- [ RunTime:0.124007s ]
INFO: [ view_filter ] --START--
INFO: Run Behavior\WriteHtmlCacheBehavior [ RunTime:0.004000s ]
INFO: [ view_filter ] --END-- [ RunTime:0.005000s ]
INFO: [ app_end ] --START--
INFO: Run Behavior\ShowPageTraceBehavior [ RunTime:0.022001s ]
INFO: [ app_end ] --END-- [ RunTime:0.023002s ]

[ 2017-01-09T22:57:23+08:00 ] 127.0.0.1 /hj/index.php/Home/Index/index.html?search=%E6%B0%B4
INFO: [ app_init ] --START--
INFO: Run Behavior\BuildLiteBehavior [ RunTime:0.001000s ]
INFO: [ app_init ] --END-- [ RunTime:0.002000s ]
INFO: [ app_begin ] --START--
INFO: Run Behavior\ReadHtmlCacheBehavior [ RunTime:0.003000s ]
INFO: [ app_begin ] --END-- [ RunTime:0.004000s ]
SQL: SHOW COLUMNS FROM `article` [ RunTime:0.0120s ]
SQL: SELECT `aid`,`title`,`click`,`sendtime`,`update_time`,`thumb`,`digest`,`author`,`user_id`,`category_cid`,`is_recycle` FROM `article` INNER JOIN article_data ON article.aid = article_data.article_aid  WHERE `is_recycle` = 1 ORDER BY sendtime desc LIMIT 0,5   [ RunTime:0.0020s ]
SQL: SELECT COUNT(*) AS tp_count FROM `article` WHERE ( is_recycle=1 ) LIMIT 1   [ RunTime:0.0010s ]
SQL: SHOW COLUMNS FROM `article_tag` [ RunTime:0.0110s ]
SQL: SELECT `tag_tid` FROM `article_tag` WHERE `article_aid` = 23 LIMIT 1   [ RunTime:0.0010s ]
SQL: SHOW COLUMNS FROM `tag` [ RunTime:0.0090s ]
SQL: SELECT `tname` FROM `tag` WHERE `tid` = 3 LIMIT 1   [ RunTime:0.0010s ]
SQL: SELECT `tag_tid` FROM `article_tag` WHERE `article_aid` = 22 LIMIT 1   [ RunTime:0.0010s ]
SQL: SELECT `tname` FROM `tag` WHERE `tid` = 2 LIMIT 1   [ RunTime:0.0010s ]
SQL: SELECT `tag_tid` FROM `article_tag` WHERE `article_aid` = 21 LIMIT 1   [ RunTime:0.0010s ]
SQL: SELECT `tname` FROM `tag` WHERE `tid` = 6 LIMIT 1   [ RunTime:0.0010s ]
SQL: SELECT `tag_tid` FROM `article_tag` WHERE `article_aid` = 20 LIMIT 1   [ RunTime:0.0000s ]
SQL: SELECT `tname` FROM `tag` WHERE `tid` = 5 LIMIT 1   [ RunTime:0.0000s ]
SQL: SELECT `tag_tid` FROM `article_tag` WHERE `article_aid` = 19 LIMIT 1   [ RunTime:0.0000s ]
SQL: SELECT `tname` FROM `tag` WHERE `tid` = 1 LIMIT 1   [ RunTime:0.0020s ]
SQL: SELECT `aid`,`title`,`click`,`sendtime`,`update_time`,`thumb`,`digest`,`author`,`user_id`,`category_cid`,`is_recycle` FROM `article` INNER JOIN article_data ON article.aid = article_data.article_aid  WHERE `is_recycle` = 1 AND `title` LIKE '%水%' ORDER BY sendtime desc LIMIT 0,5   [ RunTime:0.0020s ]
SQL: SELECT COUNT(*) AS tp_count FROM `article` WHERE `is_recycle` = 1 AND `title` LIKE '%水%' LIMIT 1   [ RunTime:0.0010s ]
SQL: SHOW COLUMNS FROM `category` [ RunTime:0.0110s ]
SQL: SELECT `cid`,`cname` FROM `category` ORDER BY csort desc  [ RunTime:0.0010s ]
SQL: SELECT * FROM `tag`  [ RunTime:0.0010s ]
SQL: SELECT * FROM `article` WHERE `is_recycle` = 1 ORDER BY click desc LIMIT 5   [ RunTime:0.0030s ]
INFO: [ view_parse ] --START--
INFO: [ template_filter ] --START--
INFO: Run Behavior\ContentReplaceBehavior [ RunTime:0.000000s ]
INFO: [ template_filter ] --END-- [ RunTime:0.001000s ]
INFO: Run Behavior\ParseTemplateBehavior [ RunTime:0.085005s ]
INFO: [ view_parse ] --END-- [ RunTime:0.086005s ]
INFO: [ view_filter ] --START--
INFO: Run Behavior\WriteHtmlCacheBehavior [ RunTime:0.001000s ]
INFO: [ view_filter ] --END-- [ RunTime:0.001000s ]
INFO: [ app_end ] --START--
INFO: Run Behavior\ShowPageTraceBehavior [ RunTime:0.011001s ]
INFO: [ app_end ] --END-- [ RunTime:0.012001s ]

[ 2017-01-09T22:57:33+08:00 ] 127.0.0.1 /hj/index.php/Home/Index/index.html?search=%E8%B0%81
INFO: [ app_init ] --START--
INFO: Run Behavior\BuildLiteBehavior [ RunTime:0.000000s ]
INFO: [ app_init ] --END-- [ RunTime:0.002000s ]
INFO: [ app_begin ] --START--
INFO: Run Behavior\ReadHtmlCacheBehavior [ RunTime:0.003001s ]
INFO: [ app_begin ] --END-- [ RunTime:0.003001s ]
SQL: SHOW COLUMNS FROM `article` [ RunTime:0.0120s ]
SQL: SELECT `aid`,`title`,`click`,`sendtime`,`update_time`,`thumb`,`digest`,`author`,`user_id`,`category_cid`,`is_recycle` FROM `article` INNER JOIN article_data ON article.aid = article_data.article_aid  WHERE `is_recycle` = 1 ORDER BY sendtime desc LIMIT 0,5   [ RunTime:0.0020s ]
SQL: SELECT COUNT(*) AS tp_count FROM `article` WHERE ( is_recycle=1 ) LIMIT 1   [ RunTime:0.0010s ]
SQL: SHOW COLUMNS FROM `article_tag` [ RunTime:0.0100s ]
SQL: SELECT `tag_tid` FROM `article_tag` WHERE `article_aid` = 23 LIMIT 1   [ RunTime:0.0000s ]
SQL: SHOW COLUMNS FROM `tag` [ RunTime:0.0100s ]
SQL: SELECT `tname` FROM `tag` WHERE `tid` = 3 LIMIT 1   [ RunTime:0.0010s ]
SQL: SELECT `tag_tid` FROM `article_tag` WHERE `article_aid` = 22 LIMIT 1   [ RunTime:0.0010s ]
SQL: SELECT `tname` FROM `tag` WHERE `tid` = 2 LIMIT 1   [ RunTime:0.0010s ]
SQL: SELECT `tag_tid` FROM `article_tag` WHERE `article_aid` = 21 LIMIT 1   [ RunTime:0.0000s ]
SQL: SELECT `tname` FROM `tag` WHERE `tid` = 6 LIMIT 1   [ RunTime:0.0000s ]
SQL: SELECT `tag_tid` FROM `article_tag` WHERE `article_aid` = 20 LIMIT 1   [ RunTime:0.0010s ]
SQL: SELECT `tname` FROM `tag` WHERE `tid` = 5 LIMIT 1   [ RunTime:0.0010s ]
SQL: SELECT `tag_tid` FROM `article_tag` WHERE `article_aid` = 19 LIMIT 1   [ RunTime:0.0010s ]
SQL: SELECT `tname` FROM `tag` WHERE `tid` = 1 LIMIT 1   [ RunTime:0.0010s ]
SQL: SELECT `aid`,`title`,`click`,`sendtime`,`update_time`,`thumb`,`digest`,`author`,`user_id`,`category_cid`,`is_recycle` FROM `article` INNER JOIN article_data ON article.aid = article_data.article_aid  WHERE `is_recycle` = 1 AND `title` LIKE '%谁%' ORDER BY sendtime desc LIMIT 0,5   [ RunTime:0.0020s ]
SQL: SELECT COUNT(*) AS tp_count FROM `article` WHERE `is_recycle` = 1 AND `title` LIKE '%谁%' LIMIT 1   [ RunTime:0.0000s ]
SQL: SELECT `tag_tid` FROM `article_tag` WHERE `article_aid` = 8 LIMIT 1   [ RunTime:0.0000s ]
SQL: SELECT `tname` FROM `tag` WHERE `tid` = 5 LIMIT 1   [ RunTime:0.0010s ]
SQL: SHOW COLUMNS FROM `category` [ RunTime:0.0130s ]
SQL: SELECT `cid`,`cname` FROM `category` ORDER BY csort desc  [ RunTime:0.0010s ]
SQL: SELECT * FROM `tag`  [ RunTime:0.0010s ]
SQL: SELECT * FROM `article` WHERE `is_recycle` = 1 ORDER BY click desc LIMIT 5   [ RunTime:0.0010s ]
INFO: [ view_parse ] --START--
INFO: [ template_filter ] --START--
INFO: Run Behavior\ContentReplaceBehavior [ RunTime:0.000000s ]
INFO: [ template_filter ] --END-- [ RunTime:0.001000s ]
INFO: Run Behavior\ParseTemplateBehavior [ RunTime:0.094005s ]
INFO: [ view_parse ] --END-- [ RunTime:0.095005s ]
INFO: [ view_filter ] --START--
INFO: Run Behavior\WriteHtmlCacheBehavior [ RunTime:0.002000s ]
INFO: [ view_filter ] --END-- [ RunTime:0.002000s ]
INFO: [ app_end ] --START--
INFO: Run Behavior\ShowPageTraceBehavior [ RunTime:0.010001s ]
INFO: [ app_end ] --END-- [ RunTime:0.010001s ]

[ 2017-01-09T22:57:40+08:00 ] 127.0.0.1 /hj/index.php/Home/Content/show/aid/8.html
INFO: [ app_init ] --START--
INFO: Run Behavior\BuildLiteBehavior [ RunTime:0.000000s ]
INFO: [ app_init ] --END-- [ RunTime:0.002000s ]
INFO: [ app_begin ] --START--
INFO: Run Behavior\ReadHtmlCacheBehavior [ RunTime:0.002000s ]
INFO: [ app_begin ] --END-- [ RunTime:0.002000s ]
NOTIC: [2048] Declaration of Home\Controller\ContentController::show() should be compatible with Think\Controller::show($content, $charset = '', $contentType = '', $prefix = '') D:\wamp\www\hj\Application\Home\Controller\ContentController.class.php 第 134 行.
SQL: SHOW COLUMNS FROM `article` [ RunTime:0.0110s ]
SQL: UPDATE `article` SET `click`=click+1 WHERE `aid` = 8 [ RunTime:0.0340s ]
SQL: SELECT * FROM `article` INNER JOIN article_data ON article.aid = article_data.article_aid  WHERE `aid` = 8 LIMIT 1   [ RunTime:0.0010s ]
SQL: SHOW COLUMNS FROM `article_tag` [ RunTime:0.0120s ]
SQL: SELECT `tag_tid` FROM `article_tag` WHERE `article_aid` = 8 LIMIT 1   [ RunTime:0.0010s ]
SQL: SHOW COLUMNS FROM `tag` [ RunTime:0.0100s ]
SQL: SELECT `tname` FROM `tag` WHERE `tid` = 5 LIMIT 1   [ RunTime:0.0010s ]
SQL: SHOW COLUMNS FROM `category` [ RunTime:0.0120s ]
SQL: SELECT `cid`,`cname` FROM `category` WHERE `cid` = 4 LIMIT 1   [ RunTime:0.0000s ]
SQL: SELECT `aid`,`title` FROM `article` WHERE `aid` = 9  [ RunTime:0.0010s ]
SQL: SELECT `aid`,`title` FROM `article` WHERE `aid` = 7  [ RunTime:0.0010s ]
SQL: SHOW COLUMNS FROM `like_num` [ RunTime:0.0090s ]
SQL: SELECT SUM(num) AS tp_sum FROM `like_num` WHERE `article_aid` = 8 LIMIT 1   [ RunTime:0.0010s ]
SQL: SHOW COLUMNS FROM `comment` [ RunTime:0.0110s ]
SQL: SELECT * FROM `comment` WHERE `article_aid` = 8 ORDER BY addtime desc LIMIT 0,5   [ RunTime:0.0010s ]
SQL: SELECT COUNT(*) AS tp_count FROM `comment` WHERE `article_aid` = 8 ORDER BY addtime desc LIMIT 1   [ RunTime:0.0000s ]
SQL: SHOW COLUMNS FROM `guest` [ RunTime:0.0120s ]
SQL: SELECT `image` FROM `guest` WHERE `id` = 5 LIMIT 1   [ RunTime:0.0020s ]
SQL: SELECT `name` FROM `guest` WHERE `id` = 5 LIMIT 1   [ RunTime:0.0010s ]
SQL: SELECT `image` FROM `guest` WHERE `id` = 4 LIMIT 1   [ RunTime:0.0010s ]
SQL: SELECT `name` FROM `guest` WHERE `id` = 4 LIMIT 1   [ RunTime:0.0010s ]
SQL: SELECT `image` FROM `guest` WHERE `id` = 4 LIMIT 1   [ RunTime:0.0010s ]
SQL: SELECT `name` FROM `guest` WHERE `id` = 4 LIMIT 1   [ RunTime:0.0010s ]
SQL: SELECT `image` FROM `guest` WHERE `id` = 4 LIMIT 1   [ RunTime:0.0000s ]
SQL: SELECT `name` FROM `guest` WHERE `id` = 4 LIMIT 1   [ RunTime:0.0010s ]
SQL: SELECT `image` FROM `guest` WHERE `id` = 4 LIMIT 1   [ RunTime:0.0010s ]
SQL: SELECT `name` FROM `guest` WHERE `id` = 4 LIMIT 1   [ RunTime:0.0010s ]
SQL: SELECT `cid`,`cname` FROM `category` ORDER BY csort desc  [ RunTime:0.0010s ]
SQL: SELECT * FROM `tag`  [ RunTime:0.0010s ]
SQL: SELECT * FROM `article` WHERE `is_recycle` = 1 ORDER BY click desc LIMIT 5   [ RunTime:0.0010s ]
SQL: SELECT COUNT(*) AS tp_count FROM `comment` WHERE `article_aid` = 8 LIMIT 1   [ RunTime:0.0020s ]
INFO: [ view_parse ] --START--
INFO: [ template_filter ] --START--
INFO: Run Behavior\ContentReplaceBehavior [ RunTime:0.001000s ]
INFO: [ template_filter ] --END-- [ RunTime:0.001000s ]
INFO: Run Behavior\ParseTemplateBehavior [ RunTime:0.110006s ]
INFO: [ view_parse ] --END-- [ RunTime:0.110006s ]
INFO: [ view_filter ] --START--
INFO: Run Behavior\WriteHtmlCacheBehavior [ RunTime:0.002000s ]
INFO: [ view_filter ] --END-- [ RunTime:0.002000s ]
INFO: [ app_end ] --START--
INFO: Run Behavior\ShowPageTraceBehavior [ RunTime:0.006000s ]
INFO: [ app_end ] --END-- [ RunTime:0.006000s ]

[ 2017-01-09T22:57:45+08:00 ] 127.0.0.1 /hj/index.php/Home/Content/zan_click.html?aid=8
INFO: [ app_init ] --START--
INFO: Run Behavior\BuildLiteBehavior [ RunTime:0.000000s ]
INFO: [ app_init ] --END-- [ RunTime:0.001001s ]
INFO: [ app_begin ] --START--
INFO: Run Behavior\ReadHtmlCacheBehavior [ RunTime:0.002000s ]
INFO: [ app_begin ] --END-- [ RunTime:0.002000s ]
NOTIC: [2048] Declaration of Home\Controller\ContentController::show() should be compatible with Think\Controller::show($content, $charset = '', $contentType = '', $prefix = '') D:\wamp\www\hj\Application\Home\Controller\ContentController.class.php 第 134 行.
SQL: SHOW COLUMNS FROM `like_num` [ RunTime:0.0100s ]
SQL: SELECT `time`,`ip_address`,`num` FROM `like_num` WHERE `article_aid` = 8 AND `ip_address` = '127.0.0.1' LIMIT 1   [ RunTime:0.0000s ]

[ 2017-01-09T22:57:49+08:00 ] 127.0.0.1 /hj/index.php/Home/Content/comment_click.html
INFO: [ app_init ] --START--
INFO: Run Behavior\BuildLiteBehavior [ RunTime:0.000000s ]
INFO: [ app_init ] --END-- [ RunTime:0.002000s ]
INFO: [ app_begin ] --START--
INFO: Run Behavior\ReadHtmlCacheBehavior [ RunTime:0.002000s ]
INFO: [ app_begin ] --END-- [ RunTime:0.003000s ]
NOTIC: [2048] Declaration of Home\Controller\ContentController::show() should be compatible with Think\Controller::show($content, $charset = '', $contentType = '', $prefix = '') D:\wamp\www\hj\Application\Home\Controller\ContentController.class.php 第 134 行.
NOTIC: [8] Undefined index: uid D:\wamp\www\hj\Application\Home\Controller\ContentController.class.php 第 96 行.

[ 2017-01-09T22:57:53+08:00 ] 127.0.0.1 /hj/index.php/Home/Index/index/cid/2.html
INFO: [ app_init ] --START--
INFO: Run Behavior\BuildLiteBehavior [ RunTime:0.000000s ]
INFO: [ app_init ] --END-- [ RunTime:0.002000s ]
INFO: [ app_begin ] --START--
INFO: Run Behavior\ReadHtmlCacheBehavior [ RunTime:0.002000s ]
INFO: [ app_begin ] --END-- [ RunTime:0.002000s ]
SQL: SHOW COLUMNS FROM `article` [ RunTime:0.0110s ]
SQL: SELECT `aid`,`title`,`click`,`sendtime`,`update_time`,`thumb`,`digest`,`author`,`user_id`,`category_cid`,`is_recycle` FROM `article` INNER JOIN article_data ON article.aid = article_data.article_aid  WHERE `is_recycle` = 1 ORDER BY sendtime desc LIMIT 0,5   [ RunTime:0.0020s ]
SQL: SELECT COUNT(*) AS tp_count FROM `article` WHERE ( is_recycle=1 ) LIMIT 1   [ RunTime:0.0010s ]
SQL: SHOW COLUMNS FROM `article_tag` [ RunTime:0.0100s ]
SQL: SELECT `tag_tid` FROM `article_tag` WHERE `article_aid` = 23 LIMIT 1   [ RunTime:0.0010s ]
SQL: SHOW COLUMNS FROM `tag` [ RunTime:0.0110s ]
SQL: SELECT `tname` FROM `tag` WHERE `tid` = 3 LIMIT 1   [ RunTime:0.0000s ]
SQL: SELECT `tag_tid` FROM `article_tag` WHERE `article_aid` = 22 LIMIT 1   [ RunTime:0.0000s ]
SQL: SELECT `tname` FROM `tag` WHERE `tid` = 2 LIMIT 1   [ RunTime:0.0010s ]
SQL: SELECT `tag_tid` FROM `article_tag` WHERE `article_aid` = 21 LIMIT 1   [ RunTime:0.0010s ]
SQL: SELECT `tname` FROM `tag` WHERE `tid` = 6 LIMIT 1   [ RunTime:0.0010s ]
SQL: SELECT `tag_tid` FROM `article_tag` WHERE `article_aid` = 20 LIMIT 1   [ RunTime:0.0010s ]
SQL: SELECT `tname` FROM `tag` WHERE `tid` = 5 LIMIT 1   [ RunTime:0.0000s ]
SQL: SELECT `tag_tid` FROM `article_tag` WHERE `article_aid` = 19 LIMIT 1   [ RunTime:0.0000s ]
SQL: SELECT `tname` FROM `tag` WHERE `tid` = 1 LIMIT 1   [ RunTime:0.0000s ]
SQL: SELECT `aid`,`title`,`click`,`sendtime`,`update_time`,`thumb`,`digest`,`author`,`user_id`,`category_cid`,`is_recycle` FROM `article` INNER JOIN article_data ON article.aid = article_data.article_aid  WHERE `category_cid` = 2 AND `is_recycle` = 1 ORDER BY sendtime desc LIMIT 0,5   [ RunTime:0.0020s ]
SQL: SELECT COUNT(*) AS tp_count FROM `article` WHERE `is_recycle` = 1 AND `category_cid` = 2 LIMIT 1   [ RunTime:0.0010s ]
SQL: SELECT `tag_tid` FROM `article_tag` WHERE `article_aid` = 18 LIMIT 1   [ RunTime:0.0010s ]
SQL: SELECT `tname` FROM `tag` WHERE `tid` = 13 LIMIT 1   [ RunTime:0.0000s ]
SQL: SELECT `tag_tid` FROM `article_tag` WHERE `article_aid` = 17 LIMIT 1   [ RunTime:0.0000s ]
SQL: SELECT `tname` FROM `tag` WHERE `tid` = 4 LIMIT 1   [ RunTime:0.0010s ]
SQL: SHOW COLUMNS FROM `category` [ RunTime:0.0110s ]
SQL: SELECT `cname` FROM `category` WHERE `cid` = 2 LIMIT 1   [ RunTime:0.0010s ]
SQL: SELECT `cid`,`cname` FROM `category` ORDER BY csort desc  [ RunTime:0.0010s ]
SQL: SELECT * FROM `tag`  [ RunTime:0.0010s ]
SQL: SELECT * FROM `article` WHERE `is_recycle` = 1 ORDER BY click desc LIMIT 5   [ RunTime:0.0010s ]
INFO: [ view_parse ] --START--
INFO: [ template_filter ] --START--
INFO: Run Behavior\ContentReplaceBehavior [ RunTime:0.000000s ]
INFO: [ template_filter ] --END-- [ RunTime:0.001000s ]
INFO: Run Behavior\ParseTemplateBehavior [ RunTime:0.099006s ]
INFO: [ view_parse ] --END-- [ RunTime:0.099006s ]
INFO: [ view_filter ] --START--
INFO: Run Behavior\WriteHtmlCacheBehavior [ RunTime:0.002000s ]
INFO: [ view_filter ] --END-- [ RunTime:0.002000s ]
INFO: [ app_end ] --START--
INFO: Run Behavior\ShowPageTraceBehavior [ RunTime:0.008000s ]
INFO: [ app_end ] --END-- [ RunTime:0.008000s ]

[ 2017-01-09T22:58:01+08:00 ] 127.0.0.1 /hj/index.php/Home/Index/index.html?search=%E5%AE%89%E8%A3%85
INFO: [ app_init ] --START--
INFO: Run Behavior\BuildLiteBehavior [ RunTime:0.000000s ]
INFO: [ app_init ] --END-- [ RunTime:0.002000s ]
INFO: [ app_begin ] --START--
INFO: Run Behavior\ReadHtmlCacheBehavior [ RunTime:0.003001s ]
INFO: [ app_begin ] --END-- [ RunTime:0.005001s ]
SQL: SHOW COLUMNS FROM `article` [ RunTime:0.0110s ]
SQL: SELECT `aid`,`title`,`click`,`sendtime`,`update_time`,`thumb`,`digest`,`author`,`user_id`,`category_cid`,`is_recycle` FROM `article` INNER JOIN article_data ON article.aid = article_data.article_aid  WHERE `is_recycle` = 1 ORDER BY sendtime desc LIMIT 0,5   [ RunTime:0.0020s ]
SQL: SELECT COUNT(*) AS tp_count FROM `article` WHERE ( is_recycle=1 ) LIMIT 1   [ RunTime:0.0010s ]
SQL: SHOW COLUMNS FROM `article_tag` [ RunTime:0.0100s ]
SQL: SELECT `tag_tid` FROM `article_tag` WHERE `article_aid` = 23 LIMIT 1   [ RunTime:0.0010s ]
SQL: SHOW COLUMNS FROM `tag` [ RunTime:0.0120s ]
SQL: SELECT `tname` FROM `tag` WHERE `tid` = 3 LIMIT 1   [ RunTime:0.0010s ]
SQL: SELECT `tag_tid` FROM `article_tag` WHERE `article_aid` = 22 LIMIT 1   [ RunTime:0.0020s ]
SQL: SELECT `tname` FROM `tag` WHERE `tid` = 2 LIMIT 1   [ RunTime:0.0030s ]
SQL: SELECT `tag_tid` FROM `article_tag` WHERE `article_aid` = 21 LIMIT 1   [ RunTime:0.0010s ]
SQL: SELECT `tname` FROM `tag` WHERE `tid` = 6 LIMIT 1   [ RunTime:0.0010s ]
SQL: SELECT `tag_tid` FROM `article_tag` WHERE `article_aid` = 20 LIMIT 1   [ RunTime:0.0010s ]
SQL: SELECT `tname` FROM `tag` WHERE `tid` = 5 LIMIT 1   [ RunTime:0.0010s ]
SQL: SELECT `tag_tid` FROM `article_tag` WHERE `article_aid` = 19 LIMIT 1   [ RunTime:0.0010s ]
SQL: SELECT `tname` FROM `tag` WHERE `tid` = 1 LIMIT 1   [ RunTime:0.0010s ]
SQL: SELECT `aid`,`title`,`click`,`sendtime`,`update_time`,`thumb`,`digest`,`author`,`user_id`,`category_cid`,`is_recycle` FROM `article` INNER JOIN article_data ON article.aid = article_data.article_aid  WHERE `is_recycle` = 1 AND `title` LIKE '%安装%' ORDER BY sendtime desc LIMIT 0,5   [ RunTime:0.0010s ]
SQL: SELECT COUNT(*) AS tp_count FROM `article` WHERE `is_recycle` = 1 AND `title` LIKE '%安装%' LIMIT 1   [ RunTime:0.0010s ]
SQL: SELECT `tag_tid` FROM `article_tag` WHERE `article_aid` = 22 LIMIT 1   [ RunTime:0.0010s ]
SQL: SELECT `tname` FROM `tag` WHERE `tid` = 2 LIMIT 1   [ RunTime:0.0010s ]
SQL: SELECT `tag_tid` FROM `article_tag` WHERE `article_aid` = 9 LIMIT 1   [ RunTime:0.0030s ]
SQL: SELECT `tname` FROM `tag` WHERE `tid` = 12 LIMIT 1   [ RunTime:0.0010s ]
SQL: SHOW COLUMNS FROM `category` [ RunTime:0.0110s ]
SQL: SELECT `cid`,`cname` FROM `category` ORDER BY csort desc  [ RunTime:0.0010s ]
SQL: SELECT * FROM `tag`  [ RunTime:0.0010s ]
SQL: SELECT * FROM `article` WHERE `is_recycle` = 1 ORDER BY click desc LIMIT 5   [ RunTime:0.0010s ]
INFO: [ view_parse ] --START--
INFO: [ template_filter ] --START--
INFO: Run Behavior\ContentReplaceBehavior [ RunTime:0.000000s ]
INFO: [ template_filter ] --END-- [ RunTime:0.001000s ]
INFO: Run Behavior\ParseTemplateBehavior [ RunTime:0.104006s ]
INFO: [ view_parse ] --END-- [ RunTime:0.105006s ]
INFO: [ view_filter ] --START--
INFO: Run Behavior\WriteHtmlCacheBehavior [ RunTime:0.002000s ]
INFO: [ view_filter ] --END-- [ RunTime:0.002000s ]
INFO: [ app_end ] --START--
INFO: Run Behavior\ShowPageTraceBehavior [ RunTime:0.008001s ]
INFO: [ app_end ] --END-- [ RunTime:0.010001s ]

[ 2017-01-09T22:58:18+08:00 ] 127.0.0.1 /hj/index.php/Home/Index/index.html?search=w
INFO: [ app_init ] --START--
INFO: Run Behavior\BuildLiteBehavior [ RunTime:0.000000s ]
INFO: [ app_init ] --END-- [ RunTime:0.003000s ]
INFO: [ app_begin ] --START--
INFO: Run Behavior\ReadHtmlCacheBehavior [ RunTime:0.002000s ]
INFO: [ app_begin ] --END-- [ RunTime:0.002000s ]
SQL: SHOW COLUMNS FROM `article` [ RunTime:0.0110s ]
SQL: SELECT `aid`,`title`,`click`,`sendtime`,`update_time`,`thumb`,`digest`,`author`,`user_id`,`category_cid`,`is_recycle` FROM `article` INNER JOIN article_data ON article.aid = article_data.article_aid  WHERE `is_recycle` = 1 ORDER BY sendtime desc LIMIT 0,5   [ RunTime:0.0020s ]
SQL: SELECT COUNT(*) AS tp_count FROM `article` WHERE ( is_recycle=1 ) LIMIT 1   [ RunTime:0.0010s ]
SQL: SHOW COLUMNS FROM `article_tag` [ RunTime:0.0100s ]
SQL: SELECT `tag_tid` FROM `article_tag` WHERE `article_aid` = 23 LIMIT 1   [ RunTime:0.0020s ]
SQL: SHOW COLUMNS FROM `tag` [ RunTime:0.0100s ]
SQL: SELECT `tname` FROM `tag` WHERE `tid` = 3 LIMIT 1   [ RunTime:0.0000s ]
SQL: SELECT `tag_tid` FROM `article_tag` WHERE `article_aid` = 22 LIMIT 1   [ RunTime:0.0010s ]
SQL: SELECT `tname` FROM `tag` WHERE `tid` = 2 LIMIT 1   [ RunTime:0.0010s ]
SQL: SELECT `tag_tid` FROM `article_tag` WHERE `article_aid` = 21 LIMIT 1   [ RunTime:0.0010s ]
SQL: SELECT `tname` FROM `tag` WHERE `tid` = 6 LIMIT 1   [ RunTime:0.0000s ]
SQL: SELECT `tag_tid` FROM `article_tag` WHERE `article_aid` = 20 LIMIT 1   [ RunTime:0.0010s ]
SQL: SELECT `tname` FROM `tag` WHERE `tid` = 5 LIMIT 1   [ RunTime:0.0010s ]
SQL: SELECT `tag_tid` FROM `article_tag` WHERE `article_aid` = 19 LIMIT 1   [ RunTime:0.0010s ]
SQL: SELECT `tname` FROM `tag` WHERE `tid` = 1 LIMIT 1   [ RunTime:0.0010s ]
SQL: SELECT `aid`,`title`,`click`,`sendtime`,`update_time`,`thumb`,`digest`,`author`,`user_id`,`category_cid`,`is_recycle` FROM `article` INNER JOIN article_data ON article.aid = article_data.article_aid  WHERE `is_recycle` = 1 AND `title` LIKE '%w%' ORDER BY sendtime desc LIMIT 0,5   [ RunTime:0.0030s ]
SQL: SELECT COUNT(*) AS tp_count FROM `article` WHERE `is_recycle` = 1 AND `title` LIKE '%w%' LIMIT 1   [ RunTime:0.0010s ]
SQL: SELECT `tag_tid` FROM `article_tag` WHERE `article_aid` = 15 LIMIT 1   [ RunTime:0.0010s ]
SQL: SELECT `tname` FROM `tag` WHERE `tid` = 9 LIMIT 1   [ RunTime:0.0010s ]
SQL: SELECT `tag_tid` FROM `article_tag` WHERE `article_aid` = 12 LIMIT 1   [ RunTime:0.0010s ]
SQL: SELECT `tname` FROM `tag` WHERE `tid` = 3 LIMIT 1   [ RunTime:0.0010s ]
SQL: SHOW COLUMNS FROM `category` [ RunTime:0.0120s ]
SQL: SELECT `cid`,`cname` FROM `category` ORDER BY csort desc  [ RunTime:0.0000s ]
SQL: SELECT * FROM `tag`  [ RunTime:0.0000s ]
SQL: SELECT * FROM `article` WHERE `is_recycle` = 1 ORDER BY click desc LIMIT 5   [ RunTime:0.0010s ]
INFO: [ view_parse ] --START--
INFO: [ template_filter ] --START--
INFO: Run Behavior\ContentReplaceBehavior [ RunTime:0.000000s ]
INFO: [ template_filter ] --END-- [ RunTime:0.001000s ]
INFO: Run Behavior\ParseTemplateBehavior [ RunTime:0.100006s ]
INFO: [ view_parse ] --END-- [ RunTime:0.100006s ]
INFO: [ view_filter ] --START--
INFO: Run Behavior\WriteHtmlCacheBehavior [ RunTime:0.002000s ]
INFO: [ view_filter ] --END-- [ RunTime:0.002000s ]
INFO: [ app_end ] --START--
INFO: Run Behavior\ShowPageTraceBehavior [ RunTime:0.009000s ]
INFO: [ app_end ] --END-- [ RunTime:0.013000s ]

[ 2017-01-09T22:58:28+08:00 ] 127.0.0.1 /hj/index.php/Home/Index/index/tid/2.html
INFO: [ app_init ] --START--
INFO: Run Behavior\BuildLiteBehavior [ RunTime:0.001000s ]
INFO: [ app_init ] --END-- [ RunTime:0.002000s ]
INFO: [ app_begin ] --START--
INFO: Run Behavior\ReadHtmlCacheBehavior [ RunTime:0.002000s ]
INFO: [ app_begin ] --END-- [ RunTime:0.003000s ]
SQL: SHOW COLUMNS FROM `article` [ RunTime:0.0100s ]
SQL: SELECT `aid`,`title`,`click`,`sendtime`,`update_time`,`thumb`,`digest`,`author`,`user_id`,`category_cid`,`is_recycle` FROM `article` INNER JOIN article_data ON article.aid = article_data.article_aid  WHERE `is_recycle` = 1 ORDER BY sendtime desc LIMIT 0,5   [ RunTime:0.0020s ]
SQL: SELECT COUNT(*) AS tp_count FROM `article` WHERE ( is_recycle=1 ) LIMIT 1   [ RunTime:0.0000s ]
SQL: SHOW COLUMNS FROM `article_tag` [ RunTime:0.0120s ]
SQL: SELECT `tag_tid` FROM `article_tag` WHERE `article_aid` = 23 LIMIT 1   [ RunTime:0.0010s ]
SQL: SHOW COLUMNS FROM `tag` [ RunTime:0.0100s ]
SQL: SELECT `tname` FROM `tag` WHERE `tid` = 3 LIMIT 1   [ RunTime:0.0010s ]
SQL: SELECT `tag_tid` FROM `article_tag` WHERE `article_aid` = 22 LIMIT 1   [ RunTime:0.0010s ]
SQL: SELECT `tname` FROM `tag` WHERE `tid` = 2 LIMIT 1   [ RunTime:0.0000s ]
SQL: SELECT `tag_tid` FROM `article_tag` WHERE `article_aid` = 21 LIMIT 1   [ RunTime:0.0010s ]
SQL: SELECT `tname` FROM `tag` WHERE `tid` = 6 LIMIT 1   [ RunTime:0.0010s ]
SQL: SELECT `tag_tid` FROM `article_tag` WHERE `article_aid` = 20 LIMIT 1   [ RunTime:0.0000s ]
SQL: SELECT `tname` FROM `tag` WHERE `tid` = 5 LIMIT 1   [ RunTime:0.0010s ]
SQL: SELECT `tag_tid` FROM `article_tag` WHERE `article_aid` = 19 LIMIT 1   [ RunTime:0.0010s ]
SQL: SELECT `tname` FROM `tag` WHERE `tid` = 1 LIMIT 1   [ RunTime:0.0010s ]
SQL: SELECT `aid`,`title`,`click`,`sendtime`,`update_time`,`thumb`,`digest`,`author`,`user_id`,`category_cid`,`is_recycle` FROM `article` INNER JOIN article_data ON article.aid = article_data.article_aid INNER JOIN article_tag ON article_data.article_aid = article_tag.article_aid  WHERE `tag_tid` = 2 AND `is_recycle` = 1 ORDER BY sendtime desc LIMIT 0,5   [ RunTime:0.0020s ]
SQL: SELECT `tag_tid` FROM `article_tag` WHERE `article_aid` = 22 LIMIT 1   [ RunTime:0.0010s ]
SQL: SELECT `tname` FROM `tag` WHERE `tid` = 2 LIMIT 1   [ RunTime:0.0010s ]
SQL: SELECT COUNT(*) AS tp_count FROM `article_tag` WHERE `tag_tid` = 2 LIMIT 1   [ RunTime:0.0010s ]
SQL: SELECT `tname` FROM `tag` WHERE `tid` = 2 LIMIT 1   [ RunTime:0.0010s ]
SQL: SHOW COLUMNS FROM `category` [ RunTime:0.0100s ]
SQL: SELECT `cid`,`cname` FROM `category` ORDER BY csort desc  [ RunTime:0.0010s ]
SQL: SELECT * FROM `tag`  [ RunTime:0.0010s ]
SQL: SELECT * FROM `article` WHERE `is_recycle` = 1 ORDER BY click desc LIMIT 5   [ RunTime:0.0010s ]
INFO: [ view_parse ] --START--
INFO: [ template_filter ] --START--
INFO: Run Behavior\ContentReplaceBehavior [ RunTime:0.000000s ]
INFO: [ template_filter ] --END-- [ RunTime:0.001000s ]
INFO: Run Behavior\ParseTemplateBehavior [ RunTime:0.091005s ]
INFO: [ view_parse ] --END-- [ RunTime:0.091005s ]
INFO: [ view_filter ] --START--
INFO: Run Behavior\WriteHtmlCacheBehavior [ RunTime:0.001000s ]
INFO: [ view_filter ] --END-- [ RunTime:0.002000s ]
INFO: [ app_end ] --START--
INFO: Run Behavior\ShowPageTraceBehavior [ RunTime:0.008000s ]
INFO: [ app_end ] --END-- [ RunTime:0.009000s ]

[ 2017-01-09T22:59:04+08:00 ] 127.0.0.1 /hj/index.php/Home/Index/index.html?search=%E8%BF%B7
INFO: [ app_init ] --START--
INFO: Run Behavior\BuildLiteBehavior [ RunTime:0.000000s ]
INFO: [ app_init ] --END-- [ RunTime:0.002000s ]
INFO: [ app_begin ] --START--
INFO: Run Behavior\ReadHtmlCacheBehavior [ RunTime:0.002000s ]
INFO: [ app_begin ] --END-- [ RunTime:0.002000s ]
SQL: SHOW COLUMNS FROM `article` [ RunTime:0.0120s ]
SQL: SELECT `aid`,`title`,`click`,`sendtime`,`update_time`,`thumb`,`digest`,`author`,`user_id`,`category_cid`,`is_recycle` FROM `article` INNER JOIN article_data ON article.aid = article_data.article_aid  WHERE `is_recycle` = 1 ORDER BY sendtime desc LIMIT 0,5   [ RunTime:0.0010s ]
SQL: SELECT COUNT(*) AS tp_count FROM `article` WHERE ( is_recycle=1 ) LIMIT 1   [ RunTime:0.0010s ]
SQL: SHOW COLUMNS FROM `article_tag` [ RunTime:0.0110s ]
SQL: SELECT `tag_tid` FROM `article_tag` WHERE `article_aid` = 23 LIMIT 1   [ RunTime:0.0010s ]
SQL: SHOW COLUMNS FROM `tag` [ RunTime:0.0110s ]
SQL: SELECT `tname` FROM `tag` WHERE `tid` = 3 LIMIT 1   [ RunTime:0.0010s ]
SQL: SELECT `tag_tid` FROM `article_tag` WHERE `article_aid` = 22 LIMIT 1   [ RunTime:0.0020s ]
SQL: SELECT `tname` FROM `tag` WHERE `tid` = 2 LIMIT 1   [ RunTime:0.0010s ]
SQL: SELECT `tag_tid` FROM `article_tag` WHERE `article_aid` = 21 LIMIT 1   [ RunTime:0.0010s ]
SQL: SELECT `tname` FROM `tag` WHERE `tid` = 6 LIMIT 1   [ RunTime:0.0010s ]
SQL: SELECT `tag_tid` FROM `article_tag` WHERE `article_aid` = 20 LIMIT 1   [ RunTime:0.0010s ]
SQL: SELECT `tname` FROM `tag` WHERE `tid` = 5 LIMIT 1   [ RunTime:0.0010s ]
SQL: SELECT `tag_tid` FROM `article_tag` WHERE `article_aid` = 19 LIMIT 1   [ RunTime:0.0010s ]
SQL: SELECT `tname` FROM `tag` WHERE `tid` = 1 LIMIT 1   [ RunTime:0.0010s ]
SQL: SELECT `aid`,`title`,`click`,`sendtime`,`update_time`,`thumb`,`digest`,`author`,`user_id`,`category_cid`,`is_recycle` FROM `article` INNER JOIN article_data ON article.aid = article_data.article_aid  WHERE `is_recycle` = 1 AND `title` LIKE '%迷%' ORDER BY sendtime desc LIMIT 0,5   [ RunTime:0.0020s ]
SQL: SELECT COUNT(*) AS tp_count FROM `article` WHERE `is_recycle` = 1 AND `title` LIKE '%迷%' LIMIT 1   [ RunTime:0.0010s ]
SQL: SELECT `tag_tid` FROM `article_tag` WHERE `article_aid` = 8 LIMIT 1   [ RunTime:0.0010s ]
SQL: SELECT `tname` FROM `tag` WHERE `tid` = 5 LIMIT 1   [ RunTime:0.0010s ]
SQL: SHOW COLUMNS FROM `category` [ RunTime:0.0110s ]
SQL: SELECT `cid`,`cname` FROM `category` ORDER BY csort desc  [ RunTime:0.0010s ]
SQL: SELECT * FROM `tag`  [ RunTime:0.0010s ]
SQL: SELECT * FROM `article` WHERE `is_recycle` = 1 ORDER BY click desc LIMIT 5   [ RunTime:0.0010s ]
INFO: [ view_parse ] --START--
INFO: [ template_filter ] --START--
INFO: Run Behavior\ContentReplaceBehavior [ RunTime:0.000000s ]
INFO: [ template_filter ] --END-- [ RunTime:0.000000s ]
INFO: Run Behavior\ParseTemplateBehavior [ RunTime:0.090005s ]
INFO: [ view_parse ] --END-- [ RunTime:0.091005s ]
INFO: [ view_filter ] --START--
INFO: Run Behavior\WriteHtmlCacheBehavior [ RunTime:0.002000s ]
INFO: [ view_filter ] --END-- [ RunTime:0.002000s ]
INFO: [ app_end ] --START--
INFO: Run Behavior\ShowPageTraceBehavior [ RunTime:0.007000s ]
INFO: [ app_end ] --END-- [ RunTime:0.009001s ]

[ 2017-01-09T22:59:20+08:00 ] 127.0.0.1 /hj/index.php/Home/Index/index/cid/4.html
INFO: [ app_init ] --START--
INFO: Run Behavior\BuildLiteBehavior [ RunTime:0.000000s ]
INFO: [ app_init ] --END-- [ RunTime:0.002000s ]
INFO: [ app_begin ] --START--
INFO: Run Behavior\ReadHtmlCacheBehavior [ RunTime:0.002000s ]
INFO: [ app_begin ] --END-- [ RunTime:0.003000s ]
SQL: SHOW COLUMNS FROM `article` [ RunTime:0.0100s ]
SQL: SELECT `aid`,`title`,`click`,`sendtime`,`update_time`,`thumb`,`digest`,`author`,`user_id`,`category_cid`,`is_recycle` FROM `article` INNER JOIN article_data ON article.aid = article_data.article_aid  WHERE `is_recycle` = 1 ORDER BY sendtime desc LIMIT 0,5   [ RunTime:0.0020s ]
SQL: SELECT COUNT(*) AS tp_count FROM `article` WHERE ( is_recycle=1 ) LIMIT 1   [ RunTime:0.0020s ]
SQL: SHOW COLUMNS FROM `article_tag` [ RunTime:0.0110s ]
SQL: SELECT `tag_tid` FROM `article_tag` WHERE `article_aid` = 23 LIMIT 1   [ RunTime:0.0010s ]
SQL: SHOW COLUMNS FROM `tag` [ RunTime:0.0090s ]
SQL: SELECT `tname` FROM `tag` WHERE `tid` = 3 LIMIT 1   [ RunTime:0.0000s ]
SQL: SELECT `tag_tid` FROM `article_tag` WHERE `article_aid` = 22 LIMIT 1   [ RunTime:0.0020s ]
SQL: SELECT `tname` FROM `tag` WHERE `tid` = 2 LIMIT 1   [ RunTime:0.0010s ]
SQL: SELECT `tag_tid` FROM `article_tag` WHERE `article_aid` = 21 LIMIT 1   [ RunTime:0.0010s ]
SQL: SELECT `tname` FROM `tag` WHERE `tid` = 6 LIMIT 1   [ RunTime:0.0010s ]
SQL: SELECT `tag_tid` FROM `article_tag` WHERE `article_aid` = 20 LIMIT 1   [ RunTime:0.0010s ]
SQL: SELECT `tname` FROM `tag` WHERE `tid` = 5 LIMIT 1   [ RunTime:0.0010s ]
SQL: SELECT `tag_tid` FROM `article_tag` WHERE `article_aid` = 19 LIMIT 1   [ RunTime:0.0010s ]
SQL: SELECT `tname` FROM `tag` WHERE `tid` = 1 LIMIT 1   [ RunTime:0.0010s ]
SQL: SELECT `aid`,`title`,`click`,`sendtime`,`update_time`,`thumb`,`digest`,`author`,`user_id`,`category_cid`,`is_recycle` FROM `article` INNER JOIN article_data ON article.aid = article_data.article_aid  WHERE `category_cid` = 4 AND `is_recycle` = 1 ORDER BY sendtime desc LIMIT 0,5   [ RunTime:0.0010s ]
SQL: SELECT COUNT(*) AS tp_count FROM `article` WHERE `is_recycle` = 1 AND `category_cid` = 4 LIMIT 1   [ RunTime:0.0010s ]
SQL: SELECT `tag_tid` FROM `article_tag` WHERE `article_aid` = 20 LIMIT 1   [ RunTime:0.0010s ]
SQL: SELECT `tname` FROM `tag` WHERE `tid` = 5 LIMIT 1   [ RunTime:0.0010s ]
SQL: SELECT `tag_tid` FROM `article_tag` WHERE `article_aid` = 8 LIMIT 1   [ RunTime:0.0010s ]
SQL: SELECT `tname` FROM `tag` WHERE `tid` = 5 LIMIT 1   [ RunTime:0.0010s ]
SQL: SHOW COLUMNS FROM `category` [ RunTime:0.0110s ]
SQL: SELECT `cname` FROM `category` WHERE `cid` = 4 LIMIT 1   [ RunTime:0.0010s ]
SQL: SELECT `cid`,`cname` FROM `category` ORDER BY csort desc  [ RunTime:0.0000s ]
SQL: SELECT * FROM `tag`  [ RunTime:0.0020s ]
SQL: SELECT * FROM `article` WHERE `is_recycle` = 1 ORDER BY click desc LIMIT 5   [ RunTime:0.0010s ]
INFO: [ view_parse ] --START--
INFO: [ template_filter ] --START--
INFO: Run Behavior\ContentReplaceBehavior [ RunTime:0.001000s ]
INFO: [ template_filter ] --END-- [ RunTime:0.001000s ]
INFO: Run Behavior\ParseTemplateBehavior [ RunTime:0.100006s ]
INFO: [ view_parse ] --END-- [ RunTime:0.100006s ]
INFO: [ view_filter ] --START--
INFO: Run Behavior\WriteHtmlCacheBehavior [ RunTime:0.002000s ]
INFO: [ view_filter ] --END-- [ RunTime:0.002000s ]
INFO: [ app_end ] --START--
INFO: Run Behavior\ShowPageTraceBehavior [ RunTime:0.007000s ]
INFO: [ app_end ] --END-- [ RunTime:0.008000s ]

[ 2017-01-09T22:59:23+08:00 ] 127.0.0.1 /hj/index.php/Home/Content/show/aid/8.html
INFO: [ app_init ] --START--
INFO: Run Behavior\BuildLiteBehavior [ RunTime:0.001000s ]
INFO: [ app_init ] --END-- [ RunTime:0.002000s ]
INFO: [ app_begin ] --START--
INFO: Run Behavior\ReadHtmlCacheBehavior [ RunTime:0.003000s ]
INFO: [ app_begin ] --END-- [ RunTime:0.003000s ]
NOTIC: [2048] Declaration of Home\Controller\ContentController::show() should be compatible with Think\Controller::show($content, $charset = '', $contentType = '', $prefix = '') D:\wamp\www\hj\Application\Home\Controller\ContentController.class.php 第 134 行.
SQL: SHOW COLUMNS FROM `article` [ RunTime:0.0110s ]
SQL: UPDATE `article` SET `click`=click+1 WHERE `aid` = 8 [ RunTime:0.0520s ]
SQL: SELECT * FROM `article` INNER JOIN article_data ON article.aid = article_data.article_aid  WHERE `aid` = 8 LIMIT 1   [ RunTime:0.0010s ]
SQL: SHOW COLUMNS FROM `article_tag` [ RunTime:0.0090s ]
SQL: SELECT `tag_tid` FROM `article_tag` WHERE `article_aid` = 8 LIMIT 1   [ RunTime:0.0010s ]
SQL: SHOW COLUMNS FROM `tag` [ RunTime:0.0090s ]
SQL: SELECT `tname` FROM `tag` WHERE `tid` = 5 LIMIT 1   [ RunTime:0.0010s ]
SQL: SHOW COLUMNS FROM `category` [ RunTime:0.0120s ]
SQL: SELECT `cid`,`cname` FROM `category` WHERE `cid` = 4 LIMIT 1   [ RunTime:0.0010s ]
SQL: SELECT `aid`,`title` FROM `article` WHERE `aid` = 9  [ RunTime:0.0000s ]
SQL: SELECT `aid`,`title` FROM `article` WHERE `aid` = 7  [ RunTime:0.0000s ]
SQL: SHOW COLUMNS FROM `like_num` [ RunTime:0.0100s ]
SQL: SELECT SUM(num) AS tp_sum FROM `like_num` WHERE `article_aid` = 8 LIMIT 1   [ RunTime:0.0000s ]
SQL: SHOW COLUMNS FROM `comment` [ RunTime:0.0100s ]
SQL: SELECT * FROM `comment` WHERE `article_aid` = 8 ORDER BY addtime desc LIMIT 0,5   [ RunTime:0.0010s ]
SQL: SELECT COUNT(*) AS tp_count FROM `comment` WHERE `article_aid` = 8 ORDER BY addtime desc LIMIT 1   [ RunTime:0.0010s ]
SQL: SHOW COLUMNS FROM `guest` [ RunTime:0.0090s ]
SQL: SELECT `image` FROM `guest` WHERE `id` = 5 LIMIT 1   [ RunTime:0.0010s ]
SQL: SELECT `name` FROM `guest` WHERE `id` = 5 LIMIT 1   [ RunTime:0.0010s ]
SQL: SELECT `image` FROM `guest` WHERE `id` = 4 LIMIT 1   [ RunTime:0.0010s ]
SQL: SELECT `name` FROM `guest` WHERE `id` = 4 LIMIT 1   [ RunTime:0.0010s ]
SQL: SELECT `image` FROM `guest` WHERE `id` = 4 LIMIT 1   [ RunTime:0.0010s ]
SQL: SELECT `name` FROM `guest` WHERE `id` = 4 LIMIT 1   [ RunTime:0.0000s ]
SQL: SELECT `image` FROM `guest` WHERE `id` = 4 LIMIT 1   [ RunTime:0.0010s ]
SQL: SELECT `name` FROM `guest` WHERE `id` = 4 LIMIT 1   [ RunTime:0.0010s ]
SQL: SELECT `image` FROM `guest` WHERE `id` = 4 LIMIT 1   [ RunTime:0.0010s ]
SQL: SELECT `name` FROM `guest` WHERE `id` = 4 LIMIT 1   [ RunTime:0.0010s ]
SQL: SELECT `cid`,`cname` FROM `category` ORDER BY csort desc  [ RunTime:0.0010s ]
SQL: SELECT * FROM `tag`  [ RunTime:0.0010s ]
SQL: SELECT * FROM `article` WHERE `is_recycle` = 1 ORDER BY click desc LIMIT 5   [ RunTime:0.0010s ]
SQL: SELECT COUNT(*) AS tp_count FROM `comment` WHERE `article_aid` = 8 LIMIT 1   [ RunTime:0.0010s ]
INFO: [ view_parse ] --START--
INFO: [ template_filter ] --START--
INFO: Run Behavior\ContentReplaceBehavior [ RunTime:0.001000s ]
INFO: [ template_filter ] --END-- [ RunTime:0.001000s ]
INFO: Run Behavior\ParseTemplateBehavior [ RunTime:0.101006s ]
INFO: [ view_parse ] --END-- [ RunTime:0.101006s ]
INFO: [ view_filter ] --START--
INFO: Run Behavior\WriteHtmlCacheBehavior [ RunTime:0.001000s ]
INFO: [ view_filter ] --END-- [ RunTime:0.002000s ]
INFO: [ app_end ] --START--
INFO: Run Behavior\ShowPageTraceBehavior [ RunTime:0.002000s ]
INFO: [ app_end ] --END-- [ RunTime:0.003000s ]

[ 2017-01-09T22:59:28+08:00 ] 127.0.0.1 /hj/index.php/Home/Content/comment_click.html
INFO: [ app_init ] --START--
INFO: Run Behavior\BuildLiteBehavior [ RunTime:0.000000s ]
INFO: [ app_init ] --END-- [ RunTime:0.001000s ]
INFO: [ app_begin ] --START--
INFO: Run Behavior\ReadHtmlCacheBehavior [ RunTime:0.002001s ]
INFO: [ app_begin ] --END-- [ RunTime:0.002001s ]
NOTIC: [2048] Declaration of Home\Controller\ContentController::show() should be compatible with Think\Controller::show($content, $charset = '', $contentType = '', $prefix = '') D:\wamp\www\hj\Application\Home\Controller\ContentController.class.php 第 134 行.
NOTIC: [8] Undefined index: uid D:\wamp\www\hj\Application\Home\Controller\ContentController.class.php 第 96 行.

[ 2017-01-09T22:59:32+08:00 ] 127.0.0.1 /hj/index.php/Home/Content/show/aid/9.html
INFO: [ app_init ] --START--
INFO: Run Behavior\BuildLiteBehavior [ RunTime:0.000000s ]
INFO: [ app_init ] --END-- [ RunTime:0.002000s ]
INFO: [ app_begin ] --START--
INFO: Run Behavior\ReadHtmlCacheBehavior [ RunTime:0.002001s ]
INFO: [ app_begin ] --END-- [ RunTime:0.002001s ]
NOTIC: [2048] Declaration of Home\Controller\ContentController::show() should be compatible with Think\Controller::show($content, $charset = '', $contentType = '', $prefix = '') D:\wamp\www\hj\Application\Home\Controller\ContentController.class.php 第 134 行.
SQL: SHOW COLUMNS FROM `article` [ RunTime:0.0110s ]
SQL: UPDATE `article` SET `click`=click+1 WHERE `aid` = 9 [ RunTime:0.0360s ]
SQL: SELECT * FROM `article` INNER JOIN article_data ON article.aid = article_data.article_aid  WHERE `aid` = 9 LIMIT 1   [ RunTime:0.0020s ]
SQL: SHOW COLUMNS FROM `article_tag` [ RunTime:0.0110s ]
SQL: SELECT `tag_tid` FROM `article_tag` WHERE `article_aid` = 9 LIMIT 1   [ RunTime:0.0010s ]
SQL: SHOW COLUMNS FROM `tag` [ RunTime:0.0110s ]
SQL: SELECT `tname` FROM `tag` WHERE `tid` = 12 LIMIT 1   [ RunTime:0.0010s ]
SQL: SHOW COLUMNS FROM `category` [ RunTime:0.0100s ]
SQL: SELECT `cid`,`cname` FROM `category` WHERE `cid` = 3 LIMIT 1   [ RunTime:0.0010s ]
SQL: SELECT `aid`,`title` FROM `article` WHERE `aid` = 10  [ RunTime:0.0000s ]
SQL: SELECT `aid`,`title` FROM `article` WHERE `aid` = 8  [ RunTime:0.0000s ]
SQL: SHOW COLUMNS FROM `like_num` [ RunTime:0.0090s ]
SQL: SELECT SUM(num) AS tp_sum FROM `like_num` WHERE `article_aid` = 9 LIMIT 1   [ RunTime:0.0010s ]
SQL: SHOW COLUMNS FROM `comment` [ RunTime:0.0110s ]
SQL: SELECT * FROM `comment` WHERE `article_aid` = 9 ORDER BY addtime desc LIMIT 0,5   [ RunTime:0.0000s ]
SQL: SELECT COUNT(*) AS tp_count FROM `comment` WHERE `article_aid` = 9 ORDER BY addtime desc LIMIT 1   [ RunTime:0.0010s ]
SQL: SELECT `cid`,`cname` FROM `category` ORDER BY csort desc  [ RunTime:0.0010s ]
SQL: SELECT * FROM `tag`  [ RunTime:0.0010s ]
SQL: SELECT * FROM `article` WHERE `is_recycle` = 1 ORDER BY click desc LIMIT 5   [ RunTime:0.0010s ]
SQL: SELECT COUNT(*) AS tp_count FROM `comment` WHERE `article_aid` = 9 LIMIT 1   [ RunTime:0.0010s ]
INFO: [ view_parse ] --START--
INFO: [ template_filter ] --START--
INFO: Run Behavior\ContentReplaceBehavior [ RunTime:0.000000s ]
INFO: [ template_filter ] --END-- [ RunTime:0.001000s ]
INFO: Run Behavior\ParseTemplateBehavior [ RunTime:0.109007s ]
INFO: [ view_parse ] --END-- [ RunTime:0.109007s ]
INFO: [ view_filter ] --START--
INFO: Run Behavior\WriteHtmlCacheBehavior [ RunTime:0.001000s ]
INFO: [ view_filter ] --END-- [ RunTime:0.002000s ]
INFO: [ app_end ] --START--
INFO: Run Behavior\ShowPageTraceBehavior [ RunTime:0.002000s ]
INFO: [ app_end ] --END-- [ RunTime:0.002000s ]

[ 2017-01-09T22:59:42+08:00 ] 127.0.0.1 /hj/index.php/Home/Content/show/aid/9.html
INFO: [ app_init ] --START--
INFO: Run Behavior\BuildLiteBehavior [ RunTime:0.000000s ]
INFO: [ app_init ] --END-- [ RunTime:0.002000s ]
INFO: [ app_begin ] --START--
INFO: Run Behavior\ReadHtmlCacheBehavior [ RunTime:0.002000s ]
INFO: [ app_begin ] --END-- [ RunTime:0.003000s ]
NOTIC: [2048] Declaration of Home\Controller\ContentController::show() should be compatible with Think\Controller::show($content, $charset = '', $contentType = '', $prefix = '') D:\wamp\www\hj\Application\Home\Controller\ContentController.class.php 第 134 行.
SQL: SHOW COLUMNS FROM `article` [ RunTime:0.0100s ]
SQL: UPDATE `article` SET `click`=click+1 WHERE `aid` = 9 [ RunTime:0.0020s ]
SQL: SELECT * FROM `article` INNER JOIN article_data ON article.aid = article_data.article_aid  WHERE `aid` = 9 LIMIT 1   [ RunTime:0.0020s ]
SQL: SHOW COLUMNS FROM `article_tag` [ RunTime:0.0110s ]
SQL: SELECT `tag_tid` FROM `article_tag` WHERE `article_aid` = 9 LIMIT 1   [ RunTime:0.0000s ]
SQL: SHOW COLUMNS FROM `tag` [ RunTime:0.0100s ]
SQL: SELECT `tname` FROM `tag` WHERE `tid` = 12 LIMIT 1   [ RunTime:0.0010s ]
SQL: SHOW COLUMNS FROM `category` [ RunTime:0.0100s ]
SQL: SELECT `cid`,`cname` FROM `category` WHERE `cid` = 3 LIMIT 1   [ RunTime:0.0010s ]
SQL: SELECT `aid`,`title` FROM `article` WHERE `aid` = 10  [ RunTime:0.0010s ]
SQL: SELECT `aid`,`title` FROM `article` WHERE `aid` = 8  [ RunTime:0.0000s ]
SQL: SHOW COLUMNS FROM `like_num` [ RunTime:0.0100s ]
SQL: SELECT SUM(num) AS tp_sum FROM `like_num` WHERE `article_aid` = 9 LIMIT 1   [ RunTime:0.0000s ]
SQL: SHOW COLUMNS FROM `comment` [ RunTime:0.0100s ]
SQL: SELECT * FROM `comment` WHERE `article_aid` = 9 ORDER BY addtime desc LIMIT 0,5   [ RunTime:0.0010s ]
SQL: SELECT COUNT(*) AS tp_count FROM `comment` WHERE `article_aid` = 9 ORDER BY addtime desc LIMIT 1   [ RunTime:0.0010s ]
SQL: SELECT `cid`,`cname` FROM `category` ORDER BY csort desc  [ RunTime:0.0010s ]
SQL: SELECT * FROM `tag`  [ RunTime:0.0010s ]
SQL: SELECT * FROM `article` WHERE `is_recycle` = 1 ORDER BY click desc LIMIT 5   [ RunTime:0.0010s ]
SQL: SELECT COUNT(*) AS tp_count FROM `comment` WHERE `article_aid` = 9 LIMIT 1   [ RunTime:0.0010s ]
INFO: [ view_parse ] --START--
INFO: [ template_filter ] --START--
INFO: Run Behavior\ContentReplaceBehavior [ RunTime:0.000000s ]
INFO: [ template_filter ] --END-- [ RunTime:0.001000s ]
INFO: Run Behavior\ParseTemplateBehavior [ RunTime:0.103006s ]
INFO: [ view_parse ] --END-- [ RunTime:0.103006s ]
INFO: [ view_filter ] --START--
INFO: Run Behavior\WriteHtmlCacheBehavior [ RunTime:0.001000s ]
INFO: [ view_filter ] --END-- [ RunTime:0.002000s ]
INFO: [ app_end ] --START--
INFO: Run Behavior\ShowPageTraceBehavior [ RunTime:0.002001s ]
INFO: [ app_end ] --END-- [ RunTime:0.002001s ]

[ 2017-01-09T22:59:54+08:00 ] 127.0.0.1 /hj/index.php/Home/Content/zan_click.html?aid=9
INFO: [ app_init ] --START--
INFO: Run Behavior\BuildLiteBehavior [ RunTime:0.000000s ]
INFO: [ app_init ] --END-- [ RunTime:0.002000s ]
INFO: [ app_begin ] --START--
INFO: Run Behavior\ReadHtmlCacheBehavior [ RunTime:0.002000s ]
INFO: [ app_begin ] --END-- [ RunTime:0.002000s ]
NOTIC: [2048] Declaration of Home\Controller\ContentController::show() should be compatible with Think\Controller::show($content, $charset = '', $contentType = '', $prefix = '') D:\wamp\www\hj\Application\Home\Controller\ContentController.class.php 第 134 行.
SQL: SHOW COLUMNS FROM `like_num` [ RunTime:0.0100s ]
SQL: SELECT `time`,`ip_address`,`num` FROM `like_num` WHERE `article_aid` = 9 AND `ip_address` = '127.0.0.1' LIMIT 1   [ RunTime:0.0010s ]

[ 2017-01-09T22:59:59+08:00 ] 127.0.0.1 /hj/index.php/Home/User/register.html
INFO: [ app_init ] --START--
INFO: Run Behavior\BuildLiteBehavior [ RunTime:0.000000s ]
INFO: [ app_init ] --END-- [ RunTime:0.002000s ]
INFO: [ app_begin ] --START--
INFO: Run Behavior\ReadHtmlCacheBehavior [ RunTime:0.002000s ]
INFO: [ app_begin ] --END-- [ RunTime:0.002000s ]
INFO: [ view_parse ] --START--
INFO: [ template_filter ] --START--
INFO: Run Behavior\ContentReplaceBehavior [ RunTime:0.000000s ]
INFO: [ template_filter ] --END-- [ RunTime:0.001000s ]
INFO: Run Behavior\ParseTemplateBehavior [ RunTime:0.066004s ]
INFO: [ view_parse ] --END-- [ RunTime:0.066004s ]
INFO: [ view_filter ] --START--
INFO: Run Behavior\WriteHtmlCacheBehavior [ RunTime:0.001000s ]
INFO: [ view_filter ] --END-- [ RunTime:0.001000s ]
INFO: [ app_end ] --START--
INFO: Run Behavior\ShowPageTraceBehavior [ RunTime:0.003000s ]
INFO: [ app_end ] --END-- [ RunTime:0.004000s ]

