[ 2017-01-08T23:48:46+08:00 ] 127.0.0.1 /hj/index.php/Home/Content/show/aid/8.html
INFO: [ app_init ] --START--
INFO: Run Behavior\BuildLiteBehavior [ RunTime:0.000000s ]
INFO: [ app_init ] --END-- [ RunTime:0.002001s ]
INFO: [ app_begin ] --START--
INFO: Run Behavior\ReadHtmlCacheBehavior [ RunTime:0.003000s ]
INFO: [ app_begin ] --END-- [ RunTime:0.003000s ]
NOTIC: [2048] Declaration of Home\Controller\ContentController::show() should be compatible with Think\Controller::show($content, $charset = '', $contentType = '', $prefix = '') D:\wamp\www\hj\Application\Home\Controller\ContentController.class.php 第 133 行.
SQL: SHOW COLUMNS FROM `article` [ RunTime:0.0090s ]
SQL: UPDATE `article` SET `click`=click+1 WHERE `aid` = 8 [ RunTime:0.0020s ]
SQL: SELECT * FROM `article` INNER JOIN article_data ON article.aid = article_data.article_aid  WHERE `aid` = 8 LIMIT 1   [ RunTime:0.0010s ]
SQL: SHOW COLUMNS FROM `article_tag` [ RunTime:0.0070s ]
SQL: SELECT `tag_tid` FROM `article_tag` WHERE `article_aid` = 8 LIMIT 1   [ RunTime:0.0010s ]
SQL: SHOW COLUMNS FROM `tag` [ RunTime:0.0070s ]
SQL: SELECT `tname` FROM `tag` WHERE `tid` = 5 LIMIT 1   [ RunTime:0.0000s ]
SQL: SHOW COLUMNS FROM `category` [ RunTime:0.0070s ]
SQL: SELECT `cid`,`cname` FROM `category` WHERE `cid` = 4 LIMIT 1   [ RunTime:0.0010s ]
SQL: SELECT `aid`,`title` FROM `article` WHERE `aid` = 9  [ RunTime:0.0010s ]
SQL: SELECT `aid`,`title` FROM `article` WHERE `aid` = 7  [ RunTime:0.0000s ]
SQL: SHOW COLUMNS FROM `like_num` [ RunTime:0.0070s ]
SQL: SELECT SUM(num) AS tp_sum FROM `like_num` WHERE `article_aid` = 8 LIMIT 1   [ RunTime:0.0000s ]
SQL: SHOW COLUMNS FROM `comment` [ RunTime:0.0090s ]
NOTIC: [8] Undefined index: p D:\wamp\www\hj\Application\Home\Controller\ContentController.class.php 第 22 行.
NOTIC: [8] Undefined index: limit D:\wamp\www\hj\ThinkPHP\Library\Think\Db\Driver.class.php 第 961 行.
SQL: SELECT * FROM `comment` WHERE `article_aid` = 8 ORDER BY addtime desc LIMIT 0,20   [ RunTime:0.0010s ]
SQL: SELECT COUNT(*) AS tp_count FROM `comment` WHERE `article_aid` = 8 ORDER BY addtime desc LIMIT 1   [ RunTime:0.0000s ]
SQL: SELECT `cid`,`cname` FROM `category` ORDER BY csort desc  [ RunTime:0.0010s ]
SQL: SELECT * FROM `tag`  [ RunTime:0.0010s ]
SQL: SELECT * FROM `article` WHERE `is_recycle` = 1 ORDER BY click desc LIMIT 5   [ RunTime:0.0000s ]
SQL: SELECT COUNT(*) AS tp_count FROM `comment` WHERE `article_aid` = 8 LIMIT 1   [ RunTime:0.0010s ]
INFO: [ view_parse ] --START--
INFO: [ template_filter ] --START--
INFO: Run Behavior\ContentReplaceBehavior [ RunTime:0.000000s ]
INFO: [ template_filter ] --END-- [ RunTime:0.002000s ]
INFO: Run Behavior\ParseTemplateBehavior [ RunTime:0.100006s ]
INFO: [ view_parse ] --END-- [ RunTime:0.101006s ]
INFO: [ view_filter ] --START--
INFO: Run Behavior\WriteHtmlCacheBehavior [ RunTime:0.002000s ]
INFO: [ view_filter ] --END-- [ RunTime:0.002000s ]
INFO: [ app_end ] --START--
INFO: Run Behavior\ShowPageTraceBehavior [ RunTime:0.003000s ]
INFO: [ app_end ] --END-- [ RunTime:0.003000s ]

[ 2017-01-08T23:48:46+08:00 ] 127.0.0.1 /hj/index.php/Home/Content/show/aid/8.html
INFO: [ app_init ] --START--
INFO: Run Behavior\BuildLiteBehavior [ RunTime:0.000000s ]
INFO: [ app_init ] --END-- [ RunTime:0.002000s ]
INFO: [ app_begin ] --START--
INFO: Run Behavior\ReadHtmlCacheBehavior [ RunTime:0.002000s ]
INFO: [ app_begin ] --END-- [ RunTime:0.002000s ]
NOTIC: [2048] Declaration of Home\Controller\ContentController::show() should be compatible with Think\Controller::show($content, $charset = '', $contentType = '', $prefix = '') D:\wamp\www\hj\Application\Home\Controller\ContentController.class.php 第 133 行.
SQL: SHOW COLUMNS FROM `article` [ RunTime:0.0070s ]
SQL: UPDATE `article` SET `click`=click+1 WHERE `aid` = 8 [ RunTime:0.0030s ]
SQL: SELECT * FROM `article` INNER JOIN article_data ON article.aid = article_data.article_aid  WHERE `aid` = 8 LIMIT 1   [ RunTime:0.0010s ]
SQL: SHOW COLUMNS FROM `article_tag` [ RunTime:0.0070s ]
SQL: SELECT `tag_tid` FROM `article_tag` WHERE `article_aid` = 8 LIMIT 1   [ RunTime:0.0010s ]
SQL: SHOW COLUMNS FROM `tag` [ RunTime:0.0070s ]
SQL: SELECT `tname` FROM `tag` WHERE `tid` = 5 LIMIT 1   [ RunTime:0.0010s ]
SQL: SHOW COLUMNS FROM `category` [ RunTime:0.0070s ]
SQL: SELECT `cid`,`cname` FROM `category` WHERE `cid` = 4 LIMIT 1   [ RunTime:0.0010s ]
SQL: SELECT `aid`,`title` FROM `article` WHERE `aid` = 9  [ RunTime:0.0010s ]
SQL: SELECT `aid`,`title` FROM `article` WHERE `aid` = 7  [ RunTime:0.0010s ]
SQL: SHOW COLUMNS FROM `like_num` [ RunTime:0.0070s ]
SQL: SELECT SUM(num) AS tp_sum FROM `like_num` WHERE `article_aid` = 8 LIMIT 1   [ RunTime:0.0010s ]
SQL: SHOW COLUMNS FROM `comment` [ RunTime:0.0070s ]
NOTIC: [8] Undefined index: p D:\wamp\www\hj\Application\Home\Controller\ContentController.class.php 第 22 行.
NOTIC: [8] Undefined index: limit D:\wamp\www\hj\ThinkPHP\Library\Think\Db\Driver.class.php 第 961 行.
SQL: SELECT * FROM `comment` WHERE `article_aid` = 8 ORDER BY addtime desc LIMIT 0,20   [ RunTime:0.0010s ]
SQL: SELECT COUNT(*) AS tp_count FROM `comment` WHERE `article_aid` = 8 ORDER BY addtime desc LIMIT 1   [ RunTime:0.0010s ]
SQL: SELECT `cid`,`cname` FROM `category` ORDER BY csort desc  [ RunTime:0.0000s ]
SQL: SELECT * FROM `tag`  [ RunTime:0.0010s ]
SQL: SELECT * FROM `article` WHERE `is_recycle` = 1 ORDER BY click desc LIMIT 5   [ RunTime:0.0010s ]
SQL: SELECT COUNT(*) AS tp_count FROM `comment` WHERE `article_aid` = 8 LIMIT 1   [ RunTime:0.0010s ]
INFO: [ view_parse ] --START--
INFO: [ template_filter ] --START--
INFO: Run Behavior\ContentReplaceBehavior [ RunTime:0.001000s ]
INFO: [ template_filter ] --END-- [ RunTime:0.001000s ]
INFO: Run Behavior\ParseTemplateBehavior [ RunTime:0.090006s ]
INFO: [ view_parse ] --END-- [ RunTime:0.091006s ]
INFO: [ view_filter ] --START--
INFO: Run Behavior\WriteHtmlCacheBehavior [ RunTime:0.002000s ]
INFO: [ view_filter ] --END-- [ RunTime:0.002000s ]
INFO: [ app_end ] --START--
INFO: Run Behavior\ShowPageTraceBehavior [ RunTime:0.002000s ]
INFO: [ app_end ] --END-- [ RunTime:0.002000s ]

[ 2017-01-08T23:49:51+08:00 ] 127.0.0.1 /hj/index.php/Home/Content/show/aid/8.html
INFO: [ app_init ] --START--
INFO: Run Behavior\BuildLiteBehavior [ RunTime:0.000000s ]
INFO: [ app_init ] --END-- [ RunTime:0.002000s ]
INFO: [ app_begin ] --START--
INFO: Run Behavior\ReadHtmlCacheBehavior [ RunTime:0.001000s ]
INFO: [ app_begin ] --END-- [ RunTime:0.003000s ]
NOTIC: [2048] Declaration of Home\Controller\ContentController::show() should be compatible with Think\Controller::show($content, $charset = '', $contentType = '', $prefix = '') D:\wamp\www\hj\Application\Home\Controller\ContentController.class.php 第 133 行.
SQL: SHOW COLUMNS FROM `article` [ RunTime:0.0080s ]
SQL: UPDATE `article` SET `click`=click+1 WHERE `aid` = 8 [ RunTime:0.0020s ]
SQL: SELECT * FROM `article` INNER JOIN article_data ON article.aid = article_data.article_aid  WHERE `aid` = 8 LIMIT 1   [ RunTime:0.0020s ]
SQL: SHOW COLUMNS FROM `article_tag` [ RunTime:0.0080s ]
SQL: SELECT `tag_tid` FROM `article_tag` WHERE `article_aid` = 8 LIMIT 1   [ RunTime:0.0010s ]
SQL: SHOW COLUMNS FROM `tag` [ RunTime:0.0070s ]
SQL: SELECT `tname` FROM `tag` WHERE `tid` = 5 LIMIT 1   [ RunTime:0.0000s ]
SQL: SHOW COLUMNS FROM `category` [ RunTime:0.0080s ]
SQL: SELECT `cid`,`cname` FROM `category` WHERE `cid` = 4 LIMIT 1   [ RunTime:0.0010s ]
SQL: SELECT `aid`,`title` FROM `article` WHERE `aid` = 9  [ RunTime:0.0010s ]
SQL: SELECT `aid`,`title` FROM `article` WHERE `aid` = 7  [ RunTime:0.0010s ]
SQL: SHOW COLUMNS FROM `like_num` [ RunTime:0.0080s ]
SQL: SELECT SUM(num) AS tp_sum FROM `like_num` WHERE `article_aid` = 8 LIMIT 1   [ RunTime:0.0010s ]
SQL: SHOW COLUMNS FROM `comment` [ RunTime:0.0080s ]
NOTIC: [8] Undefined index: p D:\wamp\www\hj\Application\Home\Controller\ContentController.class.php 第 22 行.
NOTIC: [8] Undefined index: limit D:\wamp\www\hj\ThinkPHP\Library\Think\Db\Driver.class.php 第 961 行.
SQL: SELECT * FROM `comment` WHERE `article_aid` = 8 ORDER BY addtime desc LIMIT 0,20   [ RunTime:0.0010s ]
SQL: SELECT COUNT(*) AS tp_count FROM `comment` WHERE `article_aid` = 8 ORDER BY addtime desc LIMIT 1   [ RunTime:0.0010s ]
SQL: SELECT `cid`,`cname` FROM `category` ORDER BY csort desc  [ RunTime:0.0010s ]
SQL: SELECT * FROM `tag`  [ RunTime:0.0000s ]
SQL: SELECT * FROM `article` WHERE `is_recycle` = 1 ORDER BY click desc LIMIT 5   [ RunTime:0.0020s ]
SQL: SELECT COUNT(*) AS tp_count FROM `comment` WHERE `article_aid` = 8 LIMIT 1   [ RunTime:0.0010s ]
INFO: [ view_parse ] --START--
INFO: [ template_filter ] --START--
INFO: Run Behavior\ContentReplaceBehavior [ RunTime:0.000000s ]
INFO: [ template_filter ] --END-- [ RunTime:0.001000s ]
INFO: Run Behavior\ParseTemplateBehavior [ RunTime:0.085005s ]
INFO: [ view_parse ] --END-- [ RunTime:0.085005s ]
INFO: [ view_filter ] --START--
INFO: Run Behavior\WriteHtmlCacheBehavior [ RunTime:0.002000s ]
INFO: [ view_filter ] --END-- [ RunTime:0.002000s ]
INFO: [ app_end ] --START--
INFO: Run Behavior\ShowPageTraceBehavior [ RunTime:0.002000s ]
INFO: [ app_end ] --END-- [ RunTime:0.002000s ]

[ 2017-01-08T23:49:52+08:00 ] 127.0.0.1 /hj/index.php/Home/Content/show/aid/8.html
INFO: [ app_init ] --START--
INFO: Run Behavior\BuildLiteBehavior [ RunTime:0.000000s ]
INFO: [ app_init ] --END-- [ RunTime:0.002000s ]
INFO: [ app_begin ] --START--
INFO: Run Behavior\ReadHtmlCacheBehavior [ RunTime:0.001000s ]
INFO: [ app_begin ] --END-- [ RunTime:0.001000s ]
NOTIC: [2048] Declaration of Home\Controller\ContentController::show() should be compatible with Think\Controller::show($content, $charset = '', $contentType = '', $prefix = '') D:\wamp\www\hj\Application\Home\Controller\ContentController.class.php 第 133 行.
SQL: SHOW COLUMNS FROM `article` [ RunTime:0.0080s ]
SQL: UPDATE `article` SET `click`=click+1 WHERE `aid` = 8 [ RunTime:0.1310s ]
SQL: SELECT * FROM `article` INNER JOIN article_data ON article.aid = article_data.article_aid  WHERE `aid` = 8 LIMIT 1   [ RunTime:0.0010s ]
SQL: SHOW COLUMNS FROM `article_tag` [ RunTime:0.0070s ]
SQL: SELECT `tag_tid` FROM `article_tag` WHERE `article_aid` = 8 LIMIT 1   [ RunTime:0.0010s ]
SQL: SHOW COLUMNS FROM `tag` [ RunTime:0.0070s ]
SQL: SELECT `tname` FROM `tag` WHERE `tid` = 5 LIMIT 1   [ RunTime:0.0010s ]
SQL: SHOW COLUMNS FROM `category` [ RunTime:0.0060s ]
SQL: SELECT `cid`,`cname` FROM `category` WHERE `cid` = 4 LIMIT 1   [ RunTime:0.0010s ]
SQL: SELECT `aid`,`title` FROM `article` WHERE `aid` = 9  [ RunTime:0.0010s ]
SQL: SELECT `aid`,`title` FROM `article` WHERE `aid` = 7  [ RunTime:0.0010s ]
SQL: SHOW COLUMNS FROM `like_num` [ RunTime:0.0070s ]
SQL: SELECT SUM(num) AS tp_sum FROM `like_num` WHERE `article_aid` = 8 LIMIT 1   [ RunTime:0.0000s ]
SQL: SHOW COLUMNS FROM `comment` [ RunTime:0.0070s ]
NOTIC: [8] Undefined index: p D:\wamp\www\hj\Application\Home\Controller\ContentController.class.php 第 22 行.
NOTIC: [8] Undefined index: limit D:\wamp\www\hj\ThinkPHP\Library\Think\Db\Driver.class.php 第 961 行.
SQL: SELECT * FROM `comment` WHERE `article_aid` = 8 ORDER BY addtime desc LIMIT 0,20   [ RunTime:0.0000s ]
SQL: SELECT COUNT(*) AS tp_count FROM `comment` WHERE `article_aid` = 8 ORDER BY addtime desc LIMIT 1   [ RunTime:0.0000s ]
SQL: SELECT `cid`,`cname` FROM `category` ORDER BY csort desc  [ RunTime:0.0010s ]
SQL: SELECT * FROM `tag`  [ RunTime:0.0000s ]
SQL: SELECT * FROM `article` WHERE `is_recycle` = 1 ORDER BY click desc LIMIT 5   [ RunTime:0.0010s ]
SQL: SELECT COUNT(*) AS tp_count FROM `comment` WHERE `article_aid` = 8 LIMIT 1   [ RunTime:0.0010s ]
INFO: [ view_parse ] --START--
INFO: [ template_filter ] --START--
INFO: Run Behavior\ContentReplaceBehavior [ RunTime:0.001000s ]
INFO: [ template_filter ] --END-- [ RunTime:0.001000s ]
INFO: Run Behavior\ParseTemplateBehavior [ RunTime:0.087005s ]
INFO: [ view_parse ] --END-- [ RunTime:0.088005s ]
INFO: [ view_filter ] --START--
INFO: Run Behavior\WriteHtmlCacheBehavior [ RunTime:0.001000s ]
INFO: [ view_filter ] --END-- [ RunTime:0.001000s ]
INFO: [ app_end ] --START--
INFO: Run Behavior\ShowPageTraceBehavior [ RunTime:0.001000s ]
INFO: [ app_end ] --END-- [ RunTime:0.002000s ]

