[ 2017-02-19T19:14:01+08:00 ] 127.0.0.1 /hj/
INFO: [ app_init ] --START--
INFO: Run Behavior\BuildLiteBehavior [ RunTime:0.000000s ]
INFO: [ app_init ] --END-- [ RunTime:0.042003s ]
INFO: [ app_begin ] --START--
INFO: Run Behavior\ReadHtmlCacheBehavior [ RunTime:0.029001s ]
INFO: [ app_begin ] --END-- [ RunTime:0.029001s ]
SQL: SHOW COLUMNS FROM `article` [ RunTime:0.2590s ]
SQL: SELECT `aid`,`title`,`click`,`sendtime`,`update_time`,`thumb`,`digest`,`author`,`user_id`,`category_cid`,`is_recycle` FROM `article` INNER JOIN article_data ON article.aid = article_data.article_aid  WHERE `is_recycle` = 1 ORDER BY sendtime desc LIMIT 0,5   [ RunTime:0.0420s ]
SQL: SELECT COUNT(*) AS tp_count FROM `article` WHERE ( is_recycle=1 ) LIMIT 1   [ RunTime:0.0210s ]
SQL: SHOW COLUMNS FROM `article_tag` [ RunTime:0.0480s ]
SQL: SELECT `tag_tid` FROM `article_tag` WHERE `article_aid` = 23 LIMIT 1   [ RunTime:0.0010s ]
SQL: SHOW COLUMNS FROM `tag` [ RunTime:0.0750s ]
SQL: SELECT `tname` FROM `tag` WHERE `tid` = 3 LIMIT 1   [ RunTime:0.0010s ]
SQL: SELECT `tag_tid` FROM `article_tag` WHERE `article_aid` = 22 LIMIT 1   [ RunTime:0.0010s ]
SQL: SELECT `tname` FROM `tag` WHERE `tid` = 2 LIMIT 1   [ RunTime:0.0000s ]
SQL: SELECT `tag_tid` FROM `article_tag` WHERE `article_aid` = 21 LIMIT 1   [ RunTime:0.0000s ]
SQL: SELECT `tname` FROM `tag` WHERE `tid` = 6 LIMIT 1   [ RunTime:0.0010s ]
SQL: SELECT `tag_tid` FROM `article_tag` WHERE `article_aid` = 20 LIMIT 1   [ RunTime:0.0010s ]
SQL: SELECT `tname` FROM `tag` WHERE `tid` = 5 LIMIT 1   [ RunTime:0.0000s ]
SQL: SELECT `tag_tid` FROM `article_tag` WHERE `article_aid` = 19 LIMIT 1   [ RunTime:0.0000s ]
SQL: SELECT `tname` FROM `tag` WHERE `tid` = 1 LIMIT 1   [ RunTime:0.0000s ]
SQL: SHOW COLUMNS FROM `category` [ RunTime:0.0480s ]
SQL: SELECT `cid`,`cname` FROM `category` ORDER BY csort desc  [ RunTime:0.0010s ]
SQL: SELECT * FROM `tag`  [ RunTime:0.0010s ]
SQL: SELECT * FROM `article` WHERE `is_recycle` = 1 ORDER BY click desc LIMIT 5   [ RunTime:0.0000s ]
INFO: [ view_parse ] --START--
INFO: [ template_filter ] --START--
INFO: Run Behavior\ContentReplaceBehavior [ RunTime:0.038002s ]
INFO: [ template_filter ] --END-- [ RunTime:0.039002s ]
INFO: Run Behavior\ParseTemplateBehavior [ RunTime:0.366023s ]
INFO: [ view_parse ] --END-- [ RunTime:0.366023s ]
INFO: [ view_filter ] --START--
INFO: Run Behavior\WriteHtmlCacheBehavior [ RunTime:0.002000s ]
INFO: [ view_filter ] --END-- [ RunTime:0.003000s ]
INFO: [ app_end ] --START--
INFO: Run Behavior\ShowPageTraceBehavior [ RunTime:0.010001s ]
INFO: [ app_end ] --END-- [ RunTime:0.011001s ]

[ 2017-02-19T19:14:10+08:00 ] 127.0.0.1 /hj/index.php/Home/Index/index/cid/1.html
INFO: [ app_init ] --START--
INFO: Run Behavior\BuildLiteBehavior [ RunTime:0.000000s ]
INFO: [ app_init ] --END-- [ RunTime:0.001000s ]
INFO: [ app_begin ] --START--
INFO: Run Behavior\ReadHtmlCacheBehavior [ RunTime:0.001000s ]
INFO: [ app_begin ] --END-- [ RunTime:0.001000s ]
SQL: SHOW COLUMNS FROM `article` [ RunTime:0.0040s ]
SQL: SELECT `aid`,`title`,`click`,`sendtime`,`update_time`,`thumb`,`digest`,`author`,`user_id`,`category_cid`,`is_recycle` FROM `article` INNER JOIN article_data ON article.aid = article_data.article_aid  WHERE `is_recycle` = 1 ORDER BY sendtime desc LIMIT 0,5   [ RunTime:0.0005s ]
SQL: SELECT COUNT(*) AS tp_count FROM `article` WHERE ( is_recycle=1 ) LIMIT 1   [ RunTime:0.0010s ]
SQL: SHOW COLUMNS FROM `article_tag` [ RunTime:0.0040s ]
SQL: SELECT `tag_tid` FROM `article_tag` WHERE `article_aid` = 23 LIMIT 1   [ RunTime:0.0000s ]
SQL: SHOW COLUMNS FROM `tag` [ RunTime:0.0040s ]
SQL: SELECT `tname` FROM `tag` WHERE `tid` = 3 LIMIT 1   [ RunTime:0.0010s ]
SQL: SELECT `tag_tid` FROM `article_tag` WHERE `article_aid` = 22 LIMIT 1   [ RunTime:0.0000s ]
SQL: SELECT `tname` FROM `tag` WHERE `tid` = 2 LIMIT 1   [ RunTime:0.0000s ]
SQL: SELECT `tag_tid` FROM `article_tag` WHERE `article_aid` = 21 LIMIT 1   [ RunTime:0.0000s ]
SQL: SELECT `tname` FROM `tag` WHERE `tid` = 6 LIMIT 1   [ RunTime:0.0000s ]
SQL: SELECT `tag_tid` FROM `article_tag` WHERE `article_aid` = 20 LIMIT 1   [ RunTime:0.0000s ]
SQL: SELECT `tname` FROM `tag` WHERE `tid` = 5 LIMIT 1   [ RunTime:0.0000s ]
SQL: SELECT `tag_tid` FROM `article_tag` WHERE `article_aid` = 19 LIMIT 1   [ RunTime:0.0000s ]
SQL: SELECT `tname` FROM `tag` WHERE `tid` = 1 LIMIT 1   [ RunTime:0.0010s ]
SQL: SELECT `aid`,`title`,`click`,`sendtime`,`update_time`,`thumb`,`digest`,`author`,`user_id`,`category_cid`,`is_recycle` FROM `article` INNER JOIN article_data ON article.aid = article_data.article_aid  WHERE `category_cid` = 1 AND `is_recycle` = 1 ORDER BY sendtime desc LIMIT 0,5   [ RunTime:0.0070s ]
SQL: SELECT COUNT(*) AS tp_count FROM `article` WHERE `is_recycle` = 1 AND `category_cid` = 1 LIMIT 1   [ RunTime:0.0010s ]
SQL: SELECT `tag_tid` FROM `article_tag` WHERE `article_aid` = 23 LIMIT 1   [ RunTime:0.0010s ]
SQL: SELECT `tname` FROM `tag` WHERE `tid` = 3 LIMIT 1   [ RunTime:0.0010s ]
SQL: SELECT `tag_tid` FROM `article_tag` WHERE `article_aid` = 16 LIMIT 1   [ RunTime:0.0000s ]
SQL: SELECT `tname` FROM `tag` WHERE `tid` = 3 LIMIT 1   [ RunTime:0.0000s ]
SQL: SELECT `tag_tid` FROM `article_tag` WHERE `article_aid` = 14 LIMIT 1   [ RunTime:0.0000s ]
SQL: SELECT `tname` FROM `tag` WHERE `tid` = 3 LIMIT 1   [ RunTime:0.0010s ]
SQL: SELECT `tag_tid` FROM `article_tag` WHERE `article_aid` = 12 LIMIT 1   [ RunTime:0.0010s ]
SQL: SELECT `tname` FROM `tag` WHERE `tid` = 3 LIMIT 1   [ RunTime:0.0000s ]
SQL: SHOW COLUMNS FROM `category` [ RunTime:0.0030s ]
SQL: SELECT `cname` FROM `category` WHERE `cid` = 1 LIMIT 1   [ RunTime:0.0010s ]
SQL: SELECT `cid`,`cname` FROM `category` ORDER BY csort desc  [ RunTime:0.0010s ]
SQL: SELECT * FROM `tag`  [ RunTime:0.0000s ]
SQL: SELECT * FROM `article` WHERE `is_recycle` = 1 ORDER BY click desc LIMIT 5   [ RunTime:0.0000s ]
INFO: [ view_parse ] --START--
INFO: [ template_filter ] --START--
INFO: Run Behavior\ContentReplaceBehavior [ RunTime:0.006001s ]
INFO: [ template_filter ] --END-- [ RunTime:0.007001s ]
INFO: Run Behavior\ParseTemplateBehavior [ RunTime:0.051003s ]
INFO: [ view_parse ] --END-- [ RunTime:0.051003s ]
INFO: [ view_filter ] --START--
INFO: Run Behavior\WriteHtmlCacheBehavior [ RunTime:0.001000s ]
INFO: [ view_filter ] --END-- [ RunTime:0.001000s ]
INFO: [ app_end ] --START--
INFO: Run Behavior\ShowPageTraceBehavior [ RunTime:0.001000s ]
INFO: [ app_end ] --END-- [ RunTime:0.001000s ]

[ 2017-02-19T19:14:11+08:00 ] 127.0.0.1 /hj/index.php/Home/Index/index/cid/2.html
INFO: [ app_init ] --START--
INFO: Run Behavior\BuildLiteBehavior [ RunTime:0.000500s ]
INFO: [ app_init ] --END-- [ RunTime:0.000500s ]
INFO: [ app_begin ] --START--
INFO: Run Behavior\ReadHtmlCacheBehavior [ RunTime:0.000500s ]
INFO: [ app_begin ] --END-- [ RunTime:0.000500s ]
SQL: SHOW COLUMNS FROM `article` [ RunTime:0.0035s ]
SQL: SELECT `aid`,`title`,`click`,`sendtime`,`update_time`,`thumb`,`digest`,`author`,`user_id`,`category_cid`,`is_recycle` FROM `article` INNER JOIN article_data ON article.aid = article_data.article_aid  WHERE `is_recycle` = 1 ORDER BY sendtime desc LIMIT 0,5   [ RunTime:0.0010s ]
SQL: SELECT COUNT(*) AS tp_count FROM `article` WHERE ( is_recycle=1 ) LIMIT 1   [ RunTime:0.0005s ]
SQL: SHOW COLUMNS FROM `article_tag` [ RunTime:0.0135s ]
SQL: SELECT `tag_tid` FROM `article_tag` WHERE `article_aid` = 23 LIMIT 1   [ RunTime:0.0025s ]
SQL: SHOW COLUMNS FROM `tag` [ RunTime:0.0095s ]
SQL: SELECT `tname` FROM `tag` WHERE `tid` = 3 LIMIT 1   [ RunTime:0.0000s ]
SQL: SELECT `tag_tid` FROM `article_tag` WHERE `article_aid` = 22 LIMIT 1   [ RunTime:0.0000s ]
SQL: SELECT `tname` FROM `tag` WHERE `tid` = 2 LIMIT 1   [ RunTime:0.0005s ]
SQL: SELECT `tag_tid` FROM `article_tag` WHERE `article_aid` = 21 LIMIT 1   [ RunTime:0.0000s ]
SQL: SELECT `tname` FROM `tag` WHERE `tid` = 6 LIMIT 1   [ RunTime:0.0000s ]
SQL: SELECT `tag_tid` FROM `article_tag` WHERE `article_aid` = 20 LIMIT 1   [ RunTime:0.0010s ]
SQL: SELECT `tname` FROM `tag` WHERE `tid` = 5 LIMIT 1   [ RunTime:0.0010s ]
SQL: SELECT `tag_tid` FROM `article_tag` WHERE `article_aid` = 19 LIMIT 1   [ RunTime:0.0005s ]
SQL: SELECT `tname` FROM `tag` WHERE `tid` = 1 LIMIT 1   [ RunTime:0.0075s ]
SQL: SELECT `aid`,`title`,`click`,`sendtime`,`update_time`,`thumb`,`digest`,`author`,`user_id`,`category_cid`,`is_recycle` FROM `article` INNER JOIN article_data ON article.aid = article_data.article_aid  WHERE `category_cid` = 2 AND `is_recycle` = 1 ORDER BY sendtime desc LIMIT 0,5   [ RunTime:0.0010s ]
SQL: SELECT COUNT(*) AS tp_count FROM `article` WHERE `is_recycle` = 1 AND `category_cid` = 2 LIMIT 1   [ RunTime:0.0005s ]
SQL: SELECT `tag_tid` FROM `article_tag` WHERE `article_aid` = 18 LIMIT 1   [ RunTime:0.0015s ]
SQL: SELECT `tname` FROM `tag` WHERE `tid` = 13 LIMIT 1   [ RunTime:0.0005s ]
SQL: SELECT `tag_tid` FROM `article_tag` WHERE `article_aid` = 17 LIMIT 1   [ RunTime:0.0005s ]
SQL: SELECT `tname` FROM `tag` WHERE `tid` = 4 LIMIT 1   [ RunTime:0.0005s ]
SQL: SHOW COLUMNS FROM `category` [ RunTime:0.0075s ]
SQL: SELECT `cname` FROM `category` WHERE `cid` = 2 LIMIT 1   [ RunTime:0.0010s ]
SQL: SELECT `cid`,`cname` FROM `category` ORDER BY csort desc  [ RunTime:0.0015s ]
SQL: SELECT * FROM `tag`  [ RunTime:0.0015s ]
SQL: SELECT * FROM `article` WHERE `is_recycle` = 1 ORDER BY click desc LIMIT 5   [ RunTime:0.0005s ]
INFO: [ view_parse ] --START--
INFO: [ template_filter ] --START--
INFO: Run Behavior\ContentReplaceBehavior [ RunTime:0.000000s ]
INFO: [ template_filter ] --END-- [ RunTime:0.000501s ]
INFO: Run Behavior\ParseTemplateBehavior [ RunTime:0.045506s ]
INFO: [ view_parse ] --END-- [ RunTime:0.045506s ]
INFO: [ view_filter ] --START--
INFO: Run Behavior\WriteHtmlCacheBehavior [ RunTime:0.000500s ]
INFO: [ view_filter ] --END-- [ RunTime:0.000500s ]
INFO: [ app_end ] --START--
INFO: Run Behavior\ShowPageTraceBehavior [ RunTime:0.000500s ]
INFO: [ app_end ] --END-- [ RunTime:0.001500s ]

[ 2017-02-19T19:14:13+08:00 ] 127.0.0.1 /hj/index.php/Home/Index/index/cid/3.html
INFO: [ app_init ] --START--
INFO: Run Behavior\BuildLiteBehavior [ RunTime:0.000000s ]
INFO: [ app_init ] --END-- [ RunTime:0.001500s ]
INFO: [ app_begin ] --START--
INFO: Run Behavior\ReadHtmlCacheBehavior [ RunTime:0.078010s ]
INFO: [ app_begin ] --END-- [ RunTime:0.078010s ]
SQL: SHOW COLUMNS FROM `article` [ RunTime:0.0075s ]
SQL: SELECT `aid`,`title`,`click`,`sendtime`,`update_time`,`thumb`,`digest`,`author`,`user_id`,`category_cid`,`is_recycle` FROM `article` INNER JOIN article_data ON article.aid = article_data.article_aid  WHERE `is_recycle` = 1 ORDER BY sendtime desc LIMIT 0,5   [ RunTime:0.0015s ]
SQL: SELECT COUNT(*) AS tp_count FROM `article` WHERE ( is_recycle=1 ) LIMIT 1   [ RunTime:0.0010s ]
SQL: SHOW COLUMNS FROM `article_tag` [ RunTime:0.0075s ]
SQL: SELECT `tag_tid` FROM `article_tag` WHERE `article_aid` = 23 LIMIT 1   [ RunTime:0.0010s ]
SQL: SHOW COLUMNS FROM `tag` [ RunTime:0.0130s ]
SQL: SELECT `tname` FROM `tag` WHERE `tid` = 3 LIMIT 1   [ RunTime:0.0010s ]
SQL: SELECT `tag_tid` FROM `article_tag` WHERE `article_aid` = 22 LIMIT 1   [ RunTime:0.0010s ]
SQL: SELECT `tname` FROM `tag` WHERE `tid` = 2 LIMIT 1   [ RunTime:0.0010s ]
SQL: SELECT `tag_tid` FROM `article_tag` WHERE `article_aid` = 21 LIMIT 1   [ RunTime:0.0005s ]
SQL: SELECT `tname` FROM `tag` WHERE `tid` = 6 LIMIT 1   [ RunTime:0.0025s ]
SQL: SELECT `tag_tid` FROM `article_tag` WHERE `article_aid` = 20 LIMIT 1   [ RunTime:0.0005s ]
SQL: SELECT `tname` FROM `tag` WHERE `tid` = 5 LIMIT 1   [ RunTime:0.0025s ]
SQL: SELECT `tag_tid` FROM `article_tag` WHERE `article_aid` = 19 LIMIT 1   [ RunTime:0.0010s ]
SQL: SELECT `tname` FROM `tag` WHERE `tid` = 1 LIMIT 1   [ RunTime:0.0050s ]
SQL: SELECT `aid`,`title`,`click`,`sendtime`,`update_time`,`thumb`,`digest`,`author`,`user_id`,`category_cid`,`is_recycle` FROM `article` INNER JOIN article_data ON article.aid = article_data.article_aid  WHERE `category_cid` = 3 AND `is_recycle` = 1 ORDER BY sendtime desc LIMIT 0,5   [ RunTime:0.0040s ]
SQL: SELECT COUNT(*) AS tp_count FROM `article` WHERE `is_recycle` = 1 AND `category_cid` = 3 LIMIT 1   [ RunTime:0.0025s ]
SQL: SELECT `tag_tid` FROM `article_tag` WHERE `article_aid` = 22 LIMIT 1   [ RunTime:0.0010s ]
SQL: SELECT `tname` FROM `tag` WHERE `tid` = 2 LIMIT 1   [ RunTime:0.0015s ]
SQL: SELECT `tag_tid` FROM `article_tag` WHERE `article_aid` = 21 LIMIT 1   [ RunTime:0.0010s ]
SQL: SELECT `tname` FROM `tag` WHERE `tid` = 6 LIMIT 1   [ RunTime:0.0010s ]
SQL: SELECT `tag_tid` FROM `article_tag` WHERE `article_aid` = 19 LIMIT 1   [ RunTime:0.0005s ]
SQL: SELECT `tname` FROM `tag` WHERE `tid` = 1 LIMIT 1   [ RunTime:0.0005s ]
SQL: SELECT `tag_tid` FROM `article_tag` WHERE `article_aid` = 15 LIMIT 1   [ RunTime:0.0025s ]
SQL: SELECT `tname` FROM `tag` WHERE `tid` = 9 LIMIT 1   [ RunTime:0.0005s ]
SQL: SELECT `tag_tid` FROM `article_tag` WHERE `article_aid` = 13 LIMIT 1   [ RunTime:0.0020s ]
SQL: SELECT `tname` FROM `tag` WHERE `tid` = 10 LIMIT 1   [ RunTime:0.0020s ]
SQL: SHOW COLUMNS FROM `category` [ RunTime:0.0340s ]
SQL: SELECT `cname` FROM `category` WHERE `cid` = 3 LIMIT 1   [ RunTime:0.0010s ]
SQL: SELECT `cid`,`cname` FROM `category` ORDER BY csort desc  [ RunTime:0.0040s ]
SQL: SELECT * FROM `tag`  [ RunTime:0.0015s ]
SQL: SELECT * FROM `article` WHERE `is_recycle` = 1 ORDER BY click desc LIMIT 5   [ RunTime:0.0035s ]
INFO: [ view_parse ] --START--
INFO: [ template_filter ] --START--
INFO: Run Behavior\ContentReplaceBehavior [ RunTime:0.001000s ]
INFO: [ template_filter ] --END-- [ RunTime:0.001500s ]
INFO: Run Behavior\ParseTemplateBehavior [ RunTime:0.109013s ]
INFO: [ view_parse ] --END-- [ RunTime:0.110514s ]
INFO: [ view_filter ] --START--
INFO: Run Behavior\WriteHtmlCacheBehavior [ RunTime:0.001000s ]
INFO: [ view_filter ] --END-- [ RunTime:0.001000s ]
INFO: [ app_end ] --START--
INFO: Run Behavior\ShowPageTraceBehavior [ RunTime:0.001000s ]
INFO: [ app_end ] --END-- [ RunTime:0.002000s ]

[ 2017-02-19T19:14:15+08:00 ] 127.0.0.1 /hj/index.php/Home/Index/index/cid/4.html
INFO: [ app_init ] --START--
INFO: Run Behavior\BuildLiteBehavior [ RunTime:0.000500s ]
INFO: [ app_init ] --END-- [ RunTime:0.001000s ]
INFO: [ app_begin ] --START--
INFO: Run Behavior\ReadHtmlCacheBehavior [ RunTime:0.000500s ]
INFO: [ app_begin ] --END-- [ RunTime:0.001500s ]
SQL: SHOW COLUMNS FROM `article` [ RunTime:0.0050s ]
SQL: SELECT `aid`,`title`,`click`,`sendtime`,`update_time`,`thumb`,`digest`,`author`,`user_id`,`category_cid`,`is_recycle` FROM `article` INNER JOIN article_data ON article.aid = article_data.article_aid  WHERE `is_recycle` = 1 ORDER BY sendtime desc LIMIT 0,5   [ RunTime:0.0075s ]
SQL: SELECT COUNT(*) AS tp_count FROM `article` WHERE ( is_recycle=1 ) LIMIT 1   [ RunTime:0.0005s ]
SQL: SHOW COLUMNS FROM `article_tag` [ RunTime:0.0095s ]
SQL: SELECT `tag_tid` FROM `article_tag` WHERE `article_aid` = 23 LIMIT 1   [ RunTime:0.0005s ]
SQL: SHOW COLUMNS FROM `tag` [ RunTime:0.0040s ]
SQL: SELECT `tname` FROM `tag` WHERE `tid` = 3 LIMIT 1   [ RunTime:0.0010s ]
SQL: SELECT `tag_tid` FROM `article_tag` WHERE `article_aid` = 22 LIMIT 1   [ RunTime:0.0010s ]
SQL: SELECT `tname` FROM `tag` WHERE `tid` = 2 LIMIT 1   [ RunTime:0.0020s ]
SQL: SELECT `tag_tid` FROM `article_tag` WHERE `article_aid` = 21 LIMIT 1   [ RunTime:0.0040s ]
SQL: SELECT `tname` FROM `tag` WHERE `tid` = 6 LIMIT 1   [ RunTime:0.0005s ]
SQL: SELECT `tag_tid` FROM `article_tag` WHERE `article_aid` = 20 LIMIT 1   [ RunTime:0.0010s ]
SQL: SELECT `tname` FROM `tag` WHERE `tid` = 5 LIMIT 1   [ RunTime:0.0110s ]
SQL: SELECT `tag_tid` FROM `article_tag` WHERE `article_aid` = 19 LIMIT 1   [ RunTime:0.0025s ]
SQL: SELECT `tname` FROM `tag` WHERE `tid` = 1 LIMIT 1   [ RunTime:0.0010s ]
SQL: SELECT `aid`,`title`,`click`,`sendtime`,`update_time`,`thumb`,`digest`,`author`,`user_id`,`category_cid`,`is_recycle` FROM `article` INNER JOIN article_data ON article.aid = article_data.article_aid  WHERE `category_cid` = 4 AND `is_recycle` = 1 ORDER BY sendtime desc LIMIT 0,5   [ RunTime:0.0100s ]
SQL: SELECT COUNT(*) AS tp_count FROM `article` WHERE `is_recycle` = 1 AND `category_cid` = 4 LIMIT 1   [ RunTime:0.0020s ]
SQL: SELECT `tag_tid` FROM `article_tag` WHERE `article_aid` = 20 LIMIT 1   [ RunTime:0.0000s ]
SQL: SELECT `tname` FROM `tag` WHERE `tid` = 5 LIMIT 1   [ RunTime:0.0010s ]
SQL: SELECT `tag_tid` FROM `article_tag` WHERE `article_aid` = 8 LIMIT 1   [ RunTime:0.0005s ]
SQL: SELECT `tname` FROM `tag` WHERE `tid` = 5 LIMIT 1   [ RunTime:0.0005s ]
SQL: SHOW COLUMNS FROM `category` [ RunTime:0.0075s ]
SQL: SELECT `cname` FROM `category` WHERE `cid` = 4 LIMIT 1   [ RunTime:0.0005s ]
SQL: SELECT `cid`,`cname` FROM `category` ORDER BY csort desc  [ RunTime:0.0005s ]
SQL: SELECT * FROM `tag`  [ RunTime:0.0005s ]
SQL: SELECT * FROM `article` WHERE `is_recycle` = 1 ORDER BY click desc LIMIT 5   [ RunTime:0.0005s ]
INFO: [ view_parse ] --START--
INFO: [ template_filter ] --START--
INFO: Run Behavior\ContentReplaceBehavior [ RunTime:0.000000s ]
INFO: [ template_filter ] --END-- [ RunTime:0.001000s ]
INFO: Run Behavior\ParseTemplateBehavior [ RunTime:0.063008s ]
INFO: [ view_parse ] --END-- [ RunTime:0.063008s ]
INFO: [ view_filter ] --START--
INFO: Run Behavior\WriteHtmlCacheBehavior [ RunTime:0.001000s ]
INFO: [ view_filter ] --END-- [ RunTime:0.001000s ]
INFO: [ app_end ] --START--
INFO: Run Behavior\ShowPageTraceBehavior [ RunTime:0.002501s ]
INFO: [ app_end ] --END-- [ RunTime:0.003001s ]

[ 2017-02-19T19:14:21+08:00 ] 127.0.0.1 /hj/index.php/Home/Index/index/tid/8.html
INFO: [ app_init ] --START--
INFO: Run Behavior\BuildLiteBehavior [ RunTime:0.000000s ]
INFO: [ app_init ] --END-- [ RunTime:0.001000s ]
INFO: [ app_begin ] --START--
INFO: Run Behavior\ReadHtmlCacheBehavior [ RunTime:0.000500s ]
INFO: [ app_begin ] --END-- [ RunTime:0.001500s ]
SQL: SHOW COLUMNS FROM `article` [ RunTime:0.0045s ]
SQL: SELECT `aid`,`title`,`click`,`sendtime`,`update_time`,`thumb`,`digest`,`author`,`user_id`,`category_cid`,`is_recycle` FROM `article` INNER JOIN article_data ON article.aid = article_data.article_aid  WHERE `is_recycle` = 1 ORDER BY sendtime desc LIMIT 0,5   [ RunTime:0.0015s ]
SQL: SELECT COUNT(*) AS tp_count FROM `article` WHERE ( is_recycle=1 ) LIMIT 1   [ RunTime:0.0005s ]
SQL: SHOW COLUMNS FROM `article_tag` [ RunTime:0.0040s ]
SQL: SELECT `tag_tid` FROM `article_tag` WHERE `article_aid` = 23 LIMIT 1   [ RunTime:0.0005s ]
SQL: SHOW COLUMNS FROM `tag` [ RunTime:0.0050s ]
SQL: SELECT `tname` FROM `tag` WHERE `tid` = 3 LIMIT 1   [ RunTime:0.0005s ]
SQL: SELECT `tag_tid` FROM `article_tag` WHERE `article_aid` = 22 LIMIT 1   [ RunTime:0.0005s ]
SQL: SELECT `tname` FROM `tag` WHERE `tid` = 2 LIMIT 1   [ RunTime:0.0005s ]
SQL: SELECT `tag_tid` FROM `article_tag` WHERE `article_aid` = 21 LIMIT 1   [ RunTime:0.0010s ]
SQL: SELECT `tname` FROM `tag` WHERE `tid` = 6 LIMIT 1   [ RunTime:0.0010s ]
SQL: SELECT `tag_tid` FROM `article_tag` WHERE `article_aid` = 20 LIMIT 1   [ RunTime:0.0005s ]
SQL: SELECT `tname` FROM `tag` WHERE `tid` = 5 LIMIT 1   [ RunTime:0.0005s ]
SQL: SELECT `tag_tid` FROM `article_tag` WHERE `article_aid` = 19 LIMIT 1   [ RunTime:0.0000s ]
SQL: SELECT `tname` FROM `tag` WHERE `tid` = 1 LIMIT 1   [ RunTime:0.0005s ]
SQL: SELECT `aid`,`title`,`click`,`sendtime`,`update_time`,`thumb`,`digest`,`author`,`user_id`,`category_cid`,`is_recycle` FROM `article` INNER JOIN article_data ON article.aid = article_data.article_aid INNER JOIN article_tag ON article_data.article_aid = article_tag.article_aid  WHERE `tag_tid` = 8 AND `is_recycle` = 1 ORDER BY sendtime desc LIMIT 0,5   [ RunTime:0.0100s ]
SQL: SELECT COUNT(*) AS tp_count FROM `article_tag` WHERE `tag_tid` = 8 LIMIT 1   [ RunTime:0.0015s ]
SQL: SELECT `tname` FROM `tag` WHERE `tid` = 8 LIMIT 1   [ RunTime:0.0005s ]
SQL: SHOW COLUMNS FROM `category` [ RunTime:0.0300s ]
SQL: SELECT `cid`,`cname` FROM `category` ORDER BY csort desc  [ RunTime:0.0005s ]
SQL: SELECT * FROM `tag`  [ RunTime:0.0005s ]
SQL: SELECT * FROM `article` WHERE `is_recycle` = 1 ORDER BY click desc LIMIT 5   [ RunTime:0.0005s ]
INFO: [ view_parse ] --START--
INFO: [ template_filter ] --START--
INFO: Run Behavior\ContentReplaceBehavior [ RunTime:0.000500s ]
INFO: [ template_filter ] --END-- [ RunTime:0.000500s ]
INFO: Run Behavior\ParseTemplateBehavior [ RunTime:0.076010s ]
INFO: [ view_parse ] --END-- [ RunTime:0.076010s ]
INFO: [ view_filter ] --START--
INFO: Run Behavior\WriteHtmlCacheBehavior [ RunTime:0.000500s ]
INFO: [ view_filter ] --END-- [ RunTime:0.001500s ]
INFO: [ app_end ] --START--
INFO: Run Behavior\ShowPageTraceBehavior [ RunTime:0.001000s ]
INFO: [ app_end ] --END-- [ RunTime:0.001000s ]

[ 2017-02-19T19:14:24+08:00 ] 127.0.0.1 /hj/index.php/Home/Index/index/tid/1.html
INFO: [ app_init ] --START--
INFO: Run Behavior\BuildLiteBehavior [ RunTime:0.000500s ]
INFO: [ app_init ] --END-- [ RunTime:0.001000s ]
INFO: [ app_begin ] --START--
INFO: Run Behavior\ReadHtmlCacheBehavior [ RunTime:0.018503s ]
INFO: [ app_begin ] --END-- [ RunTime:0.019003s ]
SQL: SHOW COLUMNS FROM `article` [ RunTime:0.0055s ]
SQL: SELECT `aid`,`title`,`click`,`sendtime`,`update_time`,`thumb`,`digest`,`author`,`user_id`,`category_cid`,`is_recycle` FROM `article` INNER JOIN article_data ON article.aid = article_data.article_aid  WHERE `is_recycle` = 1 ORDER BY sendtime desc LIMIT 0,5   [ RunTime:0.0015s ]
SQL: SELECT COUNT(*) AS tp_count FROM `article` WHERE ( is_recycle=1 ) LIMIT 1   [ RunTime:0.0010s ]
SQL: SHOW COLUMNS FROM `article_tag` [ RunTime:0.0090s ]
SQL: SELECT `tag_tid` FROM `article_tag` WHERE `article_aid` = 23 LIMIT 1   [ RunTime:0.0015s ]
SQL: SHOW COLUMNS FROM `tag` [ RunTime:0.0055s ]
SQL: SELECT `tname` FROM `tag` WHERE `tid` = 3 LIMIT 1   [ RunTime:0.0010s ]
SQL: SELECT `tag_tid` FROM `article_tag` WHERE `article_aid` = 22 LIMIT 1   [ RunTime:0.0010s ]
SQL: SELECT `tname` FROM `tag` WHERE `tid` = 2 LIMIT 1   [ RunTime:0.0010s ]
SQL: SELECT `tag_tid` FROM `article_tag` WHERE `article_aid` = 21 LIMIT 1   [ RunTime:0.0010s ]
SQL: SELECT `tname` FROM `tag` WHERE `tid` = 6 LIMIT 1   [ RunTime:0.0015s ]
SQL: SELECT `tag_tid` FROM `article_tag` WHERE `article_aid` = 20 LIMIT 1   [ RunTime:0.0005s ]
SQL: SELECT `tname` FROM `tag` WHERE `tid` = 5 LIMIT 1   [ RunTime:0.0010s ]
SQL: SELECT `tag_tid` FROM `article_tag` WHERE `article_aid` = 19 LIMIT 1   [ RunTime:0.0005s ]
SQL: SELECT `tname` FROM `tag` WHERE `tid` = 1 LIMIT 1   [ RunTime:0.0005s ]
SQL: SELECT `aid`,`title`,`click`,`sendtime`,`update_time`,`thumb`,`digest`,`author`,`user_id`,`category_cid`,`is_recycle` FROM `article` INNER JOIN article_data ON article.aid = article_data.article_aid INNER JOIN article_tag ON article_data.article_aid = article_tag.article_aid  WHERE `tag_tid` = 1 AND `is_recycle` = 1 ORDER BY sendtime desc LIMIT 0,5   [ RunTime:0.0010s ]
SQL: SELECT `tag_tid` FROM `article_tag` WHERE `article_aid` = 19 LIMIT 1   [ RunTime:0.0010s ]
SQL: SELECT `tname` FROM `tag` WHERE `tid` = 1 LIMIT 1   [ RunTime:0.0005s ]
SQL: SELECT COUNT(*) AS tp_count FROM `article_tag` WHERE `tag_tid` = 1 LIMIT 1   [ RunTime:0.0005s ]
SQL: SELECT `tname` FROM `tag` WHERE `tid` = 1 LIMIT 1   [ RunTime:0.0005s ]
SQL: SHOW COLUMNS FROM `category` [ RunTime:0.0080s ]
SQL: SELECT `cid`,`cname` FROM `category` ORDER BY csort desc  [ RunTime:0.0005s ]
SQL: SELECT * FROM `tag`  [ RunTime:0.0010s ]
SQL: SELECT * FROM `article` WHERE `is_recycle` = 1 ORDER BY click desc LIMIT 5   [ RunTime:0.0025s ]
INFO: [ view_parse ] --START--
INFO: [ template_filter ] --START--
INFO: Run Behavior\ContentReplaceBehavior [ RunTime:0.000500s ]
INFO: [ template_filter ] --END-- [ RunTime:0.000500s ]
INFO: Run Behavior\ParseTemplateBehavior [ RunTime:0.071508s ]
INFO: [ view_parse ] --END-- [ RunTime:0.071508s ]
INFO: [ view_filter ] --START--
INFO: Run Behavior\WriteHtmlCacheBehavior [ RunTime:0.001000s ]
INFO: [ view_filter ] --END-- [ RunTime:0.002000s ]
INFO: [ app_end ] --START--
INFO: Run Behavior\ShowPageTraceBehavior [ RunTime:0.001000s ]
INFO: [ app_end ] --END-- [ RunTime:0.002000s ]

[ 2017-02-19T19:18:49+08:00 ] 127.0.0.1 /hj/index.php/Home/Index/index/tid/9.html
INFO: [ app_init ] --START--
INFO: Run Behavior\BuildLiteBehavior [ RunTime:0.000000s ]
INFO: [ app_init ] --END-- [ RunTime:0.001501s ]
INFO: [ app_begin ] --START--
INFO: Run Behavior\ReadHtmlCacheBehavior [ RunTime:0.002001s ]
INFO: [ app_begin ] --END-- [ RunTime:0.002501s ]
SQL: SHOW COLUMNS FROM `article` [ RunTime:0.0070s ]
SQL: SELECT `aid`,`title`,`click`,`sendtime`,`update_time`,`thumb`,`digest`,`author`,`user_id`,`category_cid`,`is_recycle` FROM `article` INNER JOIN article_data ON article.aid = article_data.article_aid  WHERE `is_recycle` = 1 ORDER BY sendtime desc LIMIT 0,5   [ RunTime:0.0040s ]
SQL: SELECT COUNT(*) AS tp_count FROM `article` WHERE ( is_recycle=1 ) LIMIT 1   [ RunTime:0.0030s ]
SQL: SHOW COLUMNS FROM `article_tag` [ RunTime:0.0075s ]
SQL: SELECT `tag_tid` FROM `article_tag` WHERE `article_aid` = 23 LIMIT 1   [ RunTime:0.0010s ]
SQL: SHOW COLUMNS FROM `tag` [ RunTime:0.0075s ]
SQL: SELECT `tname` FROM `tag` WHERE `tid` = 3 LIMIT 1   [ RunTime:0.0030s ]
SQL: SELECT `tag_tid` FROM `article_tag` WHERE `article_aid` = 22 LIMIT 1   [ RunTime:0.0020s ]
SQL: SELECT `tname` FROM `tag` WHERE `tid` = 2 LIMIT 1   [ RunTime:0.0010s ]
SQL: SELECT `tag_tid` FROM `article_tag` WHERE `article_aid` = 21 LIMIT 1   [ RunTime:0.0010s ]
SQL: SELECT `tname` FROM `tag` WHERE `tid` = 6 LIMIT 1   [ RunTime:0.0010s ]
SQL: SELECT `tag_tid` FROM `article_tag` WHERE `article_aid` = 20 LIMIT 1   [ RunTime:0.0005s ]
SQL: SELECT `tname` FROM `tag` WHERE `tid` = 5 LIMIT 1   [ RunTime:0.0050s ]
SQL: SELECT `tag_tid` FROM `article_tag` WHERE `article_aid` = 19 LIMIT 1   [ RunTime:0.0010s ]
SQL: SELECT `tname` FROM `tag` WHERE `tid` = 1 LIMIT 1   [ RunTime:0.0035s ]
SQL: SELECT `aid`,`title`,`click`,`sendtime`,`update_time`,`thumb`,`digest`,`author`,`user_id`,`category_cid`,`is_recycle` FROM `article` INNER JOIN article_data ON article.aid = article_data.article_aid INNER JOIN article_tag ON article_data.article_aid = article_tag.article_aid  WHERE `tag_tid` = 9 AND `is_recycle` = 1 ORDER BY sendtime desc LIMIT 0,5   [ RunTime:0.0020s ]
SQL: SELECT `tag_tid` FROM `article_tag` WHERE `article_aid` = 15 LIMIT 1   [ RunTime:0.0005s ]
SQL: SELECT `tname` FROM `tag` WHERE `tid` = 9 LIMIT 1   [ RunTime:0.0005s ]
SQL: SELECT COUNT(*) AS tp_count FROM `article_tag` WHERE `tag_tid` = 9 LIMIT 1   [ RunTime:0.0010s ]
SQL: SELECT `tname` FROM `tag` WHERE `tid` = 9 LIMIT 1   [ RunTime:0.0005s ]
SQL: SHOW COLUMNS FROM `category` [ RunTime:0.0075s ]
SQL: SELECT `cid`,`cname` FROM `category` ORDER BY csort desc  [ RunTime:0.0010s ]
SQL: SELECT * FROM `tag`  [ RunTime:0.0005s ]
SQL: SELECT * FROM `article` WHERE `is_recycle` = 1 ORDER BY click desc LIMIT 5   [ RunTime:0.0015s ]
INFO: [ view_parse ] --START--
INFO: [ template_filter ] --START--
INFO: Run Behavior\ContentReplaceBehavior [ RunTime:0.000000s ]
INFO: [ template_filter ] --END-- [ RunTime:0.001000s ]
INFO: Run Behavior\ParseTemplateBehavior [ RunTime:0.079507s ]
INFO: [ view_parse ] --END-- [ RunTime:0.080007s ]
INFO: [ view_filter ] --START--
INFO: Run Behavior\WriteHtmlCacheBehavior [ RunTime:0.003000s ]
INFO: [ view_filter ] --END-- [ RunTime:0.003500s ]
INFO: [ app_end ] --START--
INFO: Run Behavior\ShowPageTraceBehavior [ RunTime:0.001000s ]
INFO: [ app_end ] --END-- [ RunTime:0.002001s ]

[ 2017-02-19T19:18:53+08:00 ] 127.0.0.1 /hj/index.php/Home/Content/show/aid/15.html
INFO: [ app_init ] --START--
INFO: Run Behavior\BuildLiteBehavior [ RunTime:0.000000s ]
INFO: [ app_init ] --END-- [ RunTime:0.004001s ]
INFO: [ app_begin ] --START--
INFO: Run Behavior\ReadHtmlCacheBehavior [ RunTime:0.001500s ]
INFO: [ app_begin ] --END-- [ RunTime:0.001500s ]
NOTIC: [2048] Declaration of Home\Controller\ContentController::show() should be compatible with Think\Controller::show($content, $charset = '', $contentType = '', $prefix = '') D:\wamp\www\hj\Application\Home\Controller\ContentController.class.php 第 226 行.
SQL: SHOW COLUMNS FROM `article` [ RunTime:0.0100s ]
SQL: UPDATE `article` SET `click`=click+1 WHERE `aid` = 15 [ RunTime:0.1110s ]
SQL: SELECT * FROM `article` INNER JOIN article_data ON article.aid = article_data.article_aid  WHERE `aid` = 15 LIMIT 1   [ RunTime:0.0230s ]
SQL: SHOW COLUMNS FROM `article_tag` [ RunTime:0.0180s ]
SQL: SELECT `tag_tid` FROM `article_tag` WHERE `article_aid` = 15 LIMIT 1   [ RunTime:0.0060s ]
SQL: SHOW COLUMNS FROM `tag` [ RunTime:0.0105s ]
SQL: SELECT `tname` FROM `tag` WHERE `tid` = 9 LIMIT 1   [ RunTime:0.0005s ]
SQL: SHOW COLUMNS FROM `category` [ RunTime:0.0145s ]
SQL: SELECT `cid`,`cname` FROM `category` WHERE `cid` = 3 LIMIT 1   [ RunTime:0.0010s ]
SQL: SELECT `aid`,`title` FROM `article` WHERE `aid` = 16  [ RunTime:0.0010s ]
SQL: SELECT `aid`,`title` FROM `article` WHERE `aid` = 14  [ RunTime:0.0090s ]
SQL: SHOW COLUMNS FROM `praise` [ RunTime:0.0610s ]
SQL: SELECT SUM(nums) AS tp_sum FROM `praise` WHERE `aid` = 15 LIMIT 1   [ RunTime:0.0010s ]
SQL: SHOW COLUMNS FROM `comment` [ RunTime:0.0570s ]
SQL: SELECT * FROM `comment` WHERE `article_aid` = 15 ORDER BY addtime desc LIMIT 0,5   [ RunTime:0.0020s ]
SQL: SELECT COUNT(*) AS tp_count FROM `comment` WHERE `article_aid` = 15 ORDER BY addtime desc LIMIT 1   [ RunTime:0.0010s ]
SQL: SELECT `cid`,`cname` FROM `category` ORDER BY csort desc  [ RunTime:0.0010s ]
SQL: SELECT * FROM `tag`  [ RunTime:0.0000s ]
SQL: SELECT * FROM `article` WHERE `is_recycle` = 1 ORDER BY click desc LIMIT 5   [ RunTime:0.0010s ]
SQL: SELECT COUNT(*) AS tp_count FROM `comment` WHERE `article_aid` = 15 LIMIT 1   [ RunTime:0.0020s ]
INFO: [ view_parse ] --START--
INFO: [ template_filter ] --START--
INFO: Run Behavior\ContentReplaceBehavior [ RunTime:0.000000s ]
INFO: [ template_filter ] --END-- [ RunTime:0.001000s ]
INFO: Run Behavior\ParseTemplateBehavior [ RunTime:0.136013s ]
INFO: [ view_parse ] --END-- [ RunTime:0.136013s ]
INFO: [ view_filter ] --START--
INFO: Run Behavior\WriteHtmlCacheBehavior [ RunTime:0.001000s ]
INFO: [ view_filter ] --END-- [ RunTime:0.001500s ]
INFO: [ app_end ] --START--
INFO: Run Behavior\ShowPageTraceBehavior [ RunTime:0.001000s ]
INFO: [ app_end ] --END-- [ RunTime:0.001500s ]

[ 2017-02-19T19:19:00+08:00 ] 127.0.0.1 /hj/index.php/Home/Content/zan_click.html?aid=15
INFO: [ app_init ] --START--
INFO: Run Behavior\BuildLiteBehavior [ RunTime:0.000000s ]
INFO: [ app_init ] --END-- [ RunTime:0.004000s ]
INFO: [ app_begin ] --START--
INFO: Run Behavior\ReadHtmlCacheBehavior [ RunTime:0.001500s ]
INFO: [ app_begin ] --END-- [ RunTime:0.002000s ]
NOTIC: [2048] Declaration of Home\Controller\ContentController::show() should be compatible with Think\Controller::show($content, $charset = '', $contentType = '', $prefix = '') D:\wamp\www\hj\Application\Home\Controller\ContentController.class.php 第 226 行.
SQL: SHOW COLUMNS FROM `praise` [ RunTime:0.0080s ]
SQL: SELECT * FROM `praise` WHERE `type` = 0 AND `user_ip` = '127.0.0.1' AND `aid` = 15 LIMIT 1   [ RunTime:0.0010s ]
SQL: UPDATE `praise` SET `user_ip`='127.0.0.1',`add_time`='1487503140',`type`='0',`uid`='0',`aid`='15',`nums`='2',`valid_time`='1487589540' WHERE `type` = 0 AND `user_ip` = '127.0.0.1' AND `aid` = 15 [ RunTime:0.0220s ]
SQL: SELECT SUM(nums) AS tp_sum FROM `praise` WHERE `aid` = 15 LIMIT 1   [ RunTime:0.0010s ]

[ 2017-02-19T19:19:01+08:00 ] 127.0.0.1 /hj/index.php/Home/Content/zan_click.html?aid=15
INFO: [ app_init ] --START--
INFO: Run Behavior\BuildLiteBehavior [ RunTime:0.000500s ]
INFO: [ app_init ] --END-- [ RunTime:0.003500s ]
INFO: [ app_begin ] --START--
INFO: Run Behavior\ReadHtmlCacheBehavior [ RunTime:0.004000s ]
INFO: [ app_begin ] --END-- [ RunTime:0.004000s ]
NOTIC: [2048] Declaration of Home\Controller\ContentController::show() should be compatible with Think\Controller::show($content, $charset = '', $contentType = '', $prefix = '') D:\wamp\www\hj\Application\Home\Controller\ContentController.class.php 第 226 行.
SQL: SHOW COLUMNS FROM `praise` [ RunTime:0.0090s ]
SQL: SELECT * FROM `praise` WHERE `type` = 0 AND `user_ip` = '127.0.0.1' AND `aid` = 15 LIMIT 1   [ RunTime:0.0010s ]

[ 2017-02-19T19:19:06+08:00 ] 127.0.0.1 /hj/index.php/Home/Content/comment_click.html
INFO: [ app_init ] --START--
INFO: Run Behavior\BuildLiteBehavior [ RunTime:0.000000s ]
INFO: [ app_init ] --END-- [ RunTime:0.001500s ]
INFO: [ app_begin ] --START--
INFO: Run Behavior\ReadHtmlCacheBehavior [ RunTime:0.001500s ]
INFO: [ app_begin ] --END-- [ RunTime:0.001500s ]
NOTIC: [2048] Declaration of Home\Controller\ContentController::show() should be compatible with Think\Controller::show($content, $charset = '', $contentType = '', $prefix = '') D:\wamp\www\hj\Application\Home\Controller\ContentController.class.php 第 226 行.
NOTIC: [8] Undefined index: uid D:\wamp\www\hj\Application\Home\Controller\ContentController.class.php 第 188 行.

