[ 2017-01-17T00:04:37+08:00 ] 127.0.0.1 /hj/
INFO: [ app_init ] --START--
INFO: Run Behavior\BuildLiteBehavior [ RunTime:0.000000s ]
INFO: [ app_init ] --END-- [ RunTime:0.001000s ]
INFO: [ app_begin ] --START--
INFO: Run Behavior\ReadHtmlCacheBehavior [ RunTime:0.002000s ]
INFO: [ app_begin ] --END-- [ RunTime:0.002000s ]
SQL: SHOW COLUMNS FROM `article` [ RunTime:0.0100s ]
SQL: SELECT `aid`,`title`,`click`,`sendtime`,`update_time`,`thumb`,`digest`,`author`,`user_id`,`category_cid`,`is_recycle` FROM `article` INNER JOIN article_data ON article.aid = article_data.article_aid  WHERE `is_recycle` = 1 ORDER BY sendtime desc LIMIT 0,5   [ RunTime:0.0030s ]
SQL: SELECT COUNT(*) AS tp_count FROM `article` WHERE ( is_recycle=1 ) LIMIT 1   [ RunTime:0.0010s ]
SQL: SHOW COLUMNS FROM `article_tag` [ RunTime:0.0100s ]
SQL: SELECT `tag_tid` FROM `article_tag` WHERE `article_aid` = 23 LIMIT 1   [ RunTime:0.0010s ]
SQL: SHOW COLUMNS FROM `tag` [ RunTime:0.0090s ]
SQL: SELECT `tname` FROM `tag` WHERE `tid` = 3 LIMIT 1   [ RunTime:0.0010s ]
SQL: SELECT `tag_tid` FROM `article_tag` WHERE `article_aid` = 22 LIMIT 1   [ RunTime:0.0000s ]
SQL: SELECT `tname` FROM `tag` WHERE `tid` = 2 LIMIT 1   [ RunTime:0.0000s ]
SQL: SELECT `tag_tid` FROM `article_tag` WHERE `article_aid` = 21 LIMIT 1   [ RunTime:0.0000s ]
SQL: SELECT `tname` FROM `tag` WHERE `tid` = 6 LIMIT 1   [ RunTime:0.0010s ]
SQL: SELECT `tag_tid` FROM `article_tag` WHERE `article_aid` = 20 LIMIT 1   [ RunTime:0.0020s ]
SQL: SELECT `tname` FROM `tag` WHERE `tid` = 5 LIMIT 1   [ RunTime:0.0000s ]
SQL: SELECT `tag_tid` FROM `article_tag` WHERE `article_aid` = 19 LIMIT 1   [ RunTime:0.0000s ]
SQL: SELECT `tname` FROM `tag` WHERE `tid` = 1 LIMIT 1   [ RunTime:0.0010s ]
SQL: SHOW COLUMNS FROM `category` [ RunTime:0.0080s ]
SQL: SELECT `cid`,`cname` FROM `category` ORDER BY csort desc  [ RunTime:0.0010s ]
SQL: SELECT * FROM `tag`  [ RunTime:0.0000s ]
SQL: SELECT * FROM `article` WHERE `is_recycle` = 1 ORDER BY click desc LIMIT 5   [ RunTime:0.0010s ]
INFO: [ view_parse ] --START--
INFO: [ template_filter ] --START--
INFO: Run Behavior\ContentReplaceBehavior [ RunTime:0.000000s ]
INFO: [ template_filter ] --END-- [ RunTime:0.000000s ]
INFO: Run Behavior\ParseTemplateBehavior [ RunTime:0.094006s ]
INFO: [ view_parse ] --END-- [ RunTime:0.094006s ]
INFO: [ view_filter ] --START--
INFO: Run Behavior\WriteHtmlCacheBehavior [ RunTime:0.002000s ]
INFO: [ view_filter ] --END-- [ RunTime:0.002000s ]
INFO: [ app_end ] --START--
INFO: Run Behavior\ShowPageTraceBehavior [ RunTime:0.003000s ]
INFO: [ app_end ] --END-- [ RunTime:0.003000s ]

[ 2017-01-17T00:04:42+08:00 ] 127.0.0.1 /hj/index.php/Home/Content/show/aid/21.html
INFO: [ app_init ] --START--
INFO: Run Behavior\BuildLiteBehavior [ RunTime:0.000000s ]
INFO: [ app_init ] --END-- [ RunTime:0.002000s ]
INFO: [ app_begin ] --START--
INFO: Run Behavior\ReadHtmlCacheBehavior [ RunTime:0.002000s ]
INFO: [ app_begin ] --END-- [ RunTime:0.002000s ]
NOTIC: [2048] Declaration of Home\Controller\ContentController::show() should be compatible with Think\Controller::show($content, $charset = '', $contentType = '', $prefix = '') D:\wamp\www\hj\Application\Home\Controller\ContentController.class.php 第 226 行.
SQL: SHOW COLUMNS FROM `article` [ RunTime:0.0100s ]
SQL: UPDATE `article` SET `click`=click+1 WHERE `aid` = 21 [ RunTime:0.0320s ]
SQL: SELECT * FROM `article` INNER JOIN article_data ON article.aid = article_data.article_aid  WHERE `aid` = 21 LIMIT 1   [ RunTime:0.0020s ]
SQL: SHOW COLUMNS FROM `article_tag` [ RunTime:0.0100s ]
SQL: SELECT `tag_tid` FROM `article_tag` WHERE `article_aid` = 21 LIMIT 1   [ RunTime:0.0010s ]
SQL: SHOW COLUMNS FROM `tag` [ RunTime:0.0090s ]
SQL: SELECT `tname` FROM `tag` WHERE `tid` = 6 LIMIT 1   [ RunTime:0.0000s ]
SQL: SHOW COLUMNS FROM `category` [ RunTime:0.0100s ]
SQL: SELECT `cid`,`cname` FROM `category` WHERE `cid` = 3 LIMIT 1   [ RunTime:0.0010s ]
SQL: SELECT `aid`,`title` FROM `article` WHERE `aid` = 22  [ RunTime:0.0010s ]
SQL: SELECT `aid`,`title` FROM `article` WHERE `aid` = 20  [ RunTime:0.0000s ]
SQL: SHOW COLUMNS FROM `praise` [ RunTime:0.0100s ]
SQL: SELECT SUM(nums) AS tp_sum FROM `praise` WHERE `aid` = 21 LIMIT 1   [ RunTime:0.0020s ]
SQL: SHOW COLUMNS FROM `comment` [ RunTime:0.0100s ]
SQL: SELECT * FROM `comment` WHERE `article_aid` = 21 ORDER BY addtime desc LIMIT 0,5   [ RunTime:0.0010s ]
SQL: SELECT COUNT(*) AS tp_count FROM `comment` WHERE `article_aid` = 21 ORDER BY addtime desc LIMIT 1   [ RunTime:0.0010s ]
SQL: SHOW COLUMNS FROM `guest` [ RunTime:0.0100s ]
SQL: SELECT `image` FROM `guest` WHERE `id` = 5 LIMIT 1   [ RunTime:0.0010s ]
SQL: SELECT `name` FROM `guest` WHERE `id` = 5 LIMIT 1   [ RunTime:0.0010s ]
SQL: SELECT `image` FROM `guest` WHERE `id` = 5 LIMIT 1   [ RunTime:0.0010s ]
SQL: SELECT `name` FROM `guest` WHERE `id` = 5 LIMIT 1   [ RunTime:0.0010s ]
SQL: SELECT `cid`,`cname` FROM `category` ORDER BY csort desc  [ RunTime:0.0010s ]
SQL: SELECT * FROM `tag`  [ RunTime:0.0010s ]
SQL: SELECT * FROM `article` WHERE `is_recycle` = 1 ORDER BY click desc LIMIT 5   [ RunTime:0.0010s ]
SQL: SELECT COUNT(*) AS tp_count FROM `comment` WHERE `article_aid` = 21 LIMIT 1   [ RunTime:0.0000s ]
INFO: [ view_parse ] --START--
INFO: [ template_filter ] --START--
INFO: Run Behavior\ContentReplaceBehavior [ RunTime:0.001000s ]
INFO: [ template_filter ] --END-- [ RunTime:0.001000s ]
INFO: Run Behavior\ParseTemplateBehavior [ RunTime:0.105006s ]
INFO: [ view_parse ] --END-- [ RunTime:0.106006s ]
INFO: [ view_filter ] --START--
INFO: Run Behavior\WriteHtmlCacheBehavior [ RunTime:0.002000s ]
INFO: [ view_filter ] --END-- [ RunTime:0.002000s ]
INFO: [ app_end ] --START--
INFO: Run Behavior\ShowPageTraceBehavior [ RunTime:0.002000s ]
INFO: [ app_end ] --END-- [ RunTime:0.002000s ]

[ 2017-01-17T00:04:52+08:00 ] 127.0.0.1 /hj/index.php/Home/Content/show/aid/22.html
INFO: [ app_init ] --START--
INFO: Run Behavior\BuildLiteBehavior [ RunTime:0.000000s ]
INFO: [ app_init ] --END-- [ RunTime:0.001000s ]
INFO: [ app_begin ] --START--
INFO: Run Behavior\ReadHtmlCacheBehavior [ RunTime:0.001000s ]
INFO: [ app_begin ] --END-- [ RunTime:0.002000s ]
NOTIC: [2048] Declaration of Home\Controller\ContentController::show() should be compatible with Think\Controller::show($content, $charset = '', $contentType = '', $prefix = '') D:\wamp\www\hj\Application\Home\Controller\ContentController.class.php 第 226 行.
SQL: SHOW COLUMNS FROM `article` [ RunTime:0.0110s ]
SQL: UPDATE `article` SET `click`=click+1 WHERE `aid` = 22 [ RunTime:0.0230s ]
SQL: SELECT * FROM `article` INNER JOIN article_data ON article.aid = article_data.article_aid  WHERE `aid` = 22 LIMIT 1   [ RunTime:0.0020s ]
SQL: SHOW COLUMNS FROM `article_tag` [ RunTime:0.0090s ]
SQL: SELECT `tag_tid` FROM `article_tag` WHERE `article_aid` = 22 LIMIT 1   [ RunTime:0.0010s ]
SQL: SHOW COLUMNS FROM `tag` [ RunTime:0.0100s ]
SQL: SELECT `tname` FROM `tag` WHERE `tid` = 2 LIMIT 1   [ RunTime:0.0010s ]
SQL: SHOW COLUMNS FROM `category` [ RunTime:0.0110s ]
SQL: SELECT `cid`,`cname` FROM `category` WHERE `cid` = 3 LIMIT 1   [ RunTime:0.0010s ]
SQL: SELECT `aid`,`title` FROM `article` WHERE `aid` = 23  [ RunTime:0.0010s ]
SQL: SELECT `aid`,`title` FROM `article` WHERE `aid` = 21  [ RunTime:0.0010s ]
SQL: SHOW COLUMNS FROM `praise` [ RunTime:0.0140s ]
SQL: SELECT SUM(nums) AS tp_sum FROM `praise` WHERE `aid` = 22 LIMIT 1   [ RunTime:0.0010s ]
SQL: SHOW COLUMNS FROM `comment` [ RunTime:0.0100s ]
SQL: SELECT * FROM `comment` WHERE `article_aid` = 22 ORDER BY addtime desc LIMIT 0,5   [ RunTime:0.0000s ]
SQL: SELECT COUNT(*) AS tp_count FROM `comment` WHERE `article_aid` = 22 ORDER BY addtime desc LIMIT 1   [ RunTime:0.0010s ]
SQL: SELECT `cid`,`cname` FROM `category` ORDER BY csort desc  [ RunTime:0.0010s ]
SQL: SELECT * FROM `tag`  [ RunTime:0.0000s ]
SQL: SELECT * FROM `article` WHERE `is_recycle` = 1 ORDER BY click desc LIMIT 5   [ RunTime:0.0010s ]
SQL: SELECT COUNT(*) AS tp_count FROM `comment` WHERE `article_aid` = 22 LIMIT 1   [ RunTime:0.0010s ]
INFO: [ view_parse ] --START--
INFO: [ template_filter ] --START--
INFO: Run Behavior\ContentReplaceBehavior [ RunTime:0.001000s ]
INFO: [ template_filter ] --END-- [ RunTime:0.002000s ]
INFO: Run Behavior\ParseTemplateBehavior [ RunTime:0.110006s ]
INFO: [ view_parse ] --END-- [ RunTime:0.110006s ]
INFO: [ view_filter ] --START--
INFO: Run Behavior\WriteHtmlCacheBehavior [ RunTime:0.002001s ]
INFO: [ view_filter ] --END-- [ RunTime:0.002001s ]
INFO: [ app_end ] --START--
INFO: Run Behavior\ShowPageTraceBehavior [ RunTime:0.003000s ]
INFO: [ app_end ] --END-- [ RunTime:0.003000s ]

[ 2017-01-17T00:04:58+08:00 ] 127.0.0.1 /hj/index.php/Home/Index/index/cid/1.html
INFO: [ app_init ] --START--
INFO: Run Behavior\BuildLiteBehavior [ RunTime:0.000000s ]
INFO: [ app_init ] --END-- [ RunTime:0.002000s ]
INFO: [ app_begin ] --START--
INFO: Run Behavior\ReadHtmlCacheBehavior [ RunTime:0.001000s ]
INFO: [ app_begin ] --END-- [ RunTime:0.002000s ]
SQL: SHOW COLUMNS FROM `article` [ RunTime:0.0100s ]
SQL: SELECT `aid`,`title`,`click`,`sendtime`,`update_time`,`thumb`,`digest`,`author`,`user_id`,`category_cid`,`is_recycle` FROM `article` INNER JOIN article_data ON article.aid = article_data.article_aid  WHERE `is_recycle` = 1 ORDER BY sendtime desc LIMIT 0,5   [ RunTime:0.0020s ]
SQL: SELECT COUNT(*) AS tp_count FROM `article` WHERE ( is_recycle=1 ) LIMIT 1   [ RunTime:0.0010s ]
SQL: SHOW COLUMNS FROM `article_tag` [ RunTime:0.0110s ]
SQL: SELECT `tag_tid` FROM `article_tag` WHERE `article_aid` = 23 LIMIT 1   [ RunTime:0.0010s ]
SQL: SHOW COLUMNS FROM `tag` [ RunTime:0.0090s ]
SQL: SELECT `tname` FROM `tag` WHERE `tid` = 3 LIMIT 1   [ RunTime:0.0010s ]
SQL: SELECT `tag_tid` FROM `article_tag` WHERE `article_aid` = 22 LIMIT 1   [ RunTime:0.0020s ]
SQL: SELECT `tname` FROM `tag` WHERE `tid` = 2 LIMIT 1   [ RunTime:0.0010s ]
SQL: SELECT `tag_tid` FROM `article_tag` WHERE `article_aid` = 21 LIMIT 1   [ RunTime:0.0010s ]
SQL: SELECT `tname` FROM `tag` WHERE `tid` = 6 LIMIT 1   [ RunTime:0.0010s ]
SQL: SELECT `tag_tid` FROM `article_tag` WHERE `article_aid` = 20 LIMIT 1   [ RunTime:0.0010s ]
SQL: SELECT `tname` FROM `tag` WHERE `tid` = 5 LIMIT 1   [ RunTime:0.0010s ]
SQL: SELECT `tag_tid` FROM `article_tag` WHERE `article_aid` = 19 LIMIT 1   [ RunTime:0.0010s ]
SQL: SELECT `tname` FROM `tag` WHERE `tid` = 1 LIMIT 1   [ RunTime:0.0010s ]
SQL: SELECT `aid`,`title`,`click`,`sendtime`,`update_time`,`thumb`,`digest`,`author`,`user_id`,`category_cid`,`is_recycle` FROM `article` INNER JOIN article_data ON article.aid = article_data.article_aid  WHERE `category_cid` = 1 AND `is_recycle` = 1 ORDER BY sendtime desc LIMIT 0,5   [ RunTime:0.0010s ]
SQL: SELECT COUNT(*) AS tp_count FROM `article` WHERE `is_recycle` = 1 AND `category_cid` = 1 LIMIT 1   [ RunTime:0.0010s ]
SQL: SELECT `tag_tid` FROM `article_tag` WHERE `article_aid` = 23 LIMIT 1   [ RunTime:0.0000s ]
SQL: SELECT `tname` FROM `tag` WHERE `tid` = 3 LIMIT 1   [ RunTime:0.0000s ]
SQL: SELECT `tag_tid` FROM `article_tag` WHERE `article_aid` = 16 LIMIT 1   [ RunTime:0.0000s ]
SQL: SELECT `tname` FROM `tag` WHERE `tid` = 3 LIMIT 1   [ RunTime:0.0000s ]
SQL: SELECT `tag_tid` FROM `article_tag` WHERE `article_aid` = 14 LIMIT 1   [ RunTime:0.0000s ]
SQL: SELECT `tname` FROM `tag` WHERE `tid` = 3 LIMIT 1   [ RunTime:0.0010s ]
SQL: SELECT `tag_tid` FROM `article_tag` WHERE `article_aid` = 12 LIMIT 1   [ RunTime:0.0000s ]
SQL: SELECT `tname` FROM `tag` WHERE `tid` = 3 LIMIT 1   [ RunTime:0.0000s ]
SQL: SHOW COLUMNS FROM `category` [ RunTime:0.0090s ]
SQL: SELECT `cname` FROM `category` WHERE `cid` = 1 LIMIT 1   [ RunTime:0.0010s ]
SQL: SELECT `cid`,`cname` FROM `category` ORDER BY csort desc  [ RunTime:0.0010s ]
SQL: SELECT * FROM `tag`  [ RunTime:0.0000s ]
SQL: SELECT * FROM `article` WHERE `is_recycle` = 1 ORDER BY click desc LIMIT 5   [ RunTime:0.0000s ]
INFO: [ view_parse ] --START--
INFO: [ template_filter ] --START--
INFO: Run Behavior\ContentReplaceBehavior [ RunTime:0.000000s ]
INFO: [ template_filter ] --END-- [ RunTime:0.001000s ]
INFO: Run Behavior\ParseTemplateBehavior [ RunTime:0.090005s ]
INFO: [ view_parse ] --END-- [ RunTime:0.090005s ]
INFO: [ view_filter ] --START--
INFO: Run Behavior\WriteHtmlCacheBehavior [ RunTime:0.002000s ]
INFO: [ view_filter ] --END-- [ RunTime:0.002000s ]
INFO: [ app_end ] --START--
INFO: Run Behavior\ShowPageTraceBehavior [ RunTime:0.002000s ]
INFO: [ app_end ] --END-- [ RunTime:0.002000s ]

[ 2017-01-17T00:05:01+08:00 ] 127.0.0.1 /hj/index.php/Home/Content/show/aid/16.html
INFO: [ app_init ] --START--
INFO: Run Behavior\BuildLiteBehavior [ RunTime:0.000000s ]
INFO: [ app_init ] --END-- [ RunTime:0.002000s ]
INFO: [ app_begin ] --START--
INFO: Run Behavior\ReadHtmlCacheBehavior [ RunTime:0.002000s ]
INFO: [ app_begin ] --END-- [ RunTime:0.002000s ]
NOTIC: [2048] Declaration of Home\Controller\ContentController::show() should be compatible with Think\Controller::show($content, $charset = '', $contentType = '', $prefix = '') D:\wamp\www\hj\Application\Home\Controller\ContentController.class.php 第 226 行.
SQL: SHOW COLUMNS FROM `article` [ RunTime:0.0110s ]
SQL: UPDATE `article` SET `click`=click+1 WHERE `aid` = 16 [ RunTime:0.0790s ]
SQL: SELECT * FROM `article` INNER JOIN article_data ON article.aid = article_data.article_aid  WHERE `aid` = 16 LIMIT 1   [ RunTime:0.0020s ]
SQL: SHOW COLUMNS FROM `article_tag` [ RunTime:0.0100s ]
SQL: SELECT `tag_tid` FROM `article_tag` WHERE `article_aid` = 16 LIMIT 1   [ RunTime:0.0000s ]
SQL: SHOW COLUMNS FROM `tag` [ RunTime:0.0090s ]
SQL: SELECT `tname` FROM `tag` WHERE `tid` = 3 LIMIT 1   [ RunTime:0.0010s ]
SQL: SHOW COLUMNS FROM `category` [ RunTime:0.0100s ]
SQL: SELECT `cid`,`cname` FROM `category` WHERE `cid` = 1 LIMIT 1   [ RunTime:0.0010s ]
SQL: SELECT `aid`,`title` FROM `article` WHERE `aid` = 17  [ RunTime:0.0010s ]
SQL: SELECT `aid`,`title` FROM `article` WHERE `aid` = 15  [ RunTime:0.0010s ]
SQL: SHOW COLUMNS FROM `praise` [ RunTime:0.0100s ]
SQL: SELECT SUM(nums) AS tp_sum FROM `praise` WHERE `aid` = 16 LIMIT 1   [ RunTime:0.0020s ]
SQL: SHOW COLUMNS FROM `comment` [ RunTime:0.0110s ]
SQL: SELECT * FROM `comment` WHERE `article_aid` = 16 ORDER BY addtime desc LIMIT 0,5   [ RunTime:0.0010s ]
SQL: SELECT COUNT(*) AS tp_count FROM `comment` WHERE `article_aid` = 16 ORDER BY addtime desc LIMIT 1   [ RunTime:0.0010s ]
SQL: SELECT `cid`,`cname` FROM `category` ORDER BY csort desc  [ RunTime:0.0010s ]
SQL: SELECT * FROM `tag`  [ RunTime:0.0020s ]
SQL: SELECT * FROM `article` WHERE `is_recycle` = 1 ORDER BY click desc LIMIT 5   [ RunTime:0.0010s ]
SQL: SELECT COUNT(*) AS tp_count FROM `comment` WHERE `article_aid` = 16 LIMIT 1   [ RunTime:0.0010s ]
INFO: [ view_parse ] --START--
INFO: [ template_filter ] --START--
INFO: Run Behavior\ContentReplaceBehavior [ RunTime:0.000000s ]
INFO: [ template_filter ] --END-- [ RunTime:0.002000s ]
INFO: Run Behavior\ParseTemplateBehavior [ RunTime:0.112007s ]
INFO: [ view_parse ] --END-- [ RunTime:0.113007s ]
INFO: [ view_filter ] --START--
INFO: Run Behavior\WriteHtmlCacheBehavior [ RunTime:0.002000s ]
INFO: [ view_filter ] --END-- [ RunTime:0.002000s ]
INFO: [ app_end ] --START--
INFO: Run Behavior\ShowPageTraceBehavior [ RunTime:0.002000s ]
INFO: [ app_end ] --END-- [ RunTime:0.003000s ]

[ 2017-01-17T00:05:06+08:00 ] 127.0.0.1 /hj/index.php/Home/Content/zan_click.html?aid=16
INFO: [ app_init ] --START--
INFO: Run Behavior\BuildLiteBehavior [ RunTime:0.000000s ]
INFO: [ app_init ] --END-- [ RunTime:0.001001s ]
INFO: [ app_begin ] --START--
INFO: Run Behavior\ReadHtmlCacheBehavior [ RunTime:0.001000s ]
INFO: [ app_begin ] --END-- [ RunTime:0.001000s ]
NOTIC: [2048] Declaration of Home\Controller\ContentController::show() should be compatible with Think\Controller::show($content, $charset = '', $contentType = '', $prefix = '') D:\wamp\www\hj\Application\Home\Controller\ContentController.class.php 第 226 行.
SQL: SHOW COLUMNS FROM `praise` [ RunTime:0.0100s ]
SQL: SELECT * FROM `praise` WHERE `type` = 0 AND `user_ip` = '127.0.0.1' AND `aid` = 16 LIMIT 1   [ RunTime:0.0010s ]

[ 2017-01-17T00:05:12+08:00 ] 127.0.0.1 /hj/index.php/Home/Content/show/aid/15.html
INFO: [ app_init ] --START--
INFO: Run Behavior\BuildLiteBehavior [ RunTime:0.000000s ]
INFO: [ app_init ] --END-- [ RunTime:0.001000s ]
INFO: [ app_begin ] --START--
INFO: Run Behavior\ReadHtmlCacheBehavior [ RunTime:0.002000s ]
INFO: [ app_begin ] --END-- [ RunTime:0.002000s ]
NOTIC: [2048] Declaration of Home\Controller\ContentController::show() should be compatible with Think\Controller::show($content, $charset = '', $contentType = '', $prefix = '') D:\wamp\www\hj\Application\Home\Controller\ContentController.class.php 第 226 行.
SQL: SHOW COLUMNS FROM `article` [ RunTime:0.0100s ]
SQL: UPDATE `article` SET `click`=click+1 WHERE `aid` = 15 [ RunTime:0.0260s ]
SQL: SELECT * FROM `article` INNER JOIN article_data ON article.aid = article_data.article_aid  WHERE `aid` = 15 LIMIT 1   [ RunTime:0.0030s ]
SQL: SHOW COLUMNS FROM `article_tag` [ RunTime:0.0100s ]
SQL: SELECT `tag_tid` FROM `article_tag` WHERE `article_aid` = 15 LIMIT 1   [ RunTime:0.0010s ]
SQL: SHOW COLUMNS FROM `tag` [ RunTime:0.0090s ]
SQL: SELECT `tname` FROM `tag` WHERE `tid` = 9 LIMIT 1   [ RunTime:0.0010s ]
SQL: SHOW COLUMNS FROM `category` [ RunTime:0.0110s ]
SQL: SELECT `cid`,`cname` FROM `category` WHERE `cid` = 3 LIMIT 1   [ RunTime:0.0010s ]
SQL: SELECT `aid`,`title` FROM `article` WHERE `aid` = 16  [ RunTime:0.0010s ]
SQL: SELECT `aid`,`title` FROM `article` WHERE `aid` = 14  [ RunTime:0.0010s ]
SQL: SHOW COLUMNS FROM `praise` [ RunTime:0.0100s ]
SQL: SELECT SUM(nums) AS tp_sum FROM `praise` WHERE `aid` = 15 LIMIT 1   [ RunTime:0.0010s ]
SQL: SHOW COLUMNS FROM `comment` [ RunTime:0.0090s ]
SQL: SELECT * FROM `comment` WHERE `article_aid` = 15 ORDER BY addtime desc LIMIT 0,5   [ RunTime:0.0010s ]
SQL: SELECT COUNT(*) AS tp_count FROM `comment` WHERE `article_aid` = 15 ORDER BY addtime desc LIMIT 1   [ RunTime:0.0010s ]
SQL: SELECT `cid`,`cname` FROM `category` ORDER BY csort desc  [ RunTime:0.0000s ]
SQL: SELECT * FROM `tag`  [ RunTime:0.0000s ]
SQL: SELECT * FROM `article` WHERE `is_recycle` = 1 ORDER BY click desc LIMIT 5   [ RunTime:0.0010s ]
SQL: SELECT COUNT(*) AS tp_count FROM `comment` WHERE `article_aid` = 15 LIMIT 1   [ RunTime:0.0010s ]
INFO: [ view_parse ] --START--
INFO: [ template_filter ] --START--
INFO: Run Behavior\ContentReplaceBehavior [ RunTime:0.000000s ]
INFO: [ template_filter ] --END-- [ RunTime:0.001000s ]
INFO: Run Behavior\ParseTemplateBehavior [ RunTime:0.102006s ]
INFO: [ view_parse ] --END-- [ RunTime:0.103006s ]
INFO: [ view_filter ] --START--
INFO: Run Behavior\WriteHtmlCacheBehavior [ RunTime:0.002000s ]
INFO: [ view_filter ] --END-- [ RunTime:0.002000s ]
INFO: [ app_end ] --START--
INFO: Run Behavior\ShowPageTraceBehavior [ RunTime:0.002000s ]
INFO: [ app_end ] --END-- [ RunTime:0.002000s ]

[ 2017-01-17T00:05:22+08:00 ] 127.0.0.1 /hj/index.php/Home/Content/show/aid/14.html
INFO: [ app_init ] --START--
INFO: Run Behavior\BuildLiteBehavior [ RunTime:0.000000s ]
INFO: [ app_init ] --END-- [ RunTime:0.001000s ]
INFO: [ app_begin ] --START--
INFO: Run Behavior\ReadHtmlCacheBehavior [ RunTime:0.001000s ]
INFO: [ app_begin ] --END-- [ RunTime:0.002000s ]
NOTIC: [2048] Declaration of Home\Controller\ContentController::show() should be compatible with Think\Controller::show($content, $charset = '', $contentType = '', $prefix = '') D:\wamp\www\hj\Application\Home\Controller\ContentController.class.php 第 226 行.
SQL: SHOW COLUMNS FROM `article` [ RunTime:0.0090s ]
SQL: UPDATE `article` SET `click`=click+1 WHERE `aid` = 14 [ RunTime:0.0300s ]
SQL: SELECT * FROM `article` INNER JOIN article_data ON article.aid = article_data.article_aid  WHERE `aid` = 14 LIMIT 1   [ RunTime:0.0020s ]
SQL: SHOW COLUMNS FROM `article_tag` [ RunTime:0.0090s ]
SQL: SELECT `tag_tid` FROM `article_tag` WHERE `article_aid` = 14 LIMIT 1   [ RunTime:0.0010s ]
SQL: SHOW COLUMNS FROM `tag` [ RunTime:0.0090s ]
SQL: SELECT `tname` FROM `tag` WHERE `tid` = 3 LIMIT 1   [ RunTime:0.0010s ]
SQL: SHOW COLUMNS FROM `category` [ RunTime:0.0100s ]
SQL: SELECT `cid`,`cname` FROM `category` WHERE `cid` = 1 LIMIT 1   [ RunTime:0.0010s ]
SQL: SELECT `aid`,`title` FROM `article` WHERE `aid` = 15  [ RunTime:0.0010s ]
SQL: SELECT `aid`,`title` FROM `article` WHERE `aid` = 13  [ RunTime:0.0010s ]
SQL: SHOW COLUMNS FROM `praise` [ RunTime:0.0100s ]
SQL: SELECT SUM(nums) AS tp_sum FROM `praise` WHERE `aid` = 14 LIMIT 1   [ RunTime:0.0010s ]
SQL: SHOW COLUMNS FROM `comment` [ RunTime:0.0100s ]
SQL: SELECT * FROM `comment` WHERE `article_aid` = 14 ORDER BY addtime desc LIMIT 0,5   [ RunTime:0.0010s ]
SQL: SELECT COUNT(*) AS tp_count FROM `comment` WHERE `article_aid` = 14 ORDER BY addtime desc LIMIT 1   [ RunTime:0.0010s ]
SQL: SELECT `cid`,`cname` FROM `category` ORDER BY csort desc  [ RunTime:0.0010s ]
SQL: SELECT * FROM `tag`  [ RunTime:0.0010s ]
SQL: SELECT * FROM `article` WHERE `is_recycle` = 1 ORDER BY click desc LIMIT 5   [ RunTime:0.0000s ]
SQL: SELECT COUNT(*) AS tp_count FROM `comment` WHERE `article_aid` = 14 LIMIT 1   [ RunTime:0.0010s ]
INFO: [ view_parse ] --START--
INFO: [ template_filter ] --START--
INFO: Run Behavior\ContentReplaceBehavior [ RunTime:0.000000s ]
INFO: [ template_filter ] --END-- [ RunTime:0.001000s ]
INFO: Run Behavior\ParseTemplateBehavior [ RunTime:0.106006s ]
INFO: [ view_parse ] --END-- [ RunTime:0.107006s ]
INFO: [ view_filter ] --START--
INFO: Run Behavior\WriteHtmlCacheBehavior [ RunTime:0.002001s ]
INFO: [ view_filter ] --END-- [ RunTime:0.002001s ]
INFO: [ app_end ] --START--
INFO: Run Behavior\ShowPageTraceBehavior [ RunTime:0.002000s ]
INFO: [ app_end ] --END-- [ RunTime:0.002000s ]

[ 2017-01-17T00:05:27+08:00 ] 127.0.0.1 /hj/index.php/Home/Content/show/aid/15.html
INFO: [ app_init ] --START--
INFO: Run Behavior\BuildLiteBehavior [ RunTime:0.006000s ]
INFO: [ app_init ] --END-- [ RunTime:0.008000s ]
INFO: [ app_begin ] --START--
INFO: Run Behavior\ReadHtmlCacheBehavior [ RunTime:0.002001s ]
INFO: [ app_begin ] --END-- [ RunTime:0.002001s ]
NOTIC: [2048] Declaration of Home\Controller\ContentController::show() should be compatible with Think\Controller::show($content, $charset = '', $contentType = '', $prefix = '') D:\wamp\www\hj\Application\Home\Controller\ContentController.class.php 第 226 行.
SQL: SHOW COLUMNS FROM `article` [ RunTime:0.0100s ]
SQL: UPDATE `article` SET `click`=click+1 WHERE `aid` = 15 [ RunTime:0.0280s ]
SQL: SELECT * FROM `article` INNER JOIN article_data ON article.aid = article_data.article_aid  WHERE `aid` = 15 LIMIT 1   [ RunTime:0.0010s ]
SQL: SHOW COLUMNS FROM `article_tag` [ RunTime:0.0120s ]
SQL: SELECT `tag_tid` FROM `article_tag` WHERE `article_aid` = 15 LIMIT 1   [ RunTime:0.0010s ]
SQL: SHOW COLUMNS FROM `tag` [ RunTime:0.0090s ]
SQL: SELECT `tname` FROM `tag` WHERE `tid` = 9 LIMIT 1   [ RunTime:0.0010s ]
SQL: SHOW COLUMNS FROM `category` [ RunTime:0.0090s ]
SQL: SELECT `cid`,`cname` FROM `category` WHERE `cid` = 3 LIMIT 1   [ RunTime:0.0010s ]
SQL: SELECT `aid`,`title` FROM `article` WHERE `aid` = 16  [ RunTime:0.0010s ]
SQL: SELECT `aid`,`title` FROM `article` WHERE `aid` = 14  [ RunTime:0.0010s ]
SQL: SHOW COLUMNS FROM `praise` [ RunTime:0.0090s ]
SQL: SELECT SUM(nums) AS tp_sum FROM `praise` WHERE `aid` = 15 LIMIT 1   [ RunTime:0.0010s ]
SQL: SHOW COLUMNS FROM `comment` [ RunTime:0.0090s ]
SQL: SELECT * FROM `comment` WHERE `article_aid` = 15 ORDER BY addtime desc LIMIT 0,5   [ RunTime:0.0010s ]
SQL: SELECT COUNT(*) AS tp_count FROM `comment` WHERE `article_aid` = 15 ORDER BY addtime desc LIMIT 1   [ RunTime:0.0010s ]
SQL: SELECT `cid`,`cname` FROM `category` ORDER BY csort desc  [ RunTime:0.0000s ]
SQL: SELECT * FROM `tag`  [ RunTime:0.0010s ]
SQL: SELECT * FROM `article` WHERE `is_recycle` = 1 ORDER BY click desc LIMIT 5   [ RunTime:0.0000s ]
SQL: SELECT COUNT(*) AS tp_count FROM `comment` WHERE `article_aid` = 15 LIMIT 1   [ RunTime:0.0010s ]
INFO: [ view_parse ] --START--
INFO: [ template_filter ] --START--
INFO: Run Behavior\ContentReplaceBehavior [ RunTime:0.001000s ]
INFO: [ template_filter ] --END-- [ RunTime:0.001000s ]
INFO: Run Behavior\ParseTemplateBehavior [ RunTime:0.105006s ]
INFO: [ view_parse ] --END-- [ RunTime:0.105006s ]
INFO: [ view_filter ] --START--
INFO: Run Behavior\WriteHtmlCacheBehavior [ RunTime:0.001000s ]
INFO: [ view_filter ] --END-- [ RunTime:0.001000s ]
INFO: [ app_end ] --START--
INFO: Run Behavior\ShowPageTraceBehavior [ RunTime:0.002000s ]
INFO: [ app_end ] --END-- [ RunTime:0.003000s ]

[ 2017-01-17T00:05:31+08:00 ] 127.0.0.1 /hj/index.php/Home/Content/zan_click.html?aid=15
INFO: [ app_init ] --START--
INFO: Run Behavior\BuildLiteBehavior [ RunTime:0.000000s ]
INFO: [ app_init ] --END-- [ RunTime:0.002000s ]
INFO: [ app_begin ] --START--
INFO: Run Behavior\ReadHtmlCacheBehavior [ RunTime:0.001000s ]
INFO: [ app_begin ] --END-- [ RunTime:0.002000s ]
NOTIC: [2048] Declaration of Home\Controller\ContentController::show() should be compatible with Think\Controller::show($content, $charset = '', $contentType = '', $prefix = '') D:\wamp\www\hj\Application\Home\Controller\ContentController.class.php 第 226 行.
SQL: SHOW COLUMNS FROM `praise` [ RunTime:0.0090s ]
SQL: SELECT * FROM `praise` WHERE `type` = 0 AND `user_ip` = '127.0.0.1' AND `aid` = 15 LIMIT 1   [ RunTime:0.0000s ]
SQL: INSERT INTO `praise` (`user_ip`,`add_time`,`type`,`uid`,`aid`,`nums`,`valid_time`) VALUES ('127.0.0.1','1484582731','0','0','15','1','1484669131') [ RunTime:0.0280s ]
SQL: SELECT SUM(nums) AS tp_sum FROM `praise` WHERE `aid` = 15 LIMIT 1   [ RunTime:0.0010s ]

[ 2017-01-17T00:05:32+08:00 ] 127.0.0.1 /hj/index.php/Home/Content/zan_click.html?aid=15
INFO: [ app_init ] --START--
INFO: Run Behavior\BuildLiteBehavior [ RunTime:0.000000s ]
INFO: [ app_init ] --END-- [ RunTime:0.001000s ]
INFO: [ app_begin ] --START--
INFO: Run Behavior\ReadHtmlCacheBehavior [ RunTime:0.001000s ]
INFO: [ app_begin ] --END-- [ RunTime:0.001000s ]
NOTIC: [2048] Declaration of Home\Controller\ContentController::show() should be compatible with Think\Controller::show($content, $charset = '', $contentType = '', $prefix = '') D:\wamp\www\hj\Application\Home\Controller\ContentController.class.php 第 226 行.
SQL: SHOW COLUMNS FROM `praise` [ RunTime:0.0100s ]
SQL: SELECT * FROM `praise` WHERE `type` = 0 AND `user_ip` = '127.0.0.1' AND `aid` = 15 LIMIT 1   [ RunTime:0.0010s ]

[ 2017-01-17T00:05:39+08:00 ] 127.0.0.1 /hj/index.php/Home/Index/index/tid/7.html
INFO: [ app_init ] --START--
INFO: Run Behavior\BuildLiteBehavior [ RunTime:0.001000s ]
INFO: [ app_init ] --END-- [ RunTime:0.002000s ]
INFO: [ app_begin ] --START--
INFO: Run Behavior\ReadHtmlCacheBehavior [ RunTime:0.002000s ]
INFO: [ app_begin ] --END-- [ RunTime:0.002000s ]
SQL: SHOW COLUMNS FROM `article` [ RunTime:0.0120s ]
SQL: SELECT `aid`,`title`,`click`,`sendtime`,`update_time`,`thumb`,`digest`,`author`,`user_id`,`category_cid`,`is_recycle` FROM `article` INNER JOIN article_data ON article.aid = article_data.article_aid  WHERE `is_recycle` = 1 ORDER BY sendtime desc LIMIT 0,5   [ RunTime:0.0020s ]
SQL: SELECT COUNT(*) AS tp_count FROM `article` WHERE ( is_recycle=1 ) LIMIT 1   [ RunTime:0.0010s ]
SQL: SHOW COLUMNS FROM `article_tag` [ RunTime:0.0100s ]
SQL: SELECT `tag_tid` FROM `article_tag` WHERE `article_aid` = 23 LIMIT 1   [ RunTime:0.0010s ]
SQL: SHOW COLUMNS FROM `tag` [ RunTime:0.0100s ]
SQL: SELECT `tname` FROM `tag` WHERE `tid` = 3 LIMIT 1   [ RunTime:0.0010s ]
SQL: SELECT `tag_tid` FROM `article_tag` WHERE `article_aid` = 22 LIMIT 1   [ RunTime:0.0010s ]
SQL: SELECT `tname` FROM `tag` WHERE `tid` = 2 LIMIT 1   [ RunTime:0.0000s ]
SQL: SELECT `tag_tid` FROM `article_tag` WHERE `article_aid` = 21 LIMIT 1   [ RunTime:0.0010s ]
SQL: SELECT `tname` FROM `tag` WHERE `tid` = 6 LIMIT 1   [ RunTime:0.0010s ]
SQL: SELECT `tag_tid` FROM `article_tag` WHERE `article_aid` = 20 LIMIT 1   [ RunTime:0.0010s ]
SQL: SELECT `tname` FROM `tag` WHERE `tid` = 5 LIMIT 1   [ RunTime:0.0010s ]
SQL: SELECT `tag_tid` FROM `article_tag` WHERE `article_aid` = 19 LIMIT 1   [ RunTime:0.0010s ]
SQL: SELECT `tname` FROM `tag` WHERE `tid` = 1 LIMIT 1   [ RunTime:0.0010s ]
SQL: SELECT `aid`,`title`,`click`,`sendtime`,`update_time`,`thumb`,`digest`,`author`,`user_id`,`category_cid`,`is_recycle` FROM `article` INNER JOIN article_data ON article.aid = article_data.article_aid INNER JOIN article_tag ON article_data.article_aid = article_tag.article_aid  WHERE `tag_tid` = 7 AND `is_recycle` = 1 ORDER BY sendtime desc LIMIT 0,5   [ RunTime:0.0020s ]
SQL: SELECT COUNT(*) AS tp_count FROM `article_tag` WHERE `tag_tid` = 7 LIMIT 1   [ RunTime:0.0010s ]
SQL: SELECT `tname` FROM `tag` WHERE `tid` = 7 LIMIT 1   [ RunTime:0.0010s ]
SQL: SHOW COLUMNS FROM `category` [ RunTime:0.0090s ]
SQL: SELECT `cid`,`cname` FROM `category` ORDER BY csort desc  [ RunTime:0.0000s ]
SQL: SELECT * FROM `tag`  [ RunTime:0.0000s ]
SQL: SELECT * FROM `article` WHERE `is_recycle` = 1 ORDER BY click desc LIMIT 5   [ RunTime:0.0010s ]
INFO: [ view_parse ] --START--
INFO: [ template_filter ] --START--
INFO: Run Behavior\ContentReplaceBehavior [ RunTime:0.000000s ]
INFO: [ template_filter ] --END-- [ RunTime:0.001000s ]
INFO: Run Behavior\ParseTemplateBehavior [ RunTime:0.083005s ]
INFO: [ view_parse ] --END-- [ RunTime:0.084005s ]
INFO: [ view_filter ] --START--
INFO: Run Behavior\WriteHtmlCacheBehavior [ RunTime:0.001000s ]
INFO: [ view_filter ] --END-- [ RunTime:0.002000s ]
INFO: [ app_end ] --START--
INFO: Run Behavior\ShowPageTraceBehavior [ RunTime:0.002001s ]
INFO: [ app_end ] --END-- [ RunTime:0.006001s ]

[ 2017-01-17T00:05:42+08:00 ] 127.0.0.1 /hj/index.php/Home/Index/index/tid/8.html
INFO: [ app_init ] --START--
INFO: Run Behavior\BuildLiteBehavior [ RunTime:0.000000s ]
INFO: [ app_init ] --END-- [ RunTime:0.002000s ]
INFO: [ app_begin ] --START--
INFO: Run Behavior\ReadHtmlCacheBehavior [ RunTime:0.001000s ]
INFO: [ app_begin ] --END-- [ RunTime:0.002000s ]
SQL: SHOW COLUMNS FROM `article` [ RunTime:0.0110s ]
SQL: SELECT `aid`,`title`,`click`,`sendtime`,`update_time`,`thumb`,`digest`,`author`,`user_id`,`category_cid`,`is_recycle` FROM `article` INNER JOIN article_data ON article.aid = article_data.article_aid  WHERE `is_recycle` = 1 ORDER BY sendtime desc LIMIT 0,5   [ RunTime:0.0010s ]
SQL: SELECT COUNT(*) AS tp_count FROM `article` WHERE ( is_recycle=1 ) LIMIT 1   [ RunTime:0.0000s ]
SQL: SHOW COLUMNS FROM `article_tag` [ RunTime:0.0110s ]
SQL: SELECT `tag_tid` FROM `article_tag` WHERE `article_aid` = 23 LIMIT 1   [ RunTime:0.0010s ]
SQL: SHOW COLUMNS FROM `tag` [ RunTime:0.0090s ]
SQL: SELECT `tname` FROM `tag` WHERE `tid` = 3 LIMIT 1   [ RunTime:0.0010s ]
SQL: SELECT `tag_tid` FROM `article_tag` WHERE `article_aid` = 22 LIMIT 1   [ RunTime:0.0010s ]
SQL: SELECT `tname` FROM `tag` WHERE `tid` = 2 LIMIT 1   [ RunTime:0.0010s ]
SQL: SELECT `tag_tid` FROM `article_tag` WHERE `article_aid` = 21 LIMIT 1   [ RunTime:0.0010s ]
SQL: SELECT `tname` FROM `tag` WHERE `tid` = 6 LIMIT 1   [ RunTime:0.0010s ]
SQL: SELECT `tag_tid` FROM `article_tag` WHERE `article_aid` = 20 LIMIT 1   [ RunTime:0.0010s ]
SQL: SELECT `tname` FROM `tag` WHERE `tid` = 5 LIMIT 1   [ RunTime:0.0000s ]
SQL: SELECT `tag_tid` FROM `article_tag` WHERE `article_aid` = 19 LIMIT 1   [ RunTime:0.0000s ]
SQL: SELECT `tname` FROM `tag` WHERE `tid` = 1 LIMIT 1   [ RunTime:0.0000s ]
SQL: SELECT `aid`,`title`,`click`,`sendtime`,`update_time`,`thumb`,`digest`,`author`,`user_id`,`category_cid`,`is_recycle` FROM `article` INNER JOIN article_data ON article.aid = article_data.article_aid INNER JOIN article_tag ON article_data.article_aid = article_tag.article_aid  WHERE `tag_tid` = 8 AND `is_recycle` = 1 ORDER BY sendtime desc LIMIT 0,5   [ RunTime:0.0030s ]
SQL: SELECT COUNT(*) AS tp_count FROM `article_tag` WHERE `tag_tid` = 8 LIMIT 1   [ RunTime:0.0000s ]
SQL: SELECT `tname` FROM `tag` WHERE `tid` = 8 LIMIT 1   [ RunTime:0.0000s ]
SQL: SHOW COLUMNS FROM `category` [ RunTime:0.0100s ]
SQL: SELECT `cid`,`cname` FROM `category` ORDER BY csort desc  [ RunTime:0.0010s ]
SQL: SELECT * FROM `tag`  [ RunTime:0.0010s ]
SQL: SELECT * FROM `article` WHERE `is_recycle` = 1 ORDER BY click desc LIMIT 5   [ RunTime:0.0010s ]
INFO: [ view_parse ] --START--
INFO: [ template_filter ] --START--
INFO: Run Behavior\ContentReplaceBehavior [ RunTime:0.001000s ]
INFO: [ template_filter ] --END-- [ RunTime:0.001000s ]
INFO: Run Behavior\ParseTemplateBehavior [ RunTime:0.085004s ]
INFO: [ view_parse ] --END-- [ RunTime:0.086004s ]
INFO: [ view_filter ] --START--
INFO: Run Behavior\WriteHtmlCacheBehavior [ RunTime:0.002001s ]
INFO: [ view_filter ] --END-- [ RunTime:0.002001s ]
INFO: [ app_end ] --START--
INFO: Run Behavior\ShowPageTraceBehavior [ RunTime:0.002000s ]
INFO: [ app_end ] --END-- [ RunTime:0.013000s ]

[ 2017-01-17T00:05:43+08:00 ] 127.0.0.1 /hj/index.php/Home/Index/index/tid/13.html
INFO: [ app_init ] --START--
INFO: Run Behavior\BuildLiteBehavior [ RunTime:0.000000s ]
INFO: [ app_init ] --END-- [ RunTime:0.001000s ]
INFO: [ app_begin ] --START--
INFO: Run Behavior\ReadHtmlCacheBehavior [ RunTime:0.002001s ]
INFO: [ app_begin ] --END-- [ RunTime:0.003001s ]
SQL: SHOW COLUMNS FROM `article` [ RunTime:0.0100s ]
SQL: SELECT `aid`,`title`,`click`,`sendtime`,`update_time`,`thumb`,`digest`,`author`,`user_id`,`category_cid`,`is_recycle` FROM `article` INNER JOIN article_data ON article.aid = article_data.article_aid  WHERE `is_recycle` = 1 ORDER BY sendtime desc LIMIT 0,5   [ RunTime:0.0020s ]
SQL: SELECT COUNT(*) AS tp_count FROM `article` WHERE ( is_recycle=1 ) LIMIT 1   [ RunTime:0.0010s ]
SQL: SHOW COLUMNS FROM `article_tag` [ RunTime:0.0100s ]
SQL: SELECT `tag_tid` FROM `article_tag` WHERE `article_aid` = 23 LIMIT 1   [ RunTime:0.0010s ]
SQL: SHOW COLUMNS FROM `tag` [ RunTime:0.0100s ]
SQL: SELECT `tname` FROM `tag` WHERE `tid` = 3 LIMIT 1   [ RunTime:0.0010s ]
SQL: SELECT `tag_tid` FROM `article_tag` WHERE `article_aid` = 22 LIMIT 1   [ RunTime:0.0010s ]
SQL: SELECT `tname` FROM `tag` WHERE `tid` = 2 LIMIT 1   [ RunTime:0.0010s ]
SQL: SELECT `tag_tid` FROM `article_tag` WHERE `article_aid` = 21 LIMIT 1   [ RunTime:0.0010s ]
SQL: SELECT `tname` FROM `tag` WHERE `tid` = 6 LIMIT 1   [ RunTime:0.0010s ]
SQL: SELECT `tag_tid` FROM `article_tag` WHERE `article_aid` = 20 LIMIT 1   [ RunTime:0.0010s ]
SQL: SELECT `tname` FROM `tag` WHERE `tid` = 5 LIMIT 1   [ RunTime:0.0010s ]
SQL: SELECT `tag_tid` FROM `article_tag` WHERE `article_aid` = 19 LIMIT 1   [ RunTime:0.0010s ]
SQL: SELECT `tname` FROM `tag` WHERE `tid` = 1 LIMIT 1   [ RunTime:0.0010s ]
SQL: SELECT `aid`,`title`,`click`,`sendtime`,`update_time`,`thumb`,`digest`,`author`,`user_id`,`category_cid`,`is_recycle` FROM `article` INNER JOIN article_data ON article.aid = article_data.article_aid INNER JOIN article_tag ON article_data.article_aid = article_tag.article_aid  WHERE `tag_tid` = 13 AND `is_recycle` = 1 ORDER BY sendtime desc LIMIT 0,5   [ RunTime:0.0010s ]
SQL: SELECT `tag_tid` FROM `article_tag` WHERE `article_aid` = 18 LIMIT 1   [ RunTime:0.0000s ]
SQL: SELECT `tname` FROM `tag` WHERE `tid` = 13 LIMIT 1   [ RunTime:0.0000s ]
SQL: SELECT COUNT(*) AS tp_count FROM `article_tag` WHERE `tag_tid` = 13 LIMIT 1   [ RunTime:0.0000s ]
SQL: SELECT `tname` FROM `tag` WHERE `tid` = 13 LIMIT 1   [ RunTime:0.0010s ]
SQL: SHOW COLUMNS FROM `category` [ RunTime:0.0110s ]
SQL: SELECT `cid`,`cname` FROM `category` ORDER BY csort desc  [ RunTime:0.0010s ]
SQL: SELECT * FROM `tag`  [ RunTime:0.0010s ]
SQL: SELECT * FROM `article` WHERE `is_recycle` = 1 ORDER BY click desc LIMIT 5   [ RunTime:0.0010s ]
INFO: [ view_parse ] --START--
INFO: [ template_filter ] --START--
INFO: Run Behavior\ContentReplaceBehavior [ RunTime:0.001000s ]
INFO: [ template_filter ] --END-- [ RunTime:0.001000s ]
INFO: Run Behavior\ParseTemplateBehavior [ RunTime:0.086005s ]
INFO: [ view_parse ] --END-- [ RunTime:0.087005s ]
INFO: [ view_filter ] --START--
INFO: Run Behavior\WriteHtmlCacheBehavior [ RunTime:0.006000s ]
INFO: [ view_filter ] --END-- [ RunTime:0.007000s ]
INFO: [ app_end ] --START--
INFO: Run Behavior\ShowPageTraceBehavior [ RunTime:0.005000s ]
INFO: [ app_end ] --END-- [ RunTime:0.006000s ]

[ 2017-01-17T00:05:45+08:00 ] 127.0.0.1 /hj/index.php/Home/Content/show/aid/18.html
INFO: [ app_init ] --START--
INFO: Run Behavior\BuildLiteBehavior [ RunTime:0.000000s ]
INFO: [ app_init ] --END-- [ RunTime:0.002000s ]
INFO: [ app_begin ] --START--
INFO: Run Behavior\ReadHtmlCacheBehavior [ RunTime:0.001000s ]
INFO: [ app_begin ] --END-- [ RunTime:0.002001s ]
NOTIC: [2048] Declaration of Home\Controller\ContentController::show() should be compatible with Think\Controller::show($content, $charset = '', $contentType = '', $prefix = '') D:\wamp\www\hj\Application\Home\Controller\ContentController.class.php 第 226 行.
SQL: SHOW COLUMNS FROM `article` [ RunTime:0.0090s ]
SQL: UPDATE `article` SET `click`=click+1 WHERE `aid` = 18 [ RunTime:0.0460s ]
SQL: SELECT * FROM `article` INNER JOIN article_data ON article.aid = article_data.article_aid  WHERE `aid` = 18 LIMIT 1   [ RunTime:0.0010s ]
SQL: SHOW COLUMNS FROM `article_tag` [ RunTime:0.0080s ]
SQL: SELECT `tag_tid` FROM `article_tag` WHERE `article_aid` = 18 LIMIT 1   [ RunTime:0.0010s ]
SQL: SHOW COLUMNS FROM `tag` [ RunTime:0.0100s ]
SQL: SELECT `tname` FROM `tag` WHERE `tid` = 13 LIMIT 1   [ RunTime:0.0020s ]
SQL: SHOW COLUMNS FROM `category` [ RunTime:0.0100s ]
SQL: SELECT `cid`,`cname` FROM `category` WHERE `cid` = 2 LIMIT 1   [ RunTime:0.0010s ]
SQL: SELECT `aid`,`title` FROM `article` WHERE `aid` = 19  [ RunTime:0.0010s ]
SQL: SELECT `aid`,`title` FROM `article` WHERE `aid` = 17  [ RunTime:0.0010s ]
SQL: SHOW COLUMNS FROM `praise` [ RunTime:0.0100s ]
SQL: SELECT SUM(nums) AS tp_sum FROM `praise` WHERE `aid` = 18 LIMIT 1   [ RunTime:0.0010s ]
SQL: SHOW COLUMNS FROM `comment` [ RunTime:0.0090s ]
SQL: SELECT * FROM `comment` WHERE `article_aid` = 18 ORDER BY addtime desc LIMIT 0,5   [ RunTime:0.0010s ]
SQL: SELECT COUNT(*) AS tp_count FROM `comment` WHERE `article_aid` = 18 ORDER BY addtime desc LIMIT 1   [ RunTime:0.0010s ]
SQL: SELECT `cid`,`cname` FROM `category` ORDER BY csort desc  [ RunTime:0.0010s ]
SQL: SELECT * FROM `tag`  [ RunTime:0.0010s ]
SQL: SELECT * FROM `article` WHERE `is_recycle` = 1 ORDER BY click desc LIMIT 5   [ RunTime:0.0010s ]
SQL: SELECT COUNT(*) AS tp_count FROM `comment` WHERE `article_aid` = 18 LIMIT 1   [ RunTime:0.0000s ]
INFO: [ view_parse ] --START--
INFO: [ template_filter ] --START--
INFO: Run Behavior\ContentReplaceBehavior [ RunTime:0.000000s ]
INFO: [ template_filter ] --END-- [ RunTime:0.001000s ]
INFO: Run Behavior\ParseTemplateBehavior [ RunTime:0.106006s ]
INFO: [ view_parse ] --END-- [ RunTime:0.106006s ]
INFO: [ view_filter ] --START--
INFO: Run Behavior\WriteHtmlCacheBehavior [ RunTime:0.002000s ]
INFO: [ view_filter ] --END-- [ RunTime:0.002000s ]
INFO: [ app_end ] --START--
INFO: Run Behavior\ShowPageTraceBehavior [ RunTime:0.002000s ]
INFO: [ app_end ] --END-- [ RunTime:0.003000s ]

[ 2017-01-17T00:05:59+08:00 ] 127.0.0.1 /hj/index.php/Home/Content/zan_click.html?aid=18
INFO: [ app_init ] --START--
INFO: Run Behavior\BuildLiteBehavior [ RunTime:0.000000s ]
INFO: [ app_init ] --END-- [ RunTime:0.001000s ]
INFO: [ app_begin ] --START--
INFO: Run Behavior\ReadHtmlCacheBehavior [ RunTime:0.002001s ]
INFO: [ app_begin ] --END-- [ RunTime:0.002001s ]
NOTIC: [2048] Declaration of Home\Controller\ContentController::show() should be compatible with Think\Controller::show($content, $charset = '', $contentType = '', $prefix = '') D:\wamp\www\hj\Application\Home\Controller\ContentController.class.php 第 226 行.
SQL: SHOW COLUMNS FROM `praise` [ RunTime:0.0100s ]
SQL: SELECT * FROM `praise` WHERE `type` = 0 AND `user_ip` = '127.0.0.1' AND `aid` = 18 LIMIT 1   [ RunTime:0.0010s ]
SQL: INSERT INTO `praise` (`user_ip`,`add_time`,`type`,`uid`,`aid`,`nums`,`valid_time`) VALUES ('127.0.0.1','1484582759','0','0','18','1','1484669159') [ RunTime:0.0290s ]
SQL: SELECT SUM(nums) AS tp_sum FROM `praise` WHERE `aid` = 18 LIMIT 1   [ RunTime:0.0010s ]

[ 2017-01-17T00:06:00+08:00 ] 127.0.0.1 /hj/index.php/Home/Content/zan_click.html?aid=18
INFO: [ app_init ] --START--
INFO: Run Behavior\BuildLiteBehavior [ RunTime:0.000000s ]
INFO: [ app_init ] --END-- [ RunTime:0.002000s ]
INFO: [ app_begin ] --START--
INFO: Run Behavior\ReadHtmlCacheBehavior [ RunTime:0.002001s ]
INFO: [ app_begin ] --END-- [ RunTime:0.002001s ]
NOTIC: [2048] Declaration of Home\Controller\ContentController::show() should be compatible with Think\Controller::show($content, $charset = '', $contentType = '', $prefix = '') D:\wamp\www\hj\Application\Home\Controller\ContentController.class.php 第 226 行.
SQL: SHOW COLUMNS FROM `praise` [ RunTime:0.0100s ]
SQL: SELECT * FROM `praise` WHERE `type` = 0 AND `user_ip` = '127.0.0.1' AND `aid` = 18 LIMIT 1   [ RunTime:0.0010s ]

[ 2017-01-17T00:06:07+08:00 ] 127.0.0.1 /hj/index.php/Home/Content/comment_click.html
INFO: [ app_init ] --START--
INFO: Run Behavior\BuildLiteBehavior [ RunTime:0.000000s ]
INFO: [ app_init ] --END-- [ RunTime:0.002000s ]
INFO: [ app_begin ] --START--
INFO: Run Behavior\ReadHtmlCacheBehavior [ RunTime:0.002000s ]
INFO: [ app_begin ] --END-- [ RunTime:0.002000s ]
NOTIC: [2048] Declaration of Home\Controller\ContentController::show() should be compatible with Think\Controller::show($content, $charset = '', $contentType = '', $prefix = '') D:\wamp\www\hj\Application\Home\Controller\ContentController.class.php 第 226 行.
NOTIC: [8] Undefined index: uid D:\wamp\www\hj\Application\Home\Controller\ContentController.class.php 第 188 行.

[ 2017-01-17T21:04:26+08:00 ] 127.0.0.1 /hj/
INFO: [ app_init ] --START--
INFO: Run Behavior\BuildLiteBehavior [ RunTime:0.000000s ]
INFO: [ app_init ] --END-- [ RunTime:0.034002s ]
INFO: [ app_begin ] --START--
INFO: Run Behavior\ReadHtmlCacheBehavior [ RunTime:0.019001s ]
INFO: [ app_begin ] --END-- [ RunTime:0.019001s ]
SQL: SHOW COLUMNS FROM `article` [ RunTime:0.1210s ]
SQL: SELECT `aid`,`title`,`click`,`sendtime`,`update_time`,`thumb`,`digest`,`author`,`user_id`,`category_cid`,`is_recycle` FROM `article` INNER JOIN article_data ON article.aid = article_data.article_aid  WHERE `is_recycle` = 1 ORDER BY sendtime desc LIMIT 0,5   [ RunTime:0.0460s ]
SQL: SELECT COUNT(*) AS tp_count FROM `article` WHERE ( is_recycle=1 ) LIMIT 1   [ RunTime:0.0030s ]
SQL: SHOW COLUMNS FROM `article_tag` [ RunTime:0.0140s ]
SQL: SELECT `tag_tid` FROM `article_tag` WHERE `article_aid` = 23 LIMIT 1   [ RunTime:0.0000s ]
SQL: SHOW COLUMNS FROM `tag` [ RunTime:0.0420s ]
SQL: SELECT `tname` FROM `tag` WHERE `tid` = 3 LIMIT 1   [ RunTime:0.0000s ]
SQL: SELECT `tag_tid` FROM `article_tag` WHERE `article_aid` = 22 LIMIT 1   [ RunTime:0.0000s ]
SQL: SELECT `tname` FROM `tag` WHERE `tid` = 2 LIMIT 1   [ RunTime:0.0000s ]
SQL: SELECT `tag_tid` FROM `article_tag` WHERE `article_aid` = 21 LIMIT 1   [ RunTime:0.0010s ]
SQL: SELECT `tname` FROM `tag` WHERE `tid` = 6 LIMIT 1   [ RunTime:0.0010s ]
SQL: SELECT `tag_tid` FROM `article_tag` WHERE `article_aid` = 20 LIMIT 1   [ RunTime:0.0000s ]
SQL: SELECT `tname` FROM `tag` WHERE `tid` = 5 LIMIT 1   [ RunTime:0.0000s ]
SQL: SELECT `tag_tid` FROM `article_tag` WHERE `article_aid` = 19 LIMIT 1   [ RunTime:0.0000s ]
SQL: SELECT `tname` FROM `tag` WHERE `tid` = 1 LIMIT 1   [ RunTime:0.0000s ]
SQL: SHOW COLUMNS FROM `category` [ RunTime:0.0340s ]
SQL: SELECT `cid`,`cname` FROM `category` ORDER BY csort desc  [ RunTime:0.0000s ]
SQL: SELECT * FROM `tag`  [ RunTime:0.0000s ]
SQL: SELECT * FROM `article` WHERE `is_recycle` = 1 ORDER BY click desc LIMIT 5   [ RunTime:0.0000s ]
INFO: [ view_parse ] --START--
INFO: [ template_filter ] --START--
INFO: Run Behavior\ContentReplaceBehavior [ RunTime:0.028001s ]
INFO: [ template_filter ] --END-- [ RunTime:0.029001s ]
INFO: Run Behavior\ParseTemplateBehavior [ RunTime:0.238014s ]
INFO: [ view_parse ] --END-- [ RunTime:0.238014s ]
INFO: [ view_filter ] --START--
INFO: Run Behavior\WriteHtmlCacheBehavior [ RunTime:0.002000s ]
INFO: [ view_filter ] --END-- [ RunTime:0.002000s ]
INFO: [ app_end ] --START--
INFO: Run Behavior\ShowPageTraceBehavior [ RunTime:0.012000s ]
INFO: [ app_end ] --END-- [ RunTime:0.012000s ]

[ 2017-01-17T21:04:33+08:00 ] 127.0.0.1 /hj/index.php/Home/Content/show/aid/19.html
INFO: [ app_init ] --START--
INFO: Run Behavior\BuildLiteBehavior [ RunTime:0.000000s ]
INFO: [ app_init ] --END-- [ RunTime:0.001000s ]
INFO: [ app_begin ] --START--
INFO: Run Behavior\ReadHtmlCacheBehavior [ RunTime:0.001000s ]
INFO: [ app_begin ] --END-- [ RunTime:0.001000s ]
NOTIC: [2048] Declaration of Home\Controller\ContentController::show() should be compatible with Think\Controller::show($content, $charset = '', $contentType = '', $prefix = '') D:\wamp\www\hj\Application\Home\Controller\ContentController.class.php 第 226 行.
SQL: SHOW COLUMNS FROM `article` [ RunTime:0.0030s ]
SQL: UPDATE `article` SET `click`=click+1 WHERE `aid` = 19 [ RunTime:0.0360s ]
SQL: SELECT * FROM `article` INNER JOIN article_data ON article.aid = article_data.article_aid  WHERE `aid` = 19 LIMIT 1   [ RunTime:0.0380s ]
SQL: SHOW COLUMNS FROM `article_tag` [ RunTime:0.0030s ]
SQL: SELECT `tag_tid` FROM `article_tag` WHERE `article_aid` = 19 LIMIT 1   [ RunTime:0.0000s ]
SQL: SHOW COLUMNS FROM `tag` [ RunTime:0.0030s ]
SQL: SELECT `tname` FROM `tag` WHERE `tid` = 1 LIMIT 1   [ RunTime:0.0010s ]
SQL: SHOW COLUMNS FROM `category` [ RunTime:0.0030s ]
SQL: SELECT `cid`,`cname` FROM `category` WHERE `cid` = 3 LIMIT 1   [ RunTime:0.0000s ]
SQL: SELECT `aid`,`title` FROM `article` WHERE `aid` = 20  [ RunTime:0.0000s ]
SQL: SELECT `aid`,`title` FROM `article` WHERE `aid` = 18  [ RunTime:0.0000s ]
SQL: SHOW COLUMNS FROM `praise` [ RunTime:0.0590s ]
SQL: SELECT SUM(nums) AS tp_sum FROM `praise` WHERE `aid` = 19 LIMIT 1   [ RunTime:0.0010s ]
SQL: SHOW COLUMNS FROM `comment` [ RunTime:0.0400s ]
SQL: SELECT * FROM `comment` WHERE `article_aid` = 19 ORDER BY addtime desc LIMIT 0,5   [ RunTime:0.0000s ]
SQL: SELECT COUNT(*) AS tp_count FROM `comment` WHERE `article_aid` = 19 ORDER BY addtime desc LIMIT 1   [ RunTime:0.0000s ]
SQL: SHOW COLUMNS FROM `guest` [ RunTime:0.0350s ]
SQL: SELECT `image` FROM `guest` WHERE `id` = 4 LIMIT 1   [ RunTime:0.0000s ]
SQL: SELECT `name` FROM `guest` WHERE `id` = 4 LIMIT 1   [ RunTime:0.0000s ]
SQL: SELECT `image` FROM `guest` WHERE `id` = 4 LIMIT 1   [ RunTime:0.0010s ]
SQL: SELECT `name` FROM `guest` WHERE `id` = 4 LIMIT 1   [ RunTime:0.0010s ]
SQL: SELECT `image` FROM `guest` WHERE `id` = 4 LIMIT 1   [ RunTime:0.0010s ]
SQL: SELECT `name` FROM `guest` WHERE `id` = 4 LIMIT 1   [ RunTime:0.0010s ]
SQL: SELECT `image` FROM `guest` WHERE `id` = 4 LIMIT 1   [ RunTime:0.0000s ]
SQL: SELECT `name` FROM `guest` WHERE `id` = 4 LIMIT 1   [ RunTime:0.0000s ]
SQL: SELECT `image` FROM `guest` WHERE `id` = 4 LIMIT 1   [ RunTime:0.0000s ]
SQL: SELECT `name` FROM `guest` WHERE `id` = 4 LIMIT 1   [ RunTime:0.0000s ]
SQL: SELECT `cid`,`cname` FROM `category` ORDER BY csort desc  [ RunTime:0.0010s ]
SQL: SELECT * FROM `tag`  [ RunTime:0.0010s ]
SQL: SELECT * FROM `article` WHERE `is_recycle` = 1 ORDER BY click desc LIMIT 5   [ RunTime:0.0010s ]
SQL: SELECT COUNT(*) AS tp_count FROM `comment` WHERE `article_aid` = 19 LIMIT 1   [ RunTime:0.0010s ]
INFO: [ view_parse ] --START--
INFO: [ template_filter ] --START--
INFO: Run Behavior\ContentReplaceBehavior [ RunTime:0.014000s ]
INFO: [ template_filter ] --END-- [ RunTime:0.014000s ]
INFO: Run Behavior\ParseTemplateBehavior [ RunTime:0.074004s ]
INFO: [ view_parse ] --END-- [ RunTime:0.074004s ]
INFO: [ view_filter ] --START--
INFO: Run Behavior\WriteHtmlCacheBehavior [ RunTime:0.001001s ]
INFO: [ view_filter ] --END-- [ RunTime:0.001001s ]
INFO: [ app_end ] --START--
INFO: Run Behavior\ShowPageTraceBehavior [ RunTime:0.001000s ]
INFO: [ app_end ] --END-- [ RunTime:0.001000s ]

[ 2017-01-17T21:04:38+08:00 ] 127.0.0.1 /hj/index.php/Home/Content/zan_click.html?aid=19
INFO: [ app_init ] --START--
INFO: Run Behavior\BuildLiteBehavior [ RunTime:0.000000s ]
INFO: [ app_init ] --END-- [ RunTime:0.001000s ]
INFO: [ app_begin ] --START--
INFO: Run Behavior\ReadHtmlCacheBehavior [ RunTime:0.001000s ]
INFO: [ app_begin ] --END-- [ RunTime:0.001000s ]
NOTIC: [2048] Declaration of Home\Controller\ContentController::show() should be compatible with Think\Controller::show($content, $charset = '', $contentType = '', $prefix = '') D:\wamp\www\hj\Application\Home\Controller\ContentController.class.php 第 226 行.
SQL: SHOW COLUMNS FROM `praise` [ RunTime:0.0030s ]
SQL: SELECT * FROM `praise` WHERE `type` = 0 AND `user_ip` = '127.0.0.1' AND `aid` = 19 LIMIT 1   [ RunTime:0.0400s ]
SQL: INSERT INTO `praise` (`user_ip`,`add_time`,`type`,`uid`,`aid`,`nums`,`valid_time`) VALUES ('127.0.0.1','1484658277','0','0','19','1','1484744677') [ RunTime:0.0010s ]
SQL: SELECT SUM(nums) AS tp_sum FROM `praise` WHERE `aid` = 19 LIMIT 1   [ RunTime:0.0000s ]

[ 2017-01-17T21:04:38+08:00 ] 127.0.0.1 /hj/index.php/Home/Content/zan_click.html?aid=19
INFO: [ app_init ] --START--
INFO: Run Behavior\BuildLiteBehavior [ RunTime:0.001000s ]
INFO: [ app_init ] --END-- [ RunTime:0.001000s ]
INFO: [ app_begin ] --START--
INFO: Run Behavior\ReadHtmlCacheBehavior [ RunTime:0.001000s ]
INFO: [ app_begin ] --END-- [ RunTime:0.001000s ]
NOTIC: [2048] Declaration of Home\Controller\ContentController::show() should be compatible with Think\Controller::show($content, $charset = '', $contentType = '', $prefix = '') D:\wamp\www\hj\Application\Home\Controller\ContentController.class.php 第 226 行.
SQL: SHOW COLUMNS FROM `praise` [ RunTime:0.0040s ]
SQL: SELECT * FROM `praise` WHERE `type` = 0 AND `user_ip` = '127.0.0.1' AND `aid` = 19 LIMIT 1   [ RunTime:0.0000s ]

[ 2017-01-17T21:04:54+08:00 ] 127.0.0.1 /hj/index.php/Home/Content/zan_click.html?aid=19
INFO: [ app_init ] --START--
INFO: Run Behavior\BuildLiteBehavior [ RunTime:0.000000s ]
INFO: [ app_init ] --END-- [ RunTime:0.001001s ]
INFO: [ app_begin ] --START--
INFO: Run Behavior\ReadHtmlCacheBehavior [ RunTime:0.000000s ]
INFO: [ app_begin ] --END-- [ RunTime:0.001000s ]
NOTIC: [2048] Declaration of Home\Controller\ContentController::show() should be compatible with Think\Controller::show($content, $charset = '', $contentType = '', $prefix = '') D:\wamp\www\hj\Application\Home\Controller\ContentController.class.php 第 226 行.
SQL: SHOW COLUMNS FROM `praise` [ RunTime:0.0040s ]
SQL: SELECT * FROM `praise` WHERE `type` = 0 AND `user_ip` = '127.0.0.1' AND `aid` = 19 LIMIT 1   [ RunTime:0.0000s ]

[ 2017-01-17T21:04:59+08:00 ] 127.0.0.1 /hj/index.php/Home/Content/show/aid/21.html
INFO: [ app_init ] --START--
INFO: Run Behavior\BuildLiteBehavior [ RunTime:0.000000s ]
INFO: [ app_init ] --END-- [ RunTime:0.001000s ]
INFO: [ app_begin ] --START--
INFO: Run Behavior\ReadHtmlCacheBehavior [ RunTime:0.000000s ]
INFO: [ app_begin ] --END-- [ RunTime:0.000000s ]
NOTIC: [2048] Declaration of Home\Controller\ContentController::show() should be compatible with Think\Controller::show($content, $charset = '', $contentType = '', $prefix = '') D:\wamp\www\hj\Application\Home\Controller\ContentController.class.php 第 226 行.
SQL: SHOW COLUMNS FROM `article` [ RunTime:0.0050s ]
SQL: UPDATE `article` SET `click`=click+1 WHERE `aid` = 21 [ RunTime:0.0320s ]
SQL: SELECT * FROM `article` INNER JOIN article_data ON article.aid = article_data.article_aid  WHERE `aid` = 21 LIMIT 1   [ RunTime:0.1220s ]
SQL: SHOW COLUMNS FROM `article_tag` [ RunTime:0.0030s ]
SQL: SELECT `tag_tid` FROM `article_tag` WHERE `article_aid` = 21 LIMIT 1   [ RunTime:0.0000s ]
SQL: SHOW COLUMNS FROM `tag` [ RunTime:0.0040s ]
SQL: SELECT `tname` FROM `tag` WHERE `tid` = 6 LIMIT 1   [ RunTime:0.0010s ]
SQL: SHOW COLUMNS FROM `category` [ RunTime:0.0030s ]
SQL: SELECT `cid`,`cname` FROM `category` WHERE `cid` = 3 LIMIT 1   [ RunTime:0.0010s ]
SQL: SELECT `aid`,`title` FROM `article` WHERE `aid` = 22  [ RunTime:0.0000s ]
SQL: SELECT `aid`,`title` FROM `article` WHERE `aid` = 20  [ RunTime:0.0000s ]
SQL: SHOW COLUMNS FROM `praise` [ RunTime:0.0030s ]
SQL: SELECT SUM(nums) AS tp_sum FROM `praise` WHERE `aid` = 21 LIMIT 1   [ RunTime:0.0010s ]
SQL: SHOW COLUMNS FROM `comment` [ RunTime:0.0040s ]
SQL: SELECT * FROM `comment` WHERE `article_aid` = 21 ORDER BY addtime desc LIMIT 0,5   [ RunTime:0.0010s ]
SQL: SELECT COUNT(*) AS tp_count FROM `comment` WHERE `article_aid` = 21 ORDER BY addtime desc LIMIT 1   [ RunTime:0.0000s ]
SQL: SHOW COLUMNS FROM `guest` [ RunTime:0.0030s ]
SQL: SELECT `image` FROM `guest` WHERE `id` = 5 LIMIT 1   [ RunTime:0.0010s ]
SQL: SELECT `name` FROM `guest` WHERE `id` = 5 LIMIT 1   [ RunTime:0.0000s ]
SQL: SELECT `image` FROM `guest` WHERE `id` = 5 LIMIT 1   [ RunTime:0.0000s ]
SQL: SELECT `name` FROM `guest` WHERE `id` = 5 LIMIT 1   [ RunTime:0.0000s ]
SQL: SELECT `cid`,`cname` FROM `category` ORDER BY csort desc  [ RunTime:0.0010s ]
SQL: SELECT * FROM `tag`  [ RunTime:0.0000s ]
SQL: SELECT * FROM `article` WHERE `is_recycle` = 1 ORDER BY click desc LIMIT 5   [ RunTime:0.0000s ]
SQL: SELECT COUNT(*) AS tp_count FROM `comment` WHERE `article_aid` = 21 LIMIT 1   [ RunTime:0.0000s ]
INFO: [ view_parse ] --START--
INFO: [ template_filter ] --START--
INFO: Run Behavior\ContentReplaceBehavior [ RunTime:0.000000s ]
INFO: [ template_filter ] --END-- [ RunTime:0.000000s ]
INFO: Run Behavior\ParseTemplateBehavior [ RunTime:0.045002s ]
INFO: [ view_parse ] --END-- [ RunTime:0.045002s ]
INFO: [ view_filter ] --START--
INFO: Run Behavior\WriteHtmlCacheBehavior [ RunTime:0.001000s ]
INFO: [ view_filter ] --END-- [ RunTime:0.001000s ]
INFO: [ app_end ] --START--
INFO: Run Behavior\ShowPageTraceBehavior [ RunTime:0.000000s ]
INFO: [ app_end ] --END-- [ RunTime:0.000000s ]

[ 2017-01-17T21:05:06+08:00 ] 127.0.0.1 /hj/index.php/Home/Content/show/aid/23.html
INFO: [ app_init ] --START--
INFO: Run Behavior\BuildLiteBehavior [ RunTime:0.000000s ]
INFO: [ app_init ] --END-- [ RunTime:0.001000s ]
INFO: [ app_begin ] --START--
INFO: Run Behavior\ReadHtmlCacheBehavior [ RunTime:0.000000s ]
INFO: [ app_begin ] --END-- [ RunTime:0.001001s ]
NOTIC: [2048] Declaration of Home\Controller\ContentController::show() should be compatible with Think\Controller::show($content, $charset = '', $contentType = '', $prefix = '') D:\wamp\www\hj\Application\Home\Controller\ContentController.class.php 第 226 行.
SQL: SHOW COLUMNS FROM `article` [ RunTime:0.0040s ]
SQL: UPDATE `article` SET `click`=click+1 WHERE `aid` = 23 [ RunTime:0.0300s ]
SQL: SELECT * FROM `article` INNER JOIN article_data ON article.aid = article_data.article_aid  WHERE `aid` = 23 LIMIT 1   [ RunTime:0.0860s ]
SQL: SHOW COLUMNS FROM `article_tag` [ RunTime:0.0030s ]
SQL: SELECT `tag_tid` FROM `article_tag` WHERE `article_aid` = 23 LIMIT 1   [ RunTime:0.0000s ]
SQL: SHOW COLUMNS FROM `tag` [ RunTime:0.0030s ]
SQL: SELECT `tname` FROM `tag` WHERE `tid` = 3 LIMIT 1   [ RunTime:0.0000s ]
SQL: SHOW COLUMNS FROM `category` [ RunTime:0.0040s ]
SQL: SELECT `cid`,`cname` FROM `category` WHERE `cid` = 1 LIMIT 1   [ RunTime:0.0010s ]
SQL: SELECT `aid`,`title` FROM `article` WHERE `aid` = 24  [ RunTime:0.0010s ]
SQL: SELECT `aid`,`title` FROM `article` WHERE `aid` = 22  [ RunTime:0.0010s ]
SQL: SHOW COLUMNS FROM `praise` [ RunTime:0.0040s ]
SQL: SELECT SUM(nums) AS tp_sum FROM `praise` WHERE `aid` = 23 LIMIT 1   [ RunTime:0.0010s ]
SQL: SHOW COLUMNS FROM `comment` [ RunTime:0.0040s ]
SQL: SELECT * FROM `comment` WHERE `article_aid` = 23 ORDER BY addtime desc LIMIT 0,5   [ RunTime:0.0000s ]
SQL: SELECT COUNT(*) AS tp_count FROM `comment` WHERE `article_aid` = 23 ORDER BY addtime desc LIMIT 1   [ RunTime:0.0000s ]
SQL: SHOW COLUMNS FROM `guest` [ RunTime:0.0040s ]
SQL: SELECT `image` FROM `guest` WHERE `id` = 5 LIMIT 1   [ RunTime:0.0010s ]
SQL: SELECT `name` FROM `guest` WHERE `id` = 5 LIMIT 1   [ RunTime:0.0010s ]
SQL: SELECT `image` FROM `guest` WHERE `id` = 5 LIMIT 1   [ RunTime:0.0000s ]
SQL: SELECT `name` FROM `guest` WHERE `id` = 5 LIMIT 1   [ RunTime:0.0000s ]
SQL: SELECT `image` FROM `guest` WHERE `id` = 5 LIMIT 1   [ RunTime:0.0000s ]
SQL: SELECT `name` FROM `guest` WHERE `id` = 5 LIMIT 1   [ RunTime:0.0000s ]
SQL: SELECT `image` FROM `guest` WHERE `id` = 5 LIMIT 1   [ RunTime:0.0000s ]
SQL: SELECT `name` FROM `guest` WHERE `id` = 5 LIMIT 1   [ RunTime:0.0000s ]
SQL: SELECT `image` FROM `guest` WHERE `id` = 5 LIMIT 1   [ RunTime:0.0000s ]
SQL: SELECT `name` FROM `guest` WHERE `id` = 5 LIMIT 1   [ RunTime:0.0000s ]
SQL: SELECT `cid`,`cname` FROM `category` ORDER BY csort desc  [ RunTime:0.0010s ]
SQL: SELECT * FROM `tag`  [ RunTime:0.0010s ]
SQL: SELECT * FROM `article` WHERE `is_recycle` = 1 ORDER BY click desc LIMIT 5   [ RunTime:0.0010s ]
SQL: SELECT COUNT(*) AS tp_count FROM `comment` WHERE `article_aid` = 23 LIMIT 1   [ RunTime:0.0010s ]
INFO: [ view_parse ] --START--
INFO: [ template_filter ] --START--
INFO: Run Behavior\ContentReplaceBehavior [ RunTime:0.000000s ]
INFO: [ template_filter ] --END-- [ RunTime:0.000000s ]
INFO: Run Behavior\ParseTemplateBehavior [ RunTime:0.044002s ]
INFO: [ view_parse ] --END-- [ RunTime:0.044002s ]
INFO: [ view_filter ] --START--
INFO: Run Behavior\WriteHtmlCacheBehavior [ RunTime:0.001000s ]
INFO: [ view_filter ] --END-- [ RunTime:0.001000s ]
INFO: [ app_end ] --START--
INFO: Run Behavior\ShowPageTraceBehavior [ RunTime:0.001000s ]
INFO: [ app_end ] --END-- [ RunTime:0.001000s ]

[ 2017-01-17T21:05:10+08:00 ] 127.0.0.1 /hj/index.php/Home/Content/zan_click.html?aid=23
INFO: [ app_init ] --START--
INFO: Run Behavior\BuildLiteBehavior [ RunTime:0.000000s ]
INFO: [ app_init ] --END-- [ RunTime:0.001000s ]
INFO: [ app_begin ] --START--
INFO: Run Behavior\ReadHtmlCacheBehavior [ RunTime:0.001000s ]
INFO: [ app_begin ] --END-- [ RunTime:0.001000s ]
NOTIC: [2048] Declaration of Home\Controller\ContentController::show() should be compatible with Think\Controller::show($content, $charset = '', $contentType = '', $prefix = '') D:\wamp\www\hj\Application\Home\Controller\ContentController.class.php 第 226 行.
SQL: SHOW COLUMNS FROM `praise` [ RunTime:0.0030s ]
SQL: SELECT * FROM `praise` WHERE `type` = 0 AND `user_ip` = '127.0.0.1' AND `aid` = 23 LIMIT 1   [ RunTime:0.0010s ]
SQL: UPDATE `praise` SET `user_ip`='127.0.0.1',`add_time`='1484658310',`type`='0',`uid`='0',`aid`='23',`nums`='2',`valid_time`='1484744710' WHERE `type` = 0 AND `user_ip` = '127.0.0.1' AND `aid` = 23 [ RunTime:0.0200s ]
SQL: SELECT SUM(nums) AS tp_sum FROM `praise` WHERE `aid` = 23 LIMIT 1   [ RunTime:0.0010s ]

[ 2017-01-17T21:05:13+08:00 ] 127.0.0.1 /hj/index.php/Home/Content/zan_click.html?aid=23
INFO: [ app_init ] --START--
INFO: Run Behavior\BuildLiteBehavior [ RunTime:0.000000s ]
INFO: [ app_init ] --END-- [ RunTime:0.001000s ]
INFO: [ app_begin ] --START--
INFO: Run Behavior\ReadHtmlCacheBehavior [ RunTime:0.001001s ]
INFO: [ app_begin ] --END-- [ RunTime:0.001001s ]
NOTIC: [2048] Declaration of Home\Controller\ContentController::show() should be compatible with Think\Controller::show($content, $charset = '', $contentType = '', $prefix = '') D:\wamp\www\hj\Application\Home\Controller\ContentController.class.php 第 226 行.
SQL: SHOW COLUMNS FROM `praise` [ RunTime:0.0030s ]
SQL: SELECT * FROM `praise` WHERE `type` = 0 AND `user_ip` = '127.0.0.1' AND `aid` = 23 LIMIT 1   [ RunTime:0.0010s ]

[ 2017-01-17T21:05:17+08:00 ] 127.0.0.1 /hj/index.php/Home/Content/show/aid/23/p/2.html
INFO: [ app_init ] --START--
INFO: Run Behavior\BuildLiteBehavior [ RunTime:0.000000s ]
INFO: [ app_init ] --END-- [ RunTime:0.001000s ]
INFO: [ app_begin ] --START--
INFO: Run Behavior\ReadHtmlCacheBehavior [ RunTime:0.001000s ]
INFO: [ app_begin ] --END-- [ RunTime:0.001000s ]
NOTIC: [2048] Declaration of Home\Controller\ContentController::show() should be compatible with Think\Controller::show($content, $charset = '', $contentType = '', $prefix = '') D:\wamp\www\hj\Application\Home\Controller\ContentController.class.php 第 226 行.
SQL: SHOW COLUMNS FROM `article` [ RunTime:0.0040s ]
SQL: UPDATE `article` SET `click`=click+1 WHERE `aid` = 23 [ RunTime:0.0300s ]
SQL: SELECT * FROM `article` INNER JOIN article_data ON article.aid = article_data.article_aid  WHERE `aid` = 23 LIMIT 1   [ RunTime:0.0010s ]
SQL: SHOW COLUMNS FROM `article_tag` [ RunTime:0.0040s ]
SQL: SELECT `tag_tid` FROM `article_tag` WHERE `article_aid` = 23 LIMIT 1   [ RunTime:0.0000s ]
SQL: SHOW COLUMNS FROM `tag` [ RunTime:0.0030s ]
SQL: SELECT `tname` FROM `tag` WHERE `tid` = 3 LIMIT 1   [ RunTime:0.0010s ]
SQL: SHOW COLUMNS FROM `category` [ RunTime:0.0040s ]
SQL: SELECT `cid`,`cname` FROM `category` WHERE `cid` = 1 LIMIT 1   [ RunTime:0.0000s ]
SQL: SELECT `aid`,`title` FROM `article` WHERE `aid` = 24  [ RunTime:0.0010s ]
SQL: SELECT `aid`,`title` FROM `article` WHERE `aid` = 22  [ RunTime:0.0010s ]
SQL: SHOW COLUMNS FROM `praise` [ RunTime:0.0040s ]
SQL: SELECT SUM(nums) AS tp_sum FROM `praise` WHERE `aid` = 23 LIMIT 1   [ RunTime:0.0000s ]
SQL: SHOW COLUMNS FROM `comment` [ RunTime:0.0040s ]
SQL: SELECT * FROM `comment` WHERE `article_aid` = 23 ORDER BY addtime desc LIMIT 5,5   [ RunTime:0.0010s ]
SQL: SELECT COUNT(*) AS tp_count FROM `comment` WHERE `article_aid` = 23 ORDER BY addtime desc LIMIT 1   [ RunTime:0.0010s ]
SQL: SHOW COLUMNS FROM `guest` [ RunTime:0.0030s ]
SQL: SELECT `image` FROM `guest` WHERE `id` = 5 LIMIT 1   [ RunTime:0.0000s ]
SQL: SELECT `name` FROM `guest` WHERE `id` = 5 LIMIT 1   [ RunTime:0.0010s ]
SQL: SELECT `image` FROM `guest` WHERE `id` = 5 LIMIT 1   [ RunTime:0.0000s ]
SQL: SELECT `name` FROM `guest` WHERE `id` = 5 LIMIT 1   [ RunTime:0.0000s ]
SQL: SELECT `image` FROM `guest` WHERE `id` = 4 LIMIT 1   [ RunTime:0.0000s ]
SQL: SELECT `name` FROM `guest` WHERE `id` = 4 LIMIT 1   [ RunTime:0.0000s ]
SQL: SELECT `image` FROM `guest` WHERE `id` = 4 LIMIT 1   [ RunTime:0.0010s ]
SQL: SELECT `name` FROM `guest` WHERE `id` = 4 LIMIT 1   [ RunTime:0.0010s ]
SQL: SELECT `cid`,`cname` FROM `category` ORDER BY csort desc  [ RunTime:0.0010s ]
SQL: SELECT * FROM `tag`  [ RunTime:0.0010s ]
SQL: SELECT * FROM `article` WHERE `is_recycle` = 1 ORDER BY click desc LIMIT 5   [ RunTime:0.0000s ]
SQL: SELECT COUNT(*) AS tp_count FROM `comment` WHERE `article_aid` = 23 LIMIT 1   [ RunTime:0.0010s ]
INFO: [ view_parse ] --START--
INFO: [ template_filter ] --START--
INFO: Run Behavior\ContentReplaceBehavior [ RunTime:0.000000s ]
INFO: [ template_filter ] --END-- [ RunTime:0.001000s ]
INFO: Run Behavior\ParseTemplateBehavior [ RunTime:0.044002s ]
INFO: [ view_parse ] --END-- [ RunTime:0.044002s ]
INFO: [ view_filter ] --START--
INFO: Run Behavior\WriteHtmlCacheBehavior [ RunTime:0.001000s ]
INFO: [ view_filter ] --END-- [ RunTime:0.001000s ]
INFO: [ app_end ] --START--
INFO: Run Behavior\ShowPageTraceBehavior [ RunTime:0.000000s ]
INFO: [ app_end ] --END-- [ RunTime:0.001001s ]

[ 2017-01-17T21:05:22+08:00 ] 127.0.0.1 /hj/index.php/Home/Content/zan_click.html?aid=23
INFO: [ app_init ] --START--
INFO: Run Behavior\BuildLiteBehavior [ RunTime:0.000000s ]
INFO: [ app_init ] --END-- [ RunTime:0.001000s ]
INFO: [ app_begin ] --START--
INFO: Run Behavior\ReadHtmlCacheBehavior [ RunTime:0.001000s ]
INFO: [ app_begin ] --END-- [ RunTime:0.001000s ]
NOTIC: [2048] Declaration of Home\Controller\ContentController::show() should be compatible with Think\Controller::show($content, $charset = '', $contentType = '', $prefix = '') D:\wamp\www\hj\Application\Home\Controller\ContentController.class.php 第 226 行.
SQL: SHOW COLUMNS FROM `praise` [ RunTime:0.0030s ]
SQL: SELECT * FROM `praise` WHERE `type` = 0 AND `user_ip` = '127.0.0.1' AND `aid` = 23 LIMIT 1   [ RunTime:0.0010s ]

[ 2017-01-17T21:05:28+08:00 ] 127.0.0.1 /hj/index.php/Home/Index/index/cid/4.html
INFO: [ app_init ] --START--
INFO: Run Behavior\BuildLiteBehavior [ RunTime:0.000000s ]
INFO: [ app_init ] --END-- [ RunTime:0.001000s ]
INFO: [ app_begin ] --START--
INFO: Run Behavior\ReadHtmlCacheBehavior [ RunTime:0.001000s ]
INFO: [ app_begin ] --END-- [ RunTime:0.001000s ]
SQL: SHOW COLUMNS FROM `article` [ RunTime:0.0030s ]
SQL: SELECT `aid`,`title`,`click`,`sendtime`,`update_time`,`thumb`,`digest`,`author`,`user_id`,`category_cid`,`is_recycle` FROM `article` INNER JOIN article_data ON article.aid = article_data.article_aid  WHERE `is_recycle` = 1 ORDER BY sendtime desc LIMIT 0,5   [ RunTime:0.0000s ]
SQL: SELECT COUNT(*) AS tp_count FROM `article` WHERE ( is_recycle=1 ) LIMIT 1   [ RunTime:0.0000s ]
SQL: SHOW COLUMNS FROM `article_tag` [ RunTime:0.0030s ]
SQL: SELECT `tag_tid` FROM `article_tag` WHERE `article_aid` = 23 LIMIT 1   [ RunTime:0.0010s ]
SQL: SHOW COLUMNS FROM `tag` [ RunTime:0.0040s ]
SQL: SELECT `tname` FROM `tag` WHERE `tid` = 3 LIMIT 1   [ RunTime:0.0010s ]
SQL: SELECT `tag_tid` FROM `article_tag` WHERE `article_aid` = 22 LIMIT 1   [ RunTime:0.0010s ]
SQL: SELECT `tname` FROM `tag` WHERE `tid` = 2 LIMIT 1   [ RunTime:0.0000s ]
SQL: SELECT `tag_tid` FROM `article_tag` WHERE `article_aid` = 21 LIMIT 1   [ RunTime:0.0000s ]
SQL: SELECT `tname` FROM `tag` WHERE `tid` = 6 LIMIT 1   [ RunTime:0.0000s ]
SQL: SELECT `tag_tid` FROM `article_tag` WHERE `article_aid` = 20 LIMIT 1   [ RunTime:0.0000s ]
SQL: SELECT `tname` FROM `tag` WHERE `tid` = 5 LIMIT 1   [ RunTime:0.0010s ]
SQL: SELECT `tag_tid` FROM `article_tag` WHERE `article_aid` = 19 LIMIT 1   [ RunTime:0.0010s ]
SQL: SELECT `tname` FROM `tag` WHERE `tid` = 1 LIMIT 1   [ RunTime:0.0010s ]
SQL: SELECT `aid`,`title`,`click`,`sendtime`,`update_time`,`thumb`,`digest`,`author`,`user_id`,`category_cid`,`is_recycle` FROM `article` INNER JOIN article_data ON article.aid = article_data.article_aid  WHERE `category_cid` = 4 AND `is_recycle` = 1 ORDER BY sendtime desc LIMIT 0,5   [ RunTime:0.0000s ]
SQL: SELECT COUNT(*) AS tp_count FROM `article` WHERE `is_recycle` = 1 AND `category_cid` = 4 LIMIT 1   [ RunTime:0.0010s ]
SQL: SELECT `tag_tid` FROM `article_tag` WHERE `article_aid` = 20 LIMIT 1   [ RunTime:0.0000s ]
SQL: SELECT `tname` FROM `tag` WHERE `tid` = 5 LIMIT 1   [ RunTime:0.0000s ]
SQL: SELECT `tag_tid` FROM `article_tag` WHERE `article_aid` = 8 LIMIT 1   [ RunTime:0.0000s ]
SQL: SELECT `tname` FROM `tag` WHERE `tid` = 5 LIMIT 1   [ RunTime:0.0010s ]
SQL: SHOW COLUMNS FROM `category` [ RunTime:0.0040s ]
SQL: SELECT `cname` FROM `category` WHERE `cid` = 4 LIMIT 1   [ RunTime:0.0000s ]
SQL: SELECT `cid`,`cname` FROM `category` ORDER BY csort desc  [ RunTime:0.0000s ]
SQL: SELECT * FROM `tag`  [ RunTime:0.0010s ]
SQL: SELECT * FROM `article` WHERE `is_recycle` = 1 ORDER BY click desc LIMIT 5   [ RunTime:0.0010s ]
INFO: [ view_parse ] --START--
INFO: [ template_filter ] --START--
INFO: Run Behavior\ContentReplaceBehavior [ RunTime:0.000000s ]
INFO: [ template_filter ] --END-- [ RunTime:0.000000s ]
INFO: Run Behavior\ParseTemplateBehavior [ RunTime:0.106006s ]
INFO: [ view_parse ] --END-- [ RunTime:0.107006s ]
INFO: [ view_filter ] --START--
INFO: Run Behavior\WriteHtmlCacheBehavior [ RunTime:0.001000s ]
INFO: [ view_filter ] --END-- [ RunTime:0.001000s ]
INFO: [ app_end ] --START--
INFO: Run Behavior\ShowPageTraceBehavior [ RunTime:0.003000s ]
INFO: [ app_end ] --END-- [ RunTime:0.003000s ]

[ 2017-01-17T21:05:29+08:00 ] 127.0.0.1 /hj/index.php/Home/Index/index/cid/3.html
INFO: [ app_init ] --START--
INFO: Run Behavior\BuildLiteBehavior [ RunTime:0.000000s ]
INFO: [ app_init ] --END-- [ RunTime:0.001000s ]
INFO: [ app_begin ] --START--
INFO: Run Behavior\ReadHtmlCacheBehavior [ RunTime:0.001000s ]
INFO: [ app_begin ] --END-- [ RunTime:0.001000s ]
SQL: SHOW COLUMNS FROM `article` [ RunTime:0.0040s ]
SQL: SELECT `aid`,`title`,`click`,`sendtime`,`update_time`,`thumb`,`digest`,`author`,`user_id`,`category_cid`,`is_recycle` FROM `article` INNER JOIN article_data ON article.aid = article_data.article_aid  WHERE `is_recycle` = 1 ORDER BY sendtime desc LIMIT 0,5   [ RunTime:0.0010s ]
SQL: SELECT COUNT(*) AS tp_count FROM `article` WHERE ( is_recycle=1 ) LIMIT 1   [ RunTime:0.0000s ]
SQL: SHOW COLUMNS FROM `article_tag` [ RunTime:0.0030s ]
SQL: SELECT `tag_tid` FROM `article_tag` WHERE `article_aid` = 23 LIMIT 1   [ RunTime:0.0000s ]
SQL: SHOW COLUMNS FROM `tag` [ RunTime:0.0030s ]
SQL: SELECT `tname` FROM `tag` WHERE `tid` = 3 LIMIT 1   [ RunTime:0.0000s ]
SQL: SELECT `tag_tid` FROM `article_tag` WHERE `article_aid` = 22 LIMIT 1   [ RunTime:0.0000s ]
SQL: SELECT `tname` FROM `tag` WHERE `tid` = 2 LIMIT 1   [ RunTime:0.0000s ]
SQL: SELECT `tag_tid` FROM `article_tag` WHERE `article_aid` = 21 LIMIT 1   [ RunTime:0.0000s ]
SQL: SELECT `tname` FROM `tag` WHERE `tid` = 6 LIMIT 1   [ RunTime:0.0010s ]
SQL: SELECT `tag_tid` FROM `article_tag` WHERE `article_aid` = 20 LIMIT 1   [ RunTime:0.0010s ]
SQL: SELECT `tname` FROM `tag` WHERE `tid` = 5 LIMIT 1   [ RunTime:0.0010s ]
SQL: SELECT `tag_tid` FROM `article_tag` WHERE `article_aid` = 19 LIMIT 1   [ RunTime:0.0000s ]
SQL: SELECT `tname` FROM `tag` WHERE `tid` = 1 LIMIT 1   [ RunTime:0.0010s ]
SQL: SELECT `aid`,`title`,`click`,`sendtime`,`update_time`,`thumb`,`digest`,`author`,`user_id`,`category_cid`,`is_recycle` FROM `article` INNER JOIN article_data ON article.aid = article_data.article_aid  WHERE `category_cid` = 3 AND `is_recycle` = 1 ORDER BY sendtime desc LIMIT 0,5   [ RunTime:0.0000s ]
SQL: SELECT COUNT(*) AS tp_count FROM `article` WHERE `is_recycle` = 1 AND `category_cid` = 3 LIMIT 1   [ RunTime:0.0010s ]
SQL: SELECT `tag_tid` FROM `article_tag` WHERE `article_aid` = 22 LIMIT 1   [ RunTime:0.0010s ]
SQL: SELECT `tname` FROM `tag` WHERE `tid` = 2 LIMIT 1   [ RunTime:0.0000s ]
SQL: SELECT `tag_tid` FROM `article_tag` WHERE `article_aid` = 21 LIMIT 1   [ RunTime:0.0000s ]
SQL: SELECT `tname` FROM `tag` WHERE `tid` = 6 LIMIT 1   [ RunTime:0.0000s ]
SQL: SELECT `tag_tid` FROM `article_tag` WHERE `article_aid` = 19 LIMIT 1   [ RunTime:0.0000s ]
SQL: SELECT `tname` FROM `tag` WHERE `tid` = 1 LIMIT 1   [ RunTime:0.0000s ]
SQL: SELECT `tag_tid` FROM `article_tag` WHERE `article_aid` = 15 LIMIT 1   [ RunTime:0.0010s ]
SQL: SELECT `tname` FROM `tag` WHERE `tid` = 9 LIMIT 1   [ RunTime:0.0010s ]
SQL: SELECT `tag_tid` FROM `article_tag` WHERE `article_aid` = 13 LIMIT 1   [ RunTime:0.0000s ]
SQL: SELECT `tname` FROM `tag` WHERE `tid` = 10 LIMIT 1   [ RunTime:0.0000s ]
SQL: SHOW COLUMNS FROM `category` [ RunTime:0.0030s ]
SQL: SELECT `cname` FROM `category` WHERE `cid` = 3 LIMIT 1   [ RunTime:0.0000s ]
SQL: SELECT `cid`,`cname` FROM `category` ORDER BY csort desc  [ RunTime:0.0000s ]
SQL: SELECT * FROM `tag`  [ RunTime:0.0010s ]
SQL: SELECT * FROM `article` WHERE `is_recycle` = 1 ORDER BY click desc LIMIT 5   [ RunTime:0.0010s ]
INFO: [ view_parse ] --START--
INFO: [ template_filter ] --START--
INFO: Run Behavior\ContentReplaceBehavior [ RunTime:0.000000s ]
INFO: [ template_filter ] --END-- [ RunTime:0.000000s ]
INFO: Run Behavior\ParseTemplateBehavior [ RunTime:0.038002s ]
INFO: [ view_parse ] --END-- [ RunTime:0.038002s ]
INFO: [ view_filter ] --START--
INFO: Run Behavior\WriteHtmlCacheBehavior [ RunTime:0.001000s ]
INFO: [ view_filter ] --END-- [ RunTime:0.001000s ]
INFO: [ app_end ] --START--
INFO: Run Behavior\ShowPageTraceBehavior [ RunTime:0.000000s ]
INFO: [ app_end ] --END-- [ RunTime:0.001000s ]

[ 2017-01-17T21:20:01+08:00 ] 127.0.0.1 /hj/index.php/Home/Content/show/aid/22.html
INFO: [ app_init ] --START--
INFO: Run Behavior\BuildLiteBehavior [ RunTime:0.000000s ]
INFO: [ app_init ] --END-- [ RunTime:0.001000s ]
INFO: [ app_begin ] --START--
INFO: Run Behavior\ReadHtmlCacheBehavior [ RunTime:0.002000s ]
INFO: [ app_begin ] --END-- [ RunTime:0.002000s ]
NOTIC: [2048] Declaration of Home\Controller\ContentController::show() should be compatible with Think\Controller::show($content, $charset = '', $contentType = '', $prefix = '') D:\wamp\www\hj\Application\Home\Controller\ContentController.class.php 第 226 行.
SQL: SHOW COLUMNS FROM `article` [ RunTime:0.0080s ]
SQL: UPDATE `article` SET `click`=click+1 WHERE `aid` = 22 [ RunTime:0.2950s ]
SQL: SELECT * FROM `article` INNER JOIN article_data ON article.aid = article_data.article_aid  WHERE `aid` = 22 LIMIT 1   [ RunTime:0.0030s ]
SQL: SHOW COLUMNS FROM `article_tag` [ RunTime:0.0070s ]
SQL: SELECT `tag_tid` FROM `article_tag` WHERE `article_aid` = 22 LIMIT 1   [ RunTime:0.0000s ]
SQL: SHOW COLUMNS FROM `tag` [ RunTime:0.0070s ]
SQL: SELECT `tname` FROM `tag` WHERE `tid` = 2 LIMIT 1   [ RunTime:0.0000s ]
SQL: SHOW COLUMNS FROM `category` [ RunTime:0.0070s ]
SQL: SELECT `cid`,`cname` FROM `category` WHERE `cid` = 3 LIMIT 1   [ RunTime:0.0010s ]
SQL: SELECT `aid`,`title` FROM `article` WHERE `aid` = 23  [ RunTime:0.0010s ]
SQL: SELECT `aid`,`title` FROM `article` WHERE `aid` = 21  [ RunTime:0.0000s ]
SQL: SHOW COLUMNS FROM `praise` [ RunTime:0.0070s ]
SQL: SELECT SUM(nums) AS tp_sum FROM `praise` WHERE `aid` = 22 LIMIT 1   [ RunTime:0.0010s ]
SQL: SHOW COLUMNS FROM `comment` [ RunTime:0.0070s ]
SQL: SELECT * FROM `comment` WHERE `article_aid` = 22 ORDER BY addtime desc LIMIT 0,5   [ RunTime:0.0010s ]
SQL: SELECT COUNT(*) AS tp_count FROM `comment` WHERE `article_aid` = 22 ORDER BY addtime desc LIMIT 1   [ RunTime:0.0010s ]
SQL: SELECT `cid`,`cname` FROM `category` ORDER BY csort desc  [ RunTime:0.0010s ]
SQL: SELECT * FROM `tag`  [ RunTime:0.0000s ]
SQL: SELECT * FROM `article` WHERE `is_recycle` = 1 ORDER BY click desc LIMIT 5   [ RunTime:0.0020s ]
SQL: SELECT COUNT(*) AS tp_count FROM `comment` WHERE `article_aid` = 22 LIMIT 1   [ RunTime:0.0010s ]
INFO: [ view_parse ] --START--
INFO: [ template_filter ] --START--
INFO: Run Behavior\ContentReplaceBehavior [ RunTime:0.000000s ]
INFO: [ template_filter ] --END-- [ RunTime:0.001000s ]
INFO: Run Behavior\ParseTemplateBehavior [ RunTime:0.107006s ]
INFO: [ view_parse ] --END-- [ RunTime:0.108006s ]
INFO: [ view_filter ] --START--
INFO: Run Behavior\WriteHtmlCacheBehavior [ RunTime:0.002000s ]
INFO: [ view_filter ] --END-- [ RunTime:0.003000s ]
INFO: [ app_end ] --START--
INFO: Run Behavior\ShowPageTraceBehavior [ RunTime:0.004000s ]
INFO: [ app_end ] --END-- [ RunTime:0.005000s ]

[ 2017-01-17T22:03:46+08:00 ] 127.0.0.1 /hj/index.php/Home/Index/index/cid/3/p/2.html
INFO: [ app_init ] --START--
INFO: Run Behavior\BuildLiteBehavior [ RunTime:0.000000s ]
INFO: [ app_init ] --END-- [ RunTime:0.002000s ]
INFO: [ app_begin ] --START--
INFO: Run Behavior\ReadHtmlCacheBehavior [ RunTime:0.002000s ]
INFO: [ app_begin ] --END-- [ RunTime:0.002000s ]
SQL: SHOW COLUMNS FROM `article` [ RunTime:0.0090s ]
SQL: SELECT `aid`,`title`,`click`,`sendtime`,`update_time`,`thumb`,`digest`,`author`,`user_id`,`category_cid`,`is_recycle` FROM `article` INNER JOIN article_data ON article.aid = article_data.article_aid  WHERE `is_recycle` = 1 ORDER BY sendtime desc LIMIT 5,5   [ RunTime:0.0010s ]
SQL: SELECT COUNT(*) AS tp_count FROM `article` WHERE ( is_recycle=1 ) LIMIT 1   [ RunTime:0.0010s ]
SQL: SHOW COLUMNS FROM `article_tag` [ RunTime:0.0070s ]
SQL: SELECT `tag_tid` FROM `article_tag` WHERE `article_aid` = 18 LIMIT 1   [ RunTime:0.0000s ]
SQL: SHOW COLUMNS FROM `tag` [ RunTime:0.0080s ]
SQL: SELECT `tname` FROM `tag` WHERE `tid` = 13 LIMIT 1   [ RunTime:0.0010s ]
SQL: SELECT `tag_tid` FROM `article_tag` WHERE `article_aid` = 17 LIMIT 1   [ RunTime:0.0010s ]
SQL: SELECT `tname` FROM `tag` WHERE `tid` = 4 LIMIT 1   [ RunTime:0.0000s ]
SQL: SELECT `tag_tid` FROM `article_tag` WHERE `article_aid` = 16 LIMIT 1   [ RunTime:0.0000s ]
SQL: SELECT `tname` FROM `tag` WHERE `tid` = 3 LIMIT 1   [ RunTime:0.0010s ]
SQL: SELECT `tag_tid` FROM `article_tag` WHERE `article_aid` = 15 LIMIT 1   [ RunTime:0.0010s ]
SQL: SELECT `tname` FROM `tag` WHERE `tid` = 9 LIMIT 1   [ RunTime:0.0000s ]
SQL: SELECT `tag_tid` FROM `article_tag` WHERE `article_aid` = 14 LIMIT 1   [ RunTime:0.0010s ]
SQL: SELECT `tname` FROM `tag` WHERE `tid` = 3 LIMIT 1   [ RunTime:0.0000s ]
SQL: SELECT `aid`,`title`,`click`,`sendtime`,`update_time`,`thumb`,`digest`,`author`,`user_id`,`category_cid`,`is_recycle` FROM `article` INNER JOIN article_data ON article.aid = article_data.article_aid  WHERE `category_cid` = 3 AND `is_recycle` = 1 ORDER BY sendtime desc LIMIT 5,5   [ RunTime:0.0010s ]
SQL: SELECT COUNT(*) AS tp_count FROM `article` WHERE `is_recycle` = 1 AND `category_cid` = 3 LIMIT 1   [ RunTime:0.0010s ]
SQL: SELECT `tag_tid` FROM `article_tag` WHERE `article_aid` = 9 LIMIT 1   [ RunTime:0.0010s ]
SQL: SELECT `tname` FROM `tag` WHERE `tid` = 12 LIMIT 1   [ RunTime:0.0010s ]
SQL: SHOW COLUMNS FROM `category` [ RunTime:0.0090s ]
SQL: SELECT `cname` FROM `category` WHERE `cid` = 3 LIMIT 1   [ RunTime:0.0010s ]
SQL: SELECT `cid`,`cname` FROM `category` ORDER BY csort desc  [ RunTime:0.0010s ]
SQL: SELECT * FROM `tag`  [ RunTime:0.0010s ]
SQL: SELECT * FROM `article` WHERE `is_recycle` = 1 ORDER BY click desc LIMIT 5   [ RunTime:0.0010s ]
INFO: [ view_parse ] --START--
INFO: [ template_filter ] --START--
INFO: Run Behavior\ContentReplaceBehavior [ RunTime:0.000000s ]
INFO: [ template_filter ] --END-- [ RunTime:0.001000s ]
INFO: Run Behavior\ParseTemplateBehavior [ RunTime:0.092006s ]
INFO: [ view_parse ] --END-- [ RunTime:0.092006s ]
INFO: [ view_filter ] --START--
INFO: Run Behavior\WriteHtmlCacheBehavior [ RunTime:0.002000s ]
INFO: [ view_filter ] --END-- [ RunTime:0.002000s ]
INFO: [ app_end ] --START--
INFO: Run Behavior\ShowPageTraceBehavior [ RunTime:0.006000s ]
INFO: [ app_end ] --END-- [ RunTime:0.007000s ]

[ 2017-01-17T22:03:51+08:00 ] 127.0.0.1 /hj/index.php/Home/Index/index/cid/2.html
INFO: [ app_init ] --START--
INFO: Run Behavior\BuildLiteBehavior [ RunTime:0.000000s ]
INFO: [ app_init ] --END-- [ RunTime:0.002000s ]
INFO: [ app_begin ] --START--
INFO: Run Behavior\ReadHtmlCacheBehavior [ RunTime:0.002000s ]
INFO: [ app_begin ] --END-- [ RunTime:0.002000s ]
SQL: SHOW COLUMNS FROM `article` [ RunTime:0.0080s ]
SQL: SELECT `aid`,`title`,`click`,`sendtime`,`update_time`,`thumb`,`digest`,`author`,`user_id`,`category_cid`,`is_recycle` FROM `article` INNER JOIN article_data ON article.aid = article_data.article_aid  WHERE `is_recycle` = 1 ORDER BY sendtime desc LIMIT 0,5   [ RunTime:0.0020s ]
SQL: SELECT COUNT(*) AS tp_count FROM `article` WHERE ( is_recycle=1 ) LIMIT 1   [ RunTime:0.0010s ]
SQL: SHOW COLUMNS FROM `article_tag` [ RunTime:0.0070s ]
SQL: SELECT `tag_tid` FROM `article_tag` WHERE `article_aid` = 23 LIMIT 1   [ RunTime:0.0010s ]
SQL: SHOW COLUMNS FROM `tag` [ RunTime:0.0080s ]
SQL: SELECT `tname` FROM `tag` WHERE `tid` = 3 LIMIT 1   [ RunTime:0.0010s ]
SQL: SELECT `tag_tid` FROM `article_tag` WHERE `article_aid` = 22 LIMIT 1   [ RunTime:0.0010s ]
SQL: SELECT `tname` FROM `tag` WHERE `tid` = 2 LIMIT 1   [ RunTime:0.0010s ]
SQL: SELECT `tag_tid` FROM `article_tag` WHERE `article_aid` = 21 LIMIT 1   [ RunTime:0.0010s ]
SQL: SELECT `tname` FROM `tag` WHERE `tid` = 6 LIMIT 1   [ RunTime:0.0010s ]
SQL: SELECT `tag_tid` FROM `article_tag` WHERE `article_aid` = 20 LIMIT 1   [ RunTime:0.0010s ]
SQL: SELECT `tname` FROM `tag` WHERE `tid` = 5 LIMIT 1   [ RunTime:0.0000s ]
SQL: SELECT `tag_tid` FROM `article_tag` WHERE `article_aid` = 19 LIMIT 1   [ RunTime:0.0010s ]
SQL: SELECT `tname` FROM `tag` WHERE `tid` = 1 LIMIT 1   [ RunTime:0.0010s ]
SQL: SELECT `aid`,`title`,`click`,`sendtime`,`update_time`,`thumb`,`digest`,`author`,`user_id`,`category_cid`,`is_recycle` FROM `article` INNER JOIN article_data ON article.aid = article_data.article_aid  WHERE `category_cid` = 2 AND `is_recycle` = 1 ORDER BY sendtime desc LIMIT 0,5   [ RunTime:0.0020s ]
SQL: SELECT COUNT(*) AS tp_count FROM `article` WHERE `is_recycle` = 1 AND `category_cid` = 2 LIMIT 1   [ RunTime:0.0000s ]
SQL: SELECT `tag_tid` FROM `article_tag` WHERE `article_aid` = 18 LIMIT 1   [ RunTime:0.0000s ]
SQL: SELECT `tname` FROM `tag` WHERE `tid` = 13 LIMIT 1   [ RunTime:0.0000s ]
SQL: SELECT `tag_tid` FROM `article_tag` WHERE `article_aid` = 17 LIMIT 1   [ RunTime:0.0000s ]
SQL: SELECT `tname` FROM `tag` WHERE `tid` = 4 LIMIT 1   [ RunTime:0.0010s ]
SQL: SHOW COLUMNS FROM `category` [ RunTime:0.0070s ]
SQL: SELECT `cname` FROM `category` WHERE `cid` = 2 LIMIT 1   [ RunTime:0.0010s ]
SQL: SELECT `cid`,`cname` FROM `category` ORDER BY csort desc  [ RunTime:0.0010s ]
SQL: SELECT * FROM `tag`  [ RunTime:0.0010s ]
SQL: SELECT * FROM `article` WHERE `is_recycle` = 1 ORDER BY click desc LIMIT 5   [ RunTime:0.0010s ]
INFO: [ view_parse ] --START--
INFO: [ template_filter ] --START--
INFO: Run Behavior\ContentReplaceBehavior [ RunTime:0.001000s ]
INFO: [ template_filter ] --END-- [ RunTime:0.001000s ]
INFO: Run Behavior\ParseTemplateBehavior [ RunTime:0.087005s ]
INFO: [ view_parse ] --END-- [ RunTime:0.088005s ]
INFO: [ view_filter ] --START--
INFO: Run Behavior\WriteHtmlCacheBehavior [ RunTime:0.002000s ]
INFO: [ view_filter ] --END-- [ RunTime:0.003000s ]
INFO: [ app_end ] --START--
INFO: Run Behavior\ShowPageTraceBehavior [ RunTime:0.006000s ]
INFO: [ app_end ] --END-- [ RunTime:0.006000s ]

